"../../../../GitHub/Level-Design-UE-Prototyping/Prototypes 4.21/Content/FirstPerson/Character/Mesh/SK_Mannequin_Arms_Skeleton.uasset" 0
"../../../../GitHub/Level-Design-UE-Prototyping/Prototypes 4.21/Content/FirstPerson/Animations/FirstPerson_Fire.uasset" 1
"../../../../GitHub/Level-Design-UE-Prototyping/Prototypes 4.21/Content/FirstPerson/Animations/FirstPersonFire_Montage.uasset" 2
"../../../../GitHub/Level-Design-UE-Prototyping/Prototypes 4.21/Content/FirstPerson/Animations/FirstPerson_Idle.uasset" 3
"../../../../GitHub/Level-Design-UE-Prototyping/Prototypes 4.21/Content/FirstPerson/Animations/FirstPerson_JumpEnd.uasset" 4
"../../../../GitHub/Level-Design-UE-Prototyping/Prototypes 4.21/Content/FirstPerson/Animations/FirstPerson_JumpLoop.uasset" 5
"../../../../GitHub/Level-Design-UE-Prototyping/Prototypes 4.21/Content/FirstPerson/Animations/FirstPerson_JumpStart.uasset" 6
"../../../../GitHub/Level-Design-UE-Prototyping/Prototypes 4.21/Content/FirstPerson/Animations/FirstPerson_Run.uasset" 7
"../../../Engine/Content/EditorBlueprintResources/StandardMacros.uasset" 8
"../../../../GitHub/Level-Design-UE-Prototyping/Prototypes 4.21/Content/FirstPerson/Animations/FirstPerson_AnimBP.uasset" 9
"../../../../GitHub/Level-Design-UE-Prototyping/Prototypes 4.21/Content/FirstPerson/Audio/FirstPersonTemplateWeaponFire02.uasset" 10
"../../../../GitHub/Level-Design-UE-Prototyping/Prototypes 4.21/Content/FirstPerson/Character/Textures/UE4_LOGO_CARD.uasset" 11
"../../../../GitHub/Level-Design-UE-Prototyping/Prototypes 4.21/Content/FirstPerson/FPWeapon/Materials/MaterialLayers/ML_Plastic_Shiny_Beige_LOGO.uasset" 12
"../../../../GitHub/Level-Design-UE-Prototyping/Prototypes 4.21/Content/FirstPerson/FPWeapon/Materials/MaterialLayers/T_ML_FineRubber.uasset" 13
"../../../../GitHub/Level-Design-UE-Prototyping/Prototypes 4.21/Content/FirstPerson/FPWeapon/Mesh/SK_FPGun_PhysicsAsset.uasset" 14
"../../../../GitHub/Level-Design-UE-Prototyping/Prototypes 4.21/Content/FirstPerson/Meshes/BaseMaterial.uasset" 15
"../../../../GitHub/Level-Design-UE-Prototyping/Prototypes 4.21/Content/FirstPerson/Meshes/CubeMaterialOverride.uasset" 16
"../../../Engine/Content/Functions/Engine_MaterialFunctions02/Utility/BlendAngleCorrectedNormals.uasset" 17
"../../../Engine/Content/Functions/MaterialLayerFunctions/MatLayerBlend_NormalBlend.uasset" 18
"../../../Engine/Content/Functions/MaterialLayerFunctions/MatLayerBlend_Simple.uasset" 19
"../../../../GitHub/Level-Design-UE-Prototyping/Prototypes 4.21/Content/FirstPerson/Character/Materials/MaterialLayers/T_ML_Rubber_Blue_01_D.uasset" 20
"../../../../GitHub/Level-Design-UE-Prototyping/Prototypes 4.21/Content/FirstPerson/Character/Materials/MaterialLayers/T_ML_Rubber_Blue_01_N.uasset" 21
"../../../../GitHub/Level-Design-UE-Prototyping/Prototypes 4.21/Content/FirstPerson/Character/Materials/MaterialLayers/ML_GlossyBlack_Latex_UE4.uasset" 22
"../../../../GitHub/Level-Design-UE-Prototyping/Prototypes 4.21/Content/FirstPerson/Character/Materials/MaterialLayers/ML_Plastic_Shiny_Beige.uasset" 23
"../../../../GitHub/Level-Design-UE-Prototyping/Prototypes 4.21/Content/FirstPerson/Character/Materials/MaterialLayers/ML_Plastic_Shiny_Beige_LOGO.uasset" 24
"../../../../GitHub/Level-Design-UE-Prototyping/Prototypes 4.21/Content/FirstPerson/Character/Materials/MaterialLayers/T_ML_Aluminum01.uasset" 25
"../../../../GitHub/Level-Design-UE-Prototyping/Prototypes 4.21/Content/FirstPerson/Character/Materials/MaterialLayers/T_ML_Aluminum01_N.uasset" 26
"../../../../GitHub/Level-Design-UE-Prototyping/Prototypes 4.21/Content/FirstPerson/Character/Materials/MaterialLayers/ML_SoftMetal_UE4.uasset" 27
"../../../../GitHub/Level-Design-UE-Prototyping/Prototypes 4.21/Content/FirstPerson/Character/Textures/UE4_Mannequin__normals.uasset" 28
"../../../../GitHub/Level-Design-UE-Prototyping/Prototypes 4.21/Content/FirstPerson/Character/Textures/UE4_Mannequin_MAT_MASKA.uasset" 29
"../../../../GitHub/Level-Design-UE-Prototyping/Prototypes 4.21/Content/FirstPerson/Character/Materials/M_UE4Man_Body.uasset" 30
"../../../../GitHub/Level-Design-UE-Prototyping/Prototypes 4.21/Content/FirstPerson/Character/Mesh/SK_Mannequin_Arms_PhysicsAsset.uasset" 31
"../../../../GitHub/Level-Design-UE-Prototyping/Prototypes 4.21/Content/FirstPerson/Character/Mesh/SK_Mannequin_Arms.uasset" 32
"../../../../GitHub/Level-Design-UE-Prototyping/Prototypes 4.21/Content/FirstPerson/FPWeapon/Materials/MaterialLayers/T_ML_Rubber_Blue_01_D.uasset" 33
"../../../../GitHub/Level-Design-UE-Prototyping/Prototypes 4.21/Content/FirstPerson/FPWeapon/Materials/MaterialLayers/T_ML_Rubber_Blue_01_N.uasset" 34
"../../../../GitHub/Level-Design-UE-Prototyping/Prototypes 4.21/Content/FirstPerson/FPWeapon/Materials/MaterialLayers/ML_GlossyBlack_Latex_UE4.uasset" 35
"../../../../GitHub/Level-Design-UE-Prototyping/Prototypes 4.21/Content/FirstPerson/FPWeapon/Materials/MaterialLayers/ML_Plastic_Shiny_Beige.uasset" 36
"../../../../GitHub/Level-Design-UE-Prototyping/Prototypes 4.21/Content/FirstPerson/FPWeapon/Materials/MaterialLayers/ML_Screen.uasset" 37
"../../../../GitHub/Level-Design-UE-Prototyping/Prototypes 4.21/Content/FirstPerson/FPWeapon/Materials/MaterialLayers/T_ML_Aluminum01.uasset" 38
"../../../../GitHub/Level-Design-UE-Prototyping/Prototypes 4.21/Content/FirstPerson/FPWeapon/Materials/MaterialLayers/T_ML_Aluminum01_N.uasset" 39
"../../../../GitHub/Level-Design-UE-Prototyping/Prototypes 4.21/Content/FirstPerson/FPWeapon/Materials/MaterialLayers/ML_SoftMetal_UE4.uasset" 40
"../../../../GitHub/Level-Design-UE-Prototyping/Prototypes 4.21/Content/FirstPerson/FPWeapon/Textures/T_FPGun_M.uasset" 41
"../../../../GitHub/Level-Design-UE-Prototyping/Prototypes 4.21/Content/FirstPerson/FPWeapon/Textures/T_FPGun_N.uasset" 42
"../../../../GitHub/Level-Design-UE-Prototyping/Prototypes 4.21/Content/FirstPerson/FPWeapon/Materials/M_FPGun.uasset" 43
"../../../../GitHub/Level-Design-UE-Prototyping/Prototypes 4.21/Content/FirstPerson/FPWeapon/Mesh/SK_FPGun_Skeleton.uasset" 44
"../../../../GitHub/Level-Design-UE-Prototyping/Prototypes 4.21/Content/FirstPerson/FPWeapon/Mesh/SK_FPGun.uasset" 45
"../../../../GitHub/Level-Design-UE-Prototyping/Prototypes 4.21/Content/FirstPersonBP/Blueprints/FirstPersonCharacter.uasset" 46
"../../../../GitHub/Level-Design-UE-Prototyping/Prototypes 4.21/Content/FirstPerson/Textures/FirstPersonCrosshair.uasset" 47
"../../../../GitHub/Level-Design-UE-Prototyping/Prototypes 4.21/Content/FirstPersonBP/Blueprints/FirstPersonHUD.uasset" 48
"../../../../GitHub/Level-Design-UE-Prototyping/Prototypes 4.21/Content/FirstPersonBP/Blueprints/FirstPersonGameMode.uasset" 49
"../../../../GitHub/Level-Design-UE-Prototyping/Prototypes 4.21/Content/FirstPerson/Meshes/FirstPersonProjectileMaterial.uasset" 50
"../../../../GitHub/Level-Design-UE-Prototyping/Prototypes 4.21/Content/FirstPerson/Meshes/FirstPersonProjectileMesh.uasset" 51
"../../../../GitHub/Level-Design-UE-Prototyping/Prototypes 4.21/Content/FirstPersonBP/Blueprints/FirstPersonProjectile.uasset" 52
"../../../../GitHub/Level-Design-UE-Prototyping/Prototypes 4.21/Content/ModularWeapons/Data/MaterialSlot.uasset" 53
"../../../../GitHub/Level-Design-UE-Prototyping/Prototypes 4.21/Content/ModularWeapons/Data/MaterialSet.uasset" 54
"../../../../GitHub/Level-Design-UE-Prototyping/Prototypes 4.21/Content/ModularWeapons/Data/WeaponPart.uasset" 55
"../../../../GitHub/Level-Design-UE-Prototyping/Prototypes 4.21/Content/ModularWeapons/Data/MaterialParameterNames.uasset" 56
"../../../../GitHub/Level-Design-UE-Prototyping/Prototypes 4.21/Content/ModularWeapons/Data/WeaponType.uasset" 57
"../../../../GitHub/Level-Design-UE-Prototyping/Prototypes 4.21/Content/ModularWeapons/Textures/Swords/Blades/Blades_01_normal.uasset" 58
"../../../../GitHub/Level-Design-UE-Prototyping/Prototypes 4.21/Content/ModularWeapons/Textures/Swords/Blades/Blades_01_PSED.uasset" 59
"../../../../GitHub/Level-Design-UE-Prototyping/Prototypes 4.21/Content/ModularWeapons/Textures/Swords/Blades/Blades_01_RAOD.uasset" 60
"../../../../GitHub/Level-Design-UE-Prototyping/Prototypes 4.21/Content/ModularWeapons/Materials/M_ModularWeapons_Master.uasset" 61
"../../../../GitHub/Level-Design-UE-Prototyping/Prototypes 4.21/Content/ModularWeapons/Materials/MI_Sword_Blade_01.uasset" 62
"../../../../GitHub/Level-Design-UE-Prototyping/Prototypes 4.21/Content/ModularWeapons/Meshes/Swords/Blades/Sword_Blade_01.uasset" 63
"../../../../GitHub/Level-Design-UE-Prototyping/Prototypes 4.21/Content/ModularWeapons/Textures/Swords/Blades/Blades_02_normal.uasset" 64
"../../../../GitHub/Level-Design-UE-Prototyping/Prototypes 4.21/Content/ModularWeapons/Textures/Swords/Blades/Blades_02_RAOD.uasset" 65
"../../../../GitHub/Level-Design-UE-Prototyping/Prototypes 4.21/Content/ModularWeapons/Textures/Swords/Blades/Blades_07_PSED.uasset" 66
"../../../../GitHub/Level-Design-UE-Prototyping/Prototypes 4.21/Content/ModularWeapons/Materials/MI_Sword_Blade_02.uasset" 67
"../../../../GitHub/Level-Design-UE-Prototyping/Prototypes 4.21/Content/ModularWeapons/Meshes/Swords/Blades/Sword_Blade_02.uasset" 68
"../../../../GitHub/Level-Design-UE-Prototyping/Prototypes 4.21/Content/ModularWeapons/Textures/Swords/Blades/Blades_03_normal.uasset" 69
"../../../../GitHub/Level-Design-UE-Prototyping/Prototypes 4.21/Content/ModularWeapons/Textures/Swords/Blades/Blades_03_PSED.uasset" 70
"../../../../GitHub/Level-Design-UE-Prototyping/Prototypes 4.21/Content/ModularWeapons/Textures/Swords/Blades/Blades_03_RAOD.uasset" 71
"../../../../GitHub/Level-Design-UE-Prototyping/Prototypes 4.21/Content/ModularWeapons/Materials/MI_Sword_Blade_03.uasset" 72
"../../../../GitHub/Level-Design-UE-Prototyping/Prototypes 4.21/Content/ModularWeapons/Meshes/Swords/Blades/sword_blade_03.uasset" 73
"../../../../GitHub/Level-Design-UE-Prototyping/Prototypes 4.21/Content/ModularWeapons/Textures/Swords/Blades/Blades_04_normal.uasset" 74
"../../../../GitHub/Level-Design-UE-Prototyping/Prototypes 4.21/Content/ModularWeapons/Textures/Swords/Blades/Blades_04_PSED.uasset" 75
"../../../../GitHub/Level-Design-UE-Prototyping/Prototypes 4.21/Content/ModularWeapons/Textures/Swords/Blades/Blades_04_RAOD.uasset" 76
"../../../../GitHub/Level-Design-UE-Prototyping/Prototypes 4.21/Content/ModularWeapons/Materials/MI_Sword_Blade_04.uasset" 77
"../../../../GitHub/Level-Design-UE-Prototyping/Prototypes 4.21/Content/ModularWeapons/Meshes/Swords/Blades/sword_blade_04.uasset" 78
"../../../../GitHub/Level-Design-UE-Prototyping/Prototypes 4.21/Content/ModularWeapons/Textures/Swords/Blades/Blades_05_normal.uasset" 79
"../../../../GitHub/Level-Design-UE-Prototyping/Prototypes 4.21/Content/ModularWeapons/Textures/Swords/Blades/Blades_05_PSED.uasset" 80
"../../../../GitHub/Level-Design-UE-Prototyping/Prototypes 4.21/Content/ModularWeapons/Textures/Swords/Blades/Blades_05_RAOD.uasset" 81
"../../../../GitHub/Level-Design-UE-Prototyping/Prototypes 4.21/Content/ModularWeapons/Materials/MI_Sword_Blade_05.uasset" 82
"../../../../GitHub/Level-Design-UE-Prototyping/Prototypes 4.21/Content/ModularWeapons/Meshes/Swords/Blades/sword_blade_05.uasset" 83
"../../../../GitHub/Level-Design-UE-Prototyping/Prototypes 4.21/Content/ModularWeapons/Textures/Swords/Blades/Blades_06_normal.uasset" 84
"../../../../GitHub/Level-Design-UE-Prototyping/Prototypes 4.21/Content/ModularWeapons/Textures/Swords/Blades/Blades_06_PSED.uasset" 85
"../../../../GitHub/Level-Design-UE-Prototyping/Prototypes 4.21/Content/ModularWeapons/Textures/Swords/Blades/Blades_06_RAOD.uasset" 86
"../../../../GitHub/Level-Design-UE-Prototyping/Prototypes 4.21/Content/ModularWeapons/Materials/MI_Sword_Blade_06.uasset" 87
"../../../../GitHub/Level-Design-UE-Prototyping/Prototypes 4.21/Content/ModularWeapons/Meshes/Swords/Blades/Sword_Blade_06.uasset" 88
"../../../../GitHub/Level-Design-UE-Prototyping/Prototypes 4.21/Content/ModularWeapons/Textures/Swords/Blades/Blades_07_normal.uasset" 89
"../../../../GitHub/Level-Design-UE-Prototyping/Prototypes 4.21/Content/ModularWeapons/Textures/Swords/Blades/Blades_07_RAOD.uasset" 90
"../../../../GitHub/Level-Design-UE-Prototyping/Prototypes 4.21/Content/ModularWeapons/Materials/MI_Sword_Blade_07.uasset" 91
"../../../../GitHub/Level-Design-UE-Prototyping/Prototypes 4.21/Content/ModularWeapons/Meshes/Swords/Blades/Sword_Blade_07.uasset" 92
"../../../../GitHub/Level-Design-UE-Prototyping/Prototypes 4.21/Content/ModularWeapons/Textures/Swords/Blades/Blades_08_normal.uasset" 93
"../../../../GitHub/Level-Design-UE-Prototyping/Prototypes 4.21/Content/ModularWeapons/Textures/Swords/Blades/Blades_08_PSED.uasset" 94
"../../../../GitHub/Level-Design-UE-Prototyping/Prototypes 4.21/Content/ModularWeapons/Textures/Swords/Blades/Blades_08_RAOD.uasset" 95
"../../../../GitHub/Level-Design-UE-Prototyping/Prototypes 4.21/Content/ModularWeapons/Materials/MI_Sword_Blade_08.uasset" 96
"../../../../GitHub/Level-Design-UE-Prototyping/Prototypes 4.21/Content/ModularWeapons/Meshes/Swords/Blades/Sword_Blade_08.uasset" 97
"../../../../GitHub/Level-Design-UE-Prototyping/Prototypes 4.21/Content/ModularWeapons/Textures/Swords/Crossguards/Crossguards_01_normal.uasset" 98
"../../../../GitHub/Level-Design-UE-Prototyping/Prototypes 4.21/Content/ModularWeapons/Textures/Swords/Crossguards/Crossguards_01_PSED.uasset" 99
"../../../../GitHub/Level-Design-UE-Prototyping/Prototypes 4.21/Content/ModularWeapons/Textures/Swords/Crossguards/Crossguards_01_RAOD.uasset" 100
"../../../../GitHub/Level-Design-UE-Prototyping/Prototypes 4.21/Content/ModularWeapons/Materials/MI_Sword_Crossguard_01.uasset" 101
"../../../../GitHub/Level-Design-UE-Prototyping/Prototypes 4.21/Content/ModularWeapons/Meshes/Swords/Crossguards/Sword_crossguard_01.uasset" 102
"../../../../GitHub/Level-Design-UE-Prototyping/Prototypes 4.21/Content/ModularWeapons/Textures/Swords/Crossguards/Crossguards_10_normal.uasset" 103
"../../../../GitHub/Level-Design-UE-Prototyping/Prototypes 4.21/Content/ModularWeapons/Textures/Swords/Crossguards/Crossguards_10_PSED.uasset" 104
"../../../../GitHub/Level-Design-UE-Prototyping/Prototypes 4.21/Content/ModularWeapons/Textures/Swords/Crossguards/Crossguards_10_RAOD.uasset" 105
"../../../../GitHub/Level-Design-UE-Prototyping/Prototypes 4.21/Content/ModularWeapons/Materials/MI_Sword_Crossguard_010.uasset" 106
"../../../../GitHub/Level-Design-UE-Prototyping/Prototypes 4.21/Content/ModularWeapons/Meshes/Swords/Crossguards/Sword_Crossguard_010.uasset" 107
"../../../../GitHub/Level-Design-UE-Prototyping/Prototypes 4.21/Content/ModularWeapons/Textures/Swords/Crossguards/Crossguards_11_normal.uasset" 108
"../../../../GitHub/Level-Design-UE-Prototyping/Prototypes 4.21/Content/ModularWeapons/Textures/Swords/Crossguards/Crossguards_11_PSED.uasset" 109
"../../../../GitHub/Level-Design-UE-Prototyping/Prototypes 4.21/Content/ModularWeapons/Textures/Swords/Crossguards/Crossguards_11_RAOD.uasset" 110
"../../../../GitHub/Level-Design-UE-Prototyping/Prototypes 4.21/Content/ModularWeapons/Materials/MI_Sword_Crossguard_011.uasset" 111
"../../../../GitHub/Level-Design-UE-Prototyping/Prototypes 4.21/Content/ModularWeapons/Meshes/Swords/Crossguards/Sword_Crossguard_011.uasset" 112
"../../../../GitHub/Level-Design-UE-Prototyping/Prototypes 4.21/Content/ModularWeapons/Textures/Swords/Crossguards/Crossguards_02_normal.uasset" 113
"../../../../GitHub/Level-Design-UE-Prototyping/Prototypes 4.21/Content/ModularWeapons/Textures/Swords/Crossguards/Crossguards_02_PSED.uasset" 114
"../../../../GitHub/Level-Design-UE-Prototyping/Prototypes 4.21/Content/ModularWeapons/Textures/Swords/Crossguards/Crossguards_02_RAOD.uasset" 115
"../../../../GitHub/Level-Design-UE-Prototyping/Prototypes 4.21/Content/ModularWeapons/Materials/MI_Sword_Crossguard_02.uasset" 116
"../../../../GitHub/Level-Design-UE-Prototyping/Prototypes 4.21/Content/ModularWeapons/Meshes/Swords/Crossguards/sword_crossguard_02.uasset" 117
"../../../../GitHub/Level-Design-UE-Prototyping/Prototypes 4.21/Content/ModularWeapons/Textures/Swords/Crossguards/Crossguards_03_normal.uasset" 118
"../../../../GitHub/Level-Design-UE-Prototyping/Prototypes 4.21/Content/ModularWeapons/Textures/Swords/Crossguards/Crossguards_03_PSED.uasset" 119
"../../../../GitHub/Level-Design-UE-Prototyping/Prototypes 4.21/Content/ModularWeapons/Textures/Swords/Crossguards/Crossguards_03_RAOD.uasset" 120
"../../../../GitHub/Level-Design-UE-Prototyping/Prototypes 4.21/Content/ModularWeapons/Materials/MI_Sword_Crossguard_03.uasset" 121
"../../../../GitHub/Level-Design-UE-Prototyping/Prototypes 4.21/Content/ModularWeapons/Meshes/Swords/Crossguards/sword_crossguard_03.uasset" 122
"../../../../GitHub/Level-Design-UE-Prototyping/Prototypes 4.21/Content/ModularWeapons/Textures/Swords/Crossguards/Crossguards_04_normal.uasset" 123
"../../../../GitHub/Level-Design-UE-Prototyping/Prototypes 4.21/Content/ModularWeapons/Textures/Swords/Crossguards/Crossguards_04_PSED.uasset" 124
"../../../../GitHub/Level-Design-UE-Prototyping/Prototypes 4.21/Content/ModularWeapons/Textures/Swords/Crossguards/Crossguards_04_RAOD.uasset" 125
"../../../../GitHub/Level-Design-UE-Prototyping/Prototypes 4.21/Content/ModularWeapons/Materials/MI_Sword_Crossguard_04.uasset" 126
"../../../../GitHub/Level-Design-UE-Prototyping/Prototypes 4.21/Content/ModularWeapons/Meshes/Swords/Crossguards/sword_crossguard_04.uasset" 127
"../../../../GitHub/Level-Design-UE-Prototyping/Prototypes 4.21/Content/ModularWeapons/Textures/Swords/Crossguards/Crossguards_05_normal.uasset" 128
"../../../../GitHub/Level-Design-UE-Prototyping/Prototypes 4.21/Content/ModularWeapons/Textures/Swords/Crossguards/Crossguards_05_PSED.uasset" 129
"../../../../GitHub/Level-Design-UE-Prototyping/Prototypes 4.21/Content/ModularWeapons/Textures/Swords/Crossguards/Crossguards_05_RAOD.uasset" 130
"../../../../GitHub/Level-Design-UE-Prototyping/Prototypes 4.21/Content/ModularWeapons/Materials/MI_Sword_Crossguard_05.uasset" 131
"../../../../GitHub/Level-Design-UE-Prototyping/Prototypes 4.21/Content/ModularWeapons/Meshes/Swords/Crossguards/sword_crossguard_05.uasset" 132
"../../../../GitHub/Level-Design-UE-Prototyping/Prototypes 4.21/Content/ModularWeapons/Textures/Swords/Crossguards/Crossguards_06_normal.uasset" 133
"../../../../GitHub/Level-Design-UE-Prototyping/Prototypes 4.21/Content/ModularWeapons/Textures/Swords/Crossguards/Crossguards_06_PSED.uasset" 134
"../../../../GitHub/Level-Design-UE-Prototyping/Prototypes 4.21/Content/ModularWeapons/Textures/Swords/Crossguards/Crossguards_06_RAOD.uasset" 135
"../../../../GitHub/Level-Design-UE-Prototyping/Prototypes 4.21/Content/ModularWeapons/Materials/MI_Sword_Crossguard_06.uasset" 136
"../../../../GitHub/Level-Design-UE-Prototyping/Prototypes 4.21/Content/ModularWeapons/Meshes/Swords/Crossguards/Sword_crossguard_06.uasset" 137
"../../../../GitHub/Level-Design-UE-Prototyping/Prototypes 4.21/Content/ModularWeapons/Textures/Swords/Crossguards/Crossguards_07_normal.uasset" 138
"../../../../GitHub/Level-Design-UE-Prototyping/Prototypes 4.21/Content/ModularWeapons/Textures/Swords/Crossguards/Crossguards_07_PSED.uasset" 139
"../../../../GitHub/Level-Design-UE-Prototyping/Prototypes 4.21/Content/ModularWeapons/Textures/Swords/Crossguards/Crossguards_07_RAOD.uasset" 140
"../../../../GitHub/Level-Design-UE-Prototyping/Prototypes 4.21/Content/ModularWeapons/Materials/MI_Sword_Crossguard_07.uasset" 141
"../../../../GitHub/Level-Design-UE-Prototyping/Prototypes 4.21/Content/ModularWeapons/Meshes/Swords/Crossguards/Sword_Crossguard_07.uasset" 142
"../../../../GitHub/Level-Design-UE-Prototyping/Prototypes 4.21/Content/ModularWeapons/Textures/Swords/Crossguards/Crossguards_08_normal.uasset" 143
"../../../../GitHub/Level-Design-UE-Prototyping/Prototypes 4.21/Content/ModularWeapons/Textures/Swords/Crossguards/Crossguards_08_PSED.uasset" 144
"../../../../GitHub/Level-Design-UE-Prototyping/Prototypes 4.21/Content/ModularWeapons/Textures/Swords/Crossguards/Crossguards_08_RAOD.uasset" 145
"../../../../GitHub/Level-Design-UE-Prototyping/Prototypes 4.21/Content/ModularWeapons/Materials/MI_Sword_Crossguard_08.uasset" 146
"../../../../GitHub/Level-Design-UE-Prototyping/Prototypes 4.21/Content/ModularWeapons/Meshes/Swords/Crossguards/Sword_crossguard_08.uasset" 147
"../../../../GitHub/Level-Design-UE-Prototyping/Prototypes 4.21/Content/ModularWeapons/Textures/Swords/Crossguards/Crossguards_09_normal.uasset" 148
"../../../../GitHub/Level-Design-UE-Prototyping/Prototypes 4.21/Content/ModularWeapons/Textures/Swords/Crossguards/Crossguards_09_PSED.uasset" 149
"../../../../GitHub/Level-Design-UE-Prototyping/Prototypes 4.21/Content/ModularWeapons/Textures/Swords/Crossguards/Crossguards_09_RAOD.uasset" 150
"../../../../GitHub/Level-Design-UE-Prototyping/Prototypes 4.21/Content/ModularWeapons/Materials/MI_Sword_Crossguard_09.uasset" 151
"../../../../GitHub/Level-Design-UE-Prototyping/Prototypes 4.21/Content/ModularWeapons/Meshes/Swords/Crossguards/Sword_crossguard_09.uasset" 152
"../../../../GitHub/Level-Design-UE-Prototyping/Prototypes 4.21/Content/ModularWeapons/Textures/Swords/Hilts/Hilts_01_normal.uasset" 153
"../../../../GitHub/Level-Design-UE-Prototyping/Prototypes 4.21/Content/ModularWeapons/Textures/Swords/Hilts/Hilts_01_PSED.uasset" 154
"../../../../GitHub/Level-Design-UE-Prototyping/Prototypes 4.21/Content/ModularWeapons/Textures/Swords/Hilts/Hilts_01_RAOD.uasset" 155
"../../../../GitHub/Level-Design-UE-Prototyping/Prototypes 4.21/Content/ModularWeapons/Materials/MI_Sword_Hilt_01.uasset" 156
"../../../../GitHub/Level-Design-UE-Prototyping/Prototypes 4.21/Content/ModularWeapons/Meshes/Swords/Hilts/Sword_hilt_01.uasset" 157
"../../../../GitHub/Level-Design-UE-Prototyping/Prototypes 4.21/Content/ModularWeapons/Textures/Swords/Hilts/Hilts_10_normal.uasset" 158
"../../../../GitHub/Level-Design-UE-Prototyping/Prototypes 4.21/Content/ModularWeapons/Textures/Swords/Hilts/Hilts_10_PSED.uasset" 159
"../../../../GitHub/Level-Design-UE-Prototyping/Prototypes 4.21/Content/ModularWeapons/Textures/Swords/Hilts/Hilts_10_RAOD.uasset" 160
"../../../../GitHub/Level-Design-UE-Prototyping/Prototypes 4.21/Content/ModularWeapons/Materials/MI_Sword_Hilt_10.uasset" 161
"../../../../GitHub/Level-Design-UE-Prototyping/Prototypes 4.21/Content/ModularWeapons/Meshes/Swords/Hilts/Sword_hilt_010.uasset" 162
"../../../../GitHub/Level-Design-UE-Prototyping/Prototypes 4.21/Content/ModularWeapons/Textures/Swords/Hilts/Hilts_11_normal.uasset" 163
"../../../../GitHub/Level-Design-UE-Prototyping/Prototypes 4.21/Content/ModularWeapons/Textures/Swords/Hilts/Hilts_11_PSED.uasset" 164
"../../../../GitHub/Level-Design-UE-Prototyping/Prototypes 4.21/Content/ModularWeapons/Textures/Swords/Hilts/Hilts_11_RAOD.uasset" 165
"../../../../GitHub/Level-Design-UE-Prototyping/Prototypes 4.21/Content/ModularWeapons/Materials/MI_Sword_Hilt_11.uasset" 166
"../../../../GitHub/Level-Design-UE-Prototyping/Prototypes 4.21/Content/ModularWeapons/Meshes/Swords/Hilts/Sword_hilt_011.uasset" 167
"../../../../GitHub/Level-Design-UE-Prototyping/Prototypes 4.21/Content/ModularWeapons/Meshes/Swords/Hilts/sword_hilt_02.uasset" 168
"../../../../GitHub/Level-Design-UE-Prototyping/Prototypes 4.21/Content/ModularWeapons/Meshes/Swords/Hilts/sword_hilt_03.uasset" 169
"../../../../GitHub/Level-Design-UE-Prototyping/Prototypes 4.21/Content/ModularWeapons/Meshes/Swords/Hilts/sword_hilt_04.uasset" 170
"../../../../GitHub/Level-Design-UE-Prototyping/Prototypes 4.21/Content/ModularWeapons/Meshes/Swords/Hilts/sword_hilt_05.uasset" 171
"../../../../GitHub/Level-Design-UE-Prototyping/Prototypes 4.21/Content/ModularWeapons/Textures/Swords/Hilts/Hilts_06_normal.uasset" 172
"../../../../GitHub/Level-Design-UE-Prototyping/Prototypes 4.21/Content/ModularWeapons/Textures/Swords/Hilts/Hilts_06_PSED.uasset" 173
"../../../../GitHub/Level-Design-UE-Prototyping/Prototypes 4.21/Content/ModularWeapons/Textures/Swords/Hilts/Hilts_06_RAOD.uasset" 174
"../../../../GitHub/Level-Design-UE-Prototyping/Prototypes 4.21/Content/ModularWeapons/Materials/MI_Sword_Hilt_06.uasset" 175
"../../../../GitHub/Level-Design-UE-Prototyping/Prototypes 4.21/Content/ModularWeapons/Meshes/Swords/Hilts/Sword_hilt_06.uasset" 176
"../../../../GitHub/Level-Design-UE-Prototyping/Prototypes 4.21/Content/ModularWeapons/Textures/Swords/Hilts/Hilts_07_normal.uasset" 177
"../../../../GitHub/Level-Design-UE-Prototyping/Prototypes 4.21/Content/ModularWeapons/Textures/Swords/Hilts/Hilts_07_PSED.uasset" 178
"../../../../GitHub/Level-Design-UE-Prototyping/Prototypes 4.21/Content/ModularWeapons/Textures/Swords/Hilts/Hilts_07_RAOD.uasset" 179
"../../../../GitHub/Level-Design-UE-Prototyping/Prototypes 4.21/Content/ModularWeapons/Materials/MI_Sword_Hilt_07.uasset" 180
"../../../../GitHub/Level-Design-UE-Prototyping/Prototypes 4.21/Content/ModularWeapons/Meshes/Swords/Hilts/Sword_hilt_07.uasset" 181
"../../../../GitHub/Level-Design-UE-Prototyping/Prototypes 4.21/Content/ModularWeapons/Textures/Swords/Hilts/Hilts_08_normal.uasset" 182
"../../../../GitHub/Level-Design-UE-Prototyping/Prototypes 4.21/Content/ModularWeapons/Textures/Swords/Hilts/Hilts_08_PSED.uasset" 183
"../../../../GitHub/Level-Design-UE-Prototyping/Prototypes 4.21/Content/ModularWeapons/Textures/Swords/Hilts/Hilts_08_RAOD.uasset" 184
"../../../../GitHub/Level-Design-UE-Prototyping/Prototypes 4.21/Content/ModularWeapons/Materials/MI_Sword_Hilt_08.uasset" 185
"../../../../GitHub/Level-Design-UE-Prototyping/Prototypes 4.21/Content/ModularWeapons/Meshes/Swords/Hilts/Sword_hilt_08.uasset" 186
"../../../../GitHub/Level-Design-UE-Prototyping/Prototypes 4.21/Content/ModularWeapons/Textures/Swords/Hilts/Hilts_09_normal.uasset" 187
"../../../../GitHub/Level-Design-UE-Prototyping/Prototypes 4.21/Content/ModularWeapons/Textures/Swords/Hilts/Hilts_09_PSED.uasset" 188
"../../../../GitHub/Level-Design-UE-Prototyping/Prototypes 4.21/Content/ModularWeapons/Textures/Swords/Hilts/Hilts_09_RAOD.uasset" 189
"../../../../GitHub/Level-Design-UE-Prototyping/Prototypes 4.21/Content/ModularWeapons/Materials/MI_Sword_Hilt_09.uasset" 190
"../../../../GitHub/Level-Design-UE-Prototyping/Prototypes 4.21/Content/ModularWeapons/Meshes/Swords/Hilts/Sword_hilt_09.uasset" 191
"../../../../GitHub/Level-Design-UE-Prototyping/Prototypes 4.21/Content/ModularWeapons/Textures/Swords/Pommels/Pommel_01_normal.uasset" 192
"../../../../GitHub/Level-Design-UE-Prototyping/Prototypes 4.21/Content/ModularWeapons/Textures/Swords/Pommels/Pommel_01_PSED.uasset" 193
"../../../../GitHub/Level-Design-UE-Prototyping/Prototypes 4.21/Content/ModularWeapons/Textures/Swords/Pommels/Pommel_01_RAOD.uasset" 194
"../../../../GitHub/Level-Design-UE-Prototyping/Prototypes 4.21/Content/ModularWeapons/Materials/MI_Sword_Pommel_01.uasset" 195
"../../../../GitHub/Level-Design-UE-Prototyping/Prototypes 4.21/Content/ModularWeapons/Meshes/Swords/Pommels/Sword_pommel_01.uasset" 196
"../../../../GitHub/Level-Design-UE-Prototyping/Prototypes 4.21/Content/ModularWeapons/Textures/Swords/Pommels/Pommel_10_normal.uasset" 197
"../../../../GitHub/Level-Design-UE-Prototyping/Prototypes 4.21/Content/ModularWeapons/Textures/Swords/Pommels/Pommel_10_PSED.uasset" 198
"../../../../GitHub/Level-Design-UE-Prototyping/Prototypes 4.21/Content/ModularWeapons/Textures/Swords/Pommels/Pommel_10_RAOD.uasset" 199
"../../../../GitHub/Level-Design-UE-Prototyping/Prototypes 4.21/Content/ModularWeapons/Materials/MI_Sword_Pommel_10.uasset" 200
"../../../../GitHub/Level-Design-UE-Prototyping/Prototypes 4.21/Content/ModularWeapons/Meshes/Swords/Pommels/Sword_pommel_010.uasset" 201
"../../../../GitHub/Level-Design-UE-Prototyping/Prototypes 4.21/Content/ModularWeapons/Textures/Swords/Pommels/Pommel_11_normal.uasset" 202
"../../../../GitHub/Level-Design-UE-Prototyping/Prototypes 4.21/Content/ModularWeapons/Textures/Swords/Pommels/Pommel_11_PSED.uasset" 203
"../../../../GitHub/Level-Design-UE-Prototyping/Prototypes 4.21/Content/ModularWeapons/Textures/Swords/Pommels/Pommel_11_RAOD.uasset" 204
"../../../../GitHub/Level-Design-UE-Prototyping/Prototypes 4.21/Content/ModularWeapons/Materials/MI_Sword_Pommel_11.uasset" 205
"../../../../GitHub/Level-Design-UE-Prototyping/Prototypes 4.21/Content/ModularWeapons/Meshes/Swords/Pommels/Sword_pommel_011.uasset" 206
"../../../../GitHub/Level-Design-UE-Prototyping/Prototypes 4.21/Content/ModularWeapons/Textures/Swords/Pommels/Pommel_12_normal.uasset" 207
"../../../../GitHub/Level-Design-UE-Prototyping/Prototypes 4.21/Content/ModularWeapons/Textures/Swords/Pommels/Pommel_12_PSED.uasset" 208
"../../../../GitHub/Level-Design-UE-Prototyping/Prototypes 4.21/Content/ModularWeapons/Textures/Swords/Pommels/Pommel_12_RAOD.uasset" 209
"../../../../GitHub/Level-Design-UE-Prototyping/Prototypes 4.21/Content/ModularWeapons/Materials/MI_Sword_Pommel_12.uasset" 210
"../../../../GitHub/Level-Design-UE-Prototyping/Prototypes 4.21/Content/ModularWeapons/Meshes/Swords/Pommels/Sword_pommel_012.uasset" 211
"../../../../GitHub/Level-Design-UE-Prototyping/Prototypes 4.21/Content/ModularWeapons/Textures/Swords/Pommels/Pommel_13_normal.uasset" 212
"../../../../GitHub/Level-Design-UE-Prototyping/Prototypes 4.21/Content/ModularWeapons/Textures/Swords/Pommels/Pommel_13_PSED.uasset" 213
"../../../../GitHub/Level-Design-UE-Prototyping/Prototypes 4.21/Content/ModularWeapons/Textures/Swords/Pommels/Pommel_13_RAOD.uasset" 214
"../../../../GitHub/Level-Design-UE-Prototyping/Prototypes 4.21/Content/ModularWeapons/Materials/MI_Sword_Pommel_13.uasset" 215
"../../../../GitHub/Level-Design-UE-Prototyping/Prototypes 4.21/Content/ModularWeapons/Meshes/Swords/Pommels/Sword_pommel_013.uasset" 216
"../../../../GitHub/Level-Design-UE-Prototyping/Prototypes 4.21/Content/ModularWeapons/Textures/Swords/Pommels/Pommel_14_normal.uasset" 217
"../../../../GitHub/Level-Design-UE-Prototyping/Prototypes 4.21/Content/ModularWeapons/Textures/Swords/Pommels/Pommel_14_PSED.uasset" 218
"../../../../GitHub/Level-Design-UE-Prototyping/Prototypes 4.21/Content/ModularWeapons/Textures/Swords/Pommels/Pommel_14_RAOD.uasset" 219
"../../../../GitHub/Level-Design-UE-Prototyping/Prototypes 4.21/Content/ModularWeapons/Materials/MI_Sword_Pommel_14.uasset" 220
"../../../../GitHub/Level-Design-UE-Prototyping/Prototypes 4.21/Content/ModularWeapons/Meshes/Swords/Pommels/sword_pommel_014.uasset" 221
"../../../../GitHub/Level-Design-UE-Prototyping/Prototypes 4.21/Content/ModularWeapons/Textures/Swords/Pommels/Pommel_02_normal.uasset" 222
"../../../../GitHub/Level-Design-UE-Prototyping/Prototypes 4.21/Content/ModularWeapons/Textures/Swords/Pommels/Pommel_02_PSED.uasset" 223
"../../../../GitHub/Level-Design-UE-Prototyping/Prototypes 4.21/Content/ModularWeapons/Textures/Swords/Pommels/Pommel_02_RAOD.uasset" 224
"../../../../GitHub/Level-Design-UE-Prototyping/Prototypes 4.21/Content/ModularWeapons/Materials/MI_Sword_Pommel_02.uasset" 225
"../../../../GitHub/Level-Design-UE-Prototyping/Prototypes 4.21/Content/ModularWeapons/Meshes/Swords/Pommels/Sword_pommel_02.uasset" 226
"../../../../GitHub/Level-Design-UE-Prototyping/Prototypes 4.21/Content/ModularWeapons/Textures/Swords/Pommels/Pommel_03_normal.uasset" 227
"../../../../GitHub/Level-Design-UE-Prototyping/Prototypes 4.21/Content/ModularWeapons/Textures/Swords/Pommels/Pommel_03_PSED.uasset" 228
"../../../../GitHub/Level-Design-UE-Prototyping/Prototypes 4.21/Content/ModularWeapons/Textures/Swords/Pommels/Pommel_03_RAOD.uasset" 229
"../../../../GitHub/Level-Design-UE-Prototyping/Prototypes 4.21/Content/ModularWeapons/Materials/MI_Sword_Pommel_03.uasset" 230
"../../../../GitHub/Level-Design-UE-Prototyping/Prototypes 4.21/Content/ModularWeapons/Meshes/Swords/Pommels/Sword_pommel_03.uasset" 231
"../../../../GitHub/Level-Design-UE-Prototyping/Prototypes 4.21/Content/ModularWeapons/Textures/Swords/Pommels/Pommel_04_normal.uasset" 232
"../../../../GitHub/Level-Design-UE-Prototyping/Prototypes 4.21/Content/ModularWeapons/Textures/Swords/Pommels/Pommel_04_PSED.uasset" 233
"../../../../GitHub/Level-Design-UE-Prototyping/Prototypes 4.21/Content/ModularWeapons/Textures/Swords/Pommels/Pommel_04_RAOD.uasset" 234
"../../../../GitHub/Level-Design-UE-Prototyping/Prototypes 4.21/Content/ModularWeapons/Materials/MI_Sword_Pommel_04.uasset" 235
"../../../../GitHub/Level-Design-UE-Prototyping/Prototypes 4.21/Content/ModularWeapons/Meshes/Swords/Pommels/Sword_pommel_04.uasset" 236
"../../../../GitHub/Level-Design-UE-Prototyping/Prototypes 4.21/Content/ModularWeapons/Textures/Swords/Pommels/Pommel_05_normal.uasset" 237
"../../../../GitHub/Level-Design-UE-Prototyping/Prototypes 4.21/Content/ModularWeapons/Textures/Swords/Pommels/Pommel_05_PSED.uasset" 238
"../../../../GitHub/Level-Design-UE-Prototyping/Prototypes 4.21/Content/ModularWeapons/Textures/Swords/Pommels/Pommel_05_RAOD.uasset" 239
"../../../../GitHub/Level-Design-UE-Prototyping/Prototypes 4.21/Content/ModularWeapons/Materials/MI_Sword_Pommel_05.uasset" 240
"../../../../GitHub/Level-Design-UE-Prototyping/Prototypes 4.21/Content/ModularWeapons/Meshes/Swords/Pommels/Sword_pommel_05.uasset" 241
"../../../../GitHub/Level-Design-UE-Prototyping/Prototypes 4.21/Content/ModularWeapons/Textures/Swords/Pommels/Pommel_06_normal.uasset" 242
"../../../../GitHub/Level-Design-UE-Prototyping/Prototypes 4.21/Content/ModularWeapons/Textures/Swords/Pommels/Pommel_06_PSED.uasset" 243
"../../../../GitHub/Level-Design-UE-Prototyping/Prototypes 4.21/Content/ModularWeapons/Textures/Swords/Pommels/Pommel_06_RAOD.uasset" 244
"../../../../GitHub/Level-Design-UE-Prototyping/Prototypes 4.21/Content/ModularWeapons/Materials/MI_Sword_Pommel_06.uasset" 245
"../../../../GitHub/Level-Design-UE-Prototyping/Prototypes 4.21/Content/ModularWeapons/Meshes/Swords/Pommels/Sword_Pommel_06.uasset" 246
"../../../../GitHub/Level-Design-UE-Prototyping/Prototypes 4.21/Content/ModularWeapons/Textures/Swords/Pommels/Pommel_07_normal.uasset" 247
"../../../../GitHub/Level-Design-UE-Prototyping/Prototypes 4.21/Content/ModularWeapons/Materials/MI_Sword_Pommel_07.uasset" 248
"../../../../GitHub/Level-Design-UE-Prototyping/Prototypes 4.21/Content/ModularWeapons/Meshes/Swords/Pommels/Sword_pommel_07.uasset" 249
"../../../../GitHub/Level-Design-UE-Prototyping/Prototypes 4.21/Content/ModularWeapons/Textures/Swords/Pommels/Pommel_08_normal.uasset" 250
"../../../../GitHub/Level-Design-UE-Prototyping/Prototypes 4.21/Content/ModularWeapons/Textures/Swords/Pommels/Pommel_08_PSED.uasset" 251
"../../../../GitHub/Level-Design-UE-Prototyping/Prototypes 4.21/Content/ModularWeapons/Textures/Swords/Pommels/Pommel_08_RAOD.uasset" 252
"../../../../GitHub/Level-Design-UE-Prototyping/Prototypes 4.21/Content/ModularWeapons/Materials/MI_Sword_Pommel_08.uasset" 253
"../../../../GitHub/Level-Design-UE-Prototyping/Prototypes 4.21/Content/ModularWeapons/Meshes/Swords/Pommels/Sword_pommel_08.uasset" 254
"../../../../GitHub/Level-Design-UE-Prototyping/Prototypes 4.21/Content/ModularWeapons/Materials/MI_Sword_Pommel_09.uasset" 255
"../../../../GitHub/Level-Design-UE-Prototyping/Prototypes 4.21/Content/ModularWeapons/Meshes/Swords/Pommels/Sword_pommel_09.uasset" 256
"../../../../GitHub/Level-Design-UE-Prototyping/Prototypes 4.21/Content/ModularWeapons/Data/WeaponData.uasset" 257
"../../../Engine/Content/EditorBlueprintResources/ActorMacros.uasset" 258
"../../../../GitHub/Level-Design-UE-Prototyping/Prototypes 4.21/Content/ModularWeapons/Blueprints/ModularWeaponTools.uasset" 259
"../../../../GitHub/Level-Design-UE-Prototyping/Prototypes 4.21/Content/ModularWeapons/Blueprints/ModularWeapon.uasset" 260
"../../../../GitHub/Level-Design-UE-Prototyping/Prototypes 4.21/Content/ModularWeapons/Data/MeleeCollisionType.uasset" 261
"../../../../GitHub/Level-Design-UE-Prototyping/Prototypes 4.21/Content/ModularWeapons/Blueprints/ModularWeapon_Melee.uasset" 262
"../../../Engine/Content/Functions/Engine_MaterialFunctions01/Opacity/CameraDepthFade.uasset" 263
"../../../Engine/Content/EngineMaterials/T_Default_Material_Grid_M.uasset" 264
"../../../Engine/Content/EngineMaterials/T_Default_Material_Grid_N.uasset" 265
"../../../Engine/Content/EngineMaterials/WorldGridMaterial.uasset" 266
"../../../../GitHub/Level-Design-UE-Prototyping/Prototypes 4.21/Content/ModularWeapons/GameExample/Meshes/Axes/modweps_axe_blade.uasset" 267
"../../../../GitHub/Level-Design-UE-Prototyping/Prototypes 4.21/Content/ModularWeapons/GameExample/Meshes/Axes/modweps_axe_hilt.uasset" 268
"../../../../GitHub/Level-Design-UE-Prototyping/Prototypes 4.21/Content/ModularWeapons/Textures/Swords/Blades/Blades_02_PSED.uasset" 269
"../../../../GitHub/Level-Design-UE-Prototyping/Prototypes 4.21/Content/ModularWeapons/Textures/Swords/Pommels/Pommel_07_PSED.uasset" 270
"../../../../GitHub/Level-Design-UE-Prototyping/Prototypes 4.21/Content/ModularWeapons/Textures/Swords/Pommels/Pommel_07_RAOD.uasset" 271
"../../../../GitHub/Level-Design-UE-Prototyping/Prototypes 4.21/Content/ModularWeapons/Textures/Swords/Pommels/Pommel_09_normal.uasset" 272
"../../../../GitHub/Level-Design-UE-Prototyping/Prototypes 4.21/Content/ModularWeapons/Textures/Swords/Pommels/Pommel_09_PSED.uasset" 273
"../../../../GitHub/Level-Design-UE-Prototyping/Prototypes 4.21/Content/ModularWeapons/Textures/Swords/Pommels/Pommel_09_RAOD.uasset" 274
"../../../../GitHub/Level-Design-UE-Prototyping/Prototypes 4.21/Content/Prototypes/Level-1/Blueprints/BP_Interface.uasset" 275
"../../../Engine/Content/BasicShapes/Cube.uasset" 276
"../../../../GitHub/Level-Design-UE-Prototyping/Prototypes 4.21/Content/Prototypes/Level-1/Blueprints/BP_Door.uasset" 277
"../../../../GitHub/Level-Design-UE-Prototyping/Prototypes 4.21/Content/Prototypes/Level-1/MatineeActorLevelSequence.uasset" 278
"../../../../GitHub/Level-Design-UE-Prototyping/Prototypes 4.21/Content/Prototypes/Level-2/Pawn/Pawn_Interface.uasset" 279
"../../../../GitHub/Level-Design-UE-Prototyping/Prototypes 4.21/Content/Prototypes/Level-2/Pawn/Anim/xbot_Skeleton.uasset" 280
"../../../../GitHub/Level-Design-UE-Prototyping/Prototypes 4.21/Content/Prototypes/Level-2/Pawn/Anim/Box_L.uasset" 281
"../../../../GitHub/Level-Design-UE-Prototyping/Prototypes 4.21/Content/Prototypes/Level-2/Pawn/Anim/Fight_Idle_R.uasset" 282
"../../../../GitHub/Level-Design-UE-Prototyping/Prototypes 4.21/Content/Prototypes/Level-2/Pawn/Anim/React_R.uasset" 283
"../../../../GitHub/Level-Design-UE-Prototyping/Prototypes 4.21/Content/StarterContent/Audio/Starter_Music01.uasset" 284
"../../../../GitHub/Level-Design-UE-Prototyping/Prototypes 4.21/Content/StarterContent/Materials/M_AssetPlatform.uasset" 285
"../../../../GitHub/Level-Design-UE-Prototyping/Prototypes 4.21/Content/StarterContent/Textures/T_Brick_Clay_Beveled_D.uasset" 286
"../../../../GitHub/Level-Design-UE-Prototyping/Prototypes 4.21/Content/StarterContent/Textures/T_Brick_Clay_Beveled_M.uasset" 287
"../../../../GitHub/Level-Design-UE-Prototyping/Prototypes 4.21/Content/StarterContent/Textures/T_Brick_Clay_Beveled_N.uasset" 288
"../../../../GitHub/Level-Design-UE-Prototyping/Prototypes 4.21/Content/StarterContent/Textures/T_MacroVariation.uasset" 289
"../../../../GitHub/Level-Design-UE-Prototyping/Prototypes 4.21/Content/StarterContent/Materials/M_Brick_Clay_Beveled.uasset" 290
"../../../../GitHub/Level-Design-UE-Prototyping/Prototypes 4.21/Content/StarterContent/Textures/T_Brick_Clay_Old_D.uasset" 291
"../../../../GitHub/Level-Design-UE-Prototyping/Prototypes 4.21/Content/StarterContent/Textures/T_Brick_Clay_Old_N.uasset" 292
"../../../../GitHub/Level-Design-UE-Prototyping/Prototypes 4.21/Content/StarterContent/Textures/T_Perlin_Noise_M.uasset" 293
"../../../../GitHub/Level-Design-UE-Prototyping/Prototypes 4.21/Content/StarterContent/Materials/M_Brick_Clay_Old.uasset" 294
"../../../../GitHub/Level-Design-UE-Prototyping/Prototypes 4.21/Content/StarterContent/Textures/T_Brick_Cut_Stone_D.uasset" 295
"../../../../GitHub/Level-Design-UE-Prototyping/Prototypes 4.21/Content/StarterContent/Textures/T_Brick_Cut_Stone_N.uasset" 296
"../../../../GitHub/Level-Design-UE-Prototyping/Prototypes 4.21/Content/StarterContent/Materials/M_Brick_Cut_Stone.uasset" 297
"../../../../GitHub/Level-Design-UE-Prototyping/Prototypes 4.21/Content/StarterContent/Textures/T_Brick_Hewn_Stone_D.uasset" 298
"../../../../GitHub/Level-Design-UE-Prototyping/Prototypes 4.21/Content/StarterContent/Textures/T_Brick_Hewn_Stone_M.uasset" 299
"../../../../GitHub/Level-Design-UE-Prototyping/Prototypes 4.21/Content/StarterContent/Textures/T_Brick_Hewn_Stone_N.uasset" 300
"../../../../GitHub/Level-Design-UE-Prototyping/Prototypes 4.21/Content/StarterContent/Textures/T_Detail_Rocky_N.uasset" 301
"../../../../GitHub/Level-Design-UE-Prototyping/Prototypes 4.21/Content/StarterContent/Materials/M_Brick_Hewn_Stone.uasset" 302
"../../../../GitHub/Level-Design-UE-Prototyping/Prototypes 4.21/Content/StarterContent/Textures/T_CobbleStone_Pebble_D.uasset" 303
"../../../../GitHub/Level-Design-UE-Prototyping/Prototypes 4.21/Content/StarterContent/Textures/T_CobbleStone_Pebble_M.uasset" 304
"../../../../GitHub/Level-Design-UE-Prototyping/Prototypes 4.21/Content/StarterContent/Textures/T_CobbleStone_Pebble_N.uasset" 305
"../../../../GitHub/Level-Design-UE-Prototyping/Prototypes 4.21/Content/StarterContent/Materials/M_CobbleStone_Pebble.uasset" 306
"../../../../GitHub/Level-Design-UE-Prototyping/Prototypes 4.21/Content/StarterContent/Textures/T_CobbleStone_Rough_D.uasset" 307
"../../../../GitHub/Level-Design-UE-Prototyping/Prototypes 4.21/Content/StarterContent/Textures/T_CobbleStone_Rough_N.uasset" 308
"../../../../GitHub/Level-Design-UE-Prototyping/Prototypes 4.21/Content/StarterContent/Textures/T_Gradinet_01.uasset" 309
"../../../../GitHub/Level-Design-UE-Prototyping/Prototypes 4.21/Content/StarterContent/Textures/T_Rock_Smooth_Granite_D.uasset" 310
"../../../../GitHub/Level-Design-UE-Prototyping/Prototypes 4.21/Content/StarterContent/Materials/M_CobbleStone_Rough.uasset" 311
"../../../../GitHub/Level-Design-UE-Prototyping/Prototypes 4.21/Content/StarterContent/Textures/T_CobbleStone_Smooth_D.uasset" 312
"../../../../GitHub/Level-Design-UE-Prototyping/Prototypes 4.21/Content/StarterContent/Textures/T_CobbleStone_Smooth_M.uasset" 313
"../../../../GitHub/Level-Design-UE-Prototyping/Prototypes 4.21/Content/StarterContent/Textures/T_CobbleStone_Smooth_N.uasset" 314
"../../../../GitHub/Level-Design-UE-Prototyping/Prototypes 4.21/Content/StarterContent/Materials/M_CobbleStone_Smooth.uasset" 315
"../../../../GitHub/Level-Design-UE-Prototyping/Prototypes 4.21/Content/StarterContent/Textures/T_Concrete_Grime_D.uasset" 316
"../../../../GitHub/Level-Design-UE-Prototyping/Prototypes 4.21/Content/StarterContent/Textures/T_Metal_Rust_N.uasset" 317
"../../../../GitHub/Level-Design-UE-Prototyping/Prototypes 4.21/Content/StarterContent/Materials/M_Concrete_Grime.uasset" 318
"../../../../GitHub/Level-Design-UE-Prototyping/Prototypes 4.21/Content/StarterContent/Textures/T_Concrete_Panels_D.uasset" 319
"../../../../GitHub/Level-Design-UE-Prototyping/Prototypes 4.21/Content/StarterContent/Textures/T_Concrete_Panels_N.uasset" 320
"../../../../GitHub/Level-Design-UE-Prototyping/Prototypes 4.21/Content/StarterContent/Materials/M_Concrete_Panels.uasset" 321
"../../../../GitHub/Level-Design-UE-Prototyping/Prototypes 4.21/Content/StarterContent/Textures/T_Concrete_Poured_D.uasset" 322
"../../../../GitHub/Level-Design-UE-Prototyping/Prototypes 4.21/Content/StarterContent/Textures/T_Concrete_Poured_N.uasset" 323
"../../../../GitHub/Level-Design-UE-Prototyping/Prototypes 4.21/Content/StarterContent/Materials/M_Concrete_Poured.uasset" 324
"../../../../GitHub/Level-Design-UE-Prototyping/Prototypes 4.21/Content/StarterContent/Textures/T_Concrete_Tiles_D.uasset" 325
"../../../../GitHub/Level-Design-UE-Prototyping/Prototypes 4.21/Content/StarterContent/Textures/T_Concrete_Tiles_M.uasset" 326
"../../../../GitHub/Level-Design-UE-Prototyping/Prototypes 4.21/Content/StarterContent/Textures/T_Concrete_Tiles_N.uasset" 327
"../../../../GitHub/Level-Design-UE-Prototyping/Prototypes 4.21/Content/StarterContent/Textures/T_Concrete_Tiles_Variation_M.uasset" 328
"../../../../GitHub/Level-Design-UE-Prototyping/Prototypes 4.21/Content/StarterContent/Materials/M_Concrete_Tiles.uasset" 329
"../../../../GitHub/Level-Design-UE-Prototyping/Prototypes 4.21/Content/StarterContent/Textures/T_Ground_Grass_D.uasset" 330
"../../../../GitHub/Level-Design-UE-Prototyping/Prototypes 4.21/Content/StarterContent/Textures/T_Ground_Grass_N.uasset" 331
"../../../../GitHub/Level-Design-UE-Prototyping/Prototypes 4.21/Content/StarterContent/Materials/M_Ground_Grass.uasset" 332
"../../../../GitHub/Level-Design-UE-Prototyping/Prototypes 4.21/Content/StarterContent/Textures/T_Ground_Gravel_D.uasset" 333
"../../../../GitHub/Level-Design-UE-Prototyping/Prototypes 4.21/Content/StarterContent/Textures/T_Ground_Gravel_N.uasset" 334
"../../../../GitHub/Level-Design-UE-Prototyping/Prototypes 4.21/Content/StarterContent/Materials/M_Ground_Gravel.uasset" 335
"../../../../GitHub/Level-Design-UE-Prototyping/Prototypes 4.21/Content/StarterContent/Textures/T_ground_Moss_D.uasset" 336
"../../../../GitHub/Level-Design-UE-Prototyping/Prototypes 4.21/Content/StarterContent/Textures/T_Ground_Moss_N.uasset" 337
"../../../../GitHub/Level-Design-UE-Prototyping/Prototypes 4.21/Content/StarterContent/Materials/M_Ground_Moss.uasset" 338
"../../../../GitHub/Level-Design-UE-Prototyping/Prototypes 4.21/Content/StarterContent/Materials/M_Metal_Brushed_Nickel.uasset" 339
"../../../../GitHub/Level-Design-UE-Prototyping/Prototypes 4.21/Content/StarterContent/Materials/M_Metal_Chrome.uasset" 340
"../../../../GitHub/Level-Design-UE-Prototyping/Prototypes 4.21/Content/StarterContent/Textures/T_Metal_Copper_D.uasset" 341
"../../../../GitHub/Level-Design-UE-Prototyping/Prototypes 4.21/Content/StarterContent/Textures/T_Metal_Gold_N.uasset" 342
"../../../../GitHub/Level-Design-UE-Prototyping/Prototypes 4.21/Content/StarterContent/Materials/M_Metal_Copper.uasset" 343
"../../../../GitHub/Level-Design-UE-Prototyping/Prototypes 4.21/Content/StarterContent/Textures/T_Metal_Gold_D.uasset" 344
"../../../../GitHub/Level-Design-UE-Prototyping/Prototypes 4.21/Content/StarterContent/Materials/M_Metal_Gold.uasset" 345
"../../../../GitHub/Level-Design-UE-Prototyping/Prototypes 4.21/Content/StarterContent/Textures/T_Metal_Rust_D.uasset" 346
"../../../../GitHub/Level-Design-UE-Prototyping/Prototypes 4.21/Content/StarterContent/Materials/M_Metal_Rust.uasset" 347
"../../../../GitHub/Level-Design-UE-Prototyping/Prototypes 4.21/Content/StarterContent/Textures/T_Rock_Basalt_D.uasset" 348
"../../../../GitHub/Level-Design-UE-Prototyping/Prototypes 4.21/Content/StarterContent/Textures/T_Rock_Basalt_N.uasset" 349
"../../../../GitHub/Level-Design-UE-Prototyping/Prototypes 4.21/Content/StarterContent/Materials/M_Rock_Basalt.uasset" 350
"../../../../GitHub/Level-Design-UE-Prototyping/Prototypes 4.21/Content/StarterContent/Textures/T_Rock_Marble_Polished_D.uasset" 351
"../../../../GitHub/Level-Design-UE-Prototyping/Prototypes 4.21/Content/StarterContent/Materials/M_Rock_Marble_Polished.uasset" 352
"../../../../GitHub/Level-Design-UE-Prototyping/Prototypes 4.21/Content/StarterContent/Textures/T_Rock_Sandstone_D.uasset" 353
"../../../../GitHub/Level-Design-UE-Prototyping/Prototypes 4.21/Content/StarterContent/Textures/T_Rock_Sandstone_N.uasset" 354
"../../../../GitHub/Level-Design-UE-Prototyping/Prototypes 4.21/Content/StarterContent/Materials/M_Rock_Sandstone.uasset" 355
"../../../../GitHub/Level-Design-UE-Prototyping/Prototypes 4.21/Content/StarterContent/Textures/T_Rock_Slate_D.uasset" 356
"../../../../GitHub/Level-Design-UE-Prototyping/Prototypes 4.21/Content/StarterContent/Textures/T_Rock_Slate_N.uasset" 357
"../../../../GitHub/Level-Design-UE-Prototyping/Prototypes 4.21/Content/StarterContent/Materials/M_Rock_Slate.uasset" 358
"../../../../GitHub/Level-Design-UE-Prototyping/Prototypes 4.21/Content/StarterContent/Textures/T_Checker_Noise_M.uasset" 359
"../../../../GitHub/Level-Design-UE-Prototyping/Prototypes 4.21/Content/StarterContent/Textures/T_Single_Tile_N.uasset" 360
"../../../../GitHub/Level-Design-UE-Prototyping/Prototypes 4.21/Content/StarterContent/Textures/T_Tech_Dot_M.uasset" 361
"../../../../GitHub/Level-Design-UE-Prototyping/Prototypes 4.21/Content/StarterContent/Textures/T_Tech_Dot_N.uasset" 362
"../../../../GitHub/Level-Design-UE-Prototyping/Prototypes 4.21/Content/StarterContent/Materials/M_Tech_Checker_Dot.uasset" 363
"../../../../GitHub/Level-Design-UE-Prototyping/Prototypes 4.21/Content/StarterContent/Textures/T_Tech_Hex_Tile_M.uasset" 364
"../../../../GitHub/Level-Design-UE-Prototyping/Prototypes 4.21/Content/StarterContent/Textures/T_Tech_Hex_Tile_N.uasset" 365
"../../../../GitHub/Level-Design-UE-Prototyping/Prototypes 4.21/Content/StarterContent/Materials/M_Tech_Hex_Tile.uasset" 366
"../../../../GitHub/Level-Design-UE-Prototyping/Prototypes 4.21/Content/StarterContent/Materials/M_Tech_Hex_Tile_Pulse.uasset" 367
"../../../../GitHub/Level-Design-UE-Prototyping/Prototypes 4.21/Content/StarterContent/Textures/T_Metal_Steel_D.uasset" 368
"../../../../GitHub/Level-Design-UE-Prototyping/Prototypes 4.21/Content/StarterContent/Textures/T_Tech_Panel_M.uasset" 369
"../../../../GitHub/Level-Design-UE-Prototyping/Prototypes 4.21/Content/StarterContent/Textures/T_Tech_Panel_N.uasset" 370
"../../../../GitHub/Level-Design-UE-Prototyping/Prototypes 4.21/Content/StarterContent/Materials/M_Tech_Panel.uasset" 371
"../../../../GitHub/Level-Design-UE-Prototyping/Prototypes 4.21/Content/StarterContent/Textures/T_Water_N.uasset" 372
"../../../../GitHub/Level-Design-UE-Prototyping/Prototypes 4.21/Content/StarterContent/Materials/M_Water_Lake.uasset" 373
"../../../../GitHub/Level-Design-UE-Prototyping/Prototypes 4.21/Content/StarterContent/Textures/T_Water_M.uasset" 374
"../../../../GitHub/Level-Design-UE-Prototyping/Prototypes 4.21/Content/StarterContent/Materials/M_Water_Ocean.uasset" 375
"../../../../GitHub/Level-Design-UE-Prototyping/Prototypes 4.21/Content/StarterContent/Textures/T_Wood_Floor_Walnut_D.uasset" 376
"../../../../GitHub/Level-Design-UE-Prototyping/Prototypes 4.21/Content/StarterContent/Textures/T_Wood_Floor_Walnut_M.uasset" 377
"../../../../GitHub/Level-Design-UE-Prototyping/Prototypes 4.21/Content/StarterContent/Textures/T_Wood_Floor_Walnut_N.uasset" 378
"../../../../GitHub/Level-Design-UE-Prototyping/Prototypes 4.21/Content/StarterContent/Materials/M_Wood_Floor_Walnut_Polished.uasset" 379
"../../../Engine/Content/Functions/Engine_MaterialFunctions01/Opacity/AlphaOffset.uasset" 380
"../../../../GitHub/Level-Design-UE-Prototyping/Prototypes 4.21/Content/StarterContent/Materials/M_Wood_Floor_Walnut_Worn.uasset" 381
"../../../../GitHub/Level-Design-UE-Prototyping/Prototypes 4.21/Content/StarterContent/Textures/T_Wood_Oak_D.uasset" 382
"../../../../GitHub/Level-Design-UE-Prototyping/Prototypes 4.21/Content/StarterContent/Textures/T_Wood_Oak_N.uasset" 383
"../../../../GitHub/Level-Design-UE-Prototyping/Prototypes 4.21/Content/StarterContent/Materials/M_Wood_Oak.uasset" 384
"../../../../GitHub/Level-Design-UE-Prototyping/Prototypes 4.21/Content/StarterContent/Textures/T_Wood_Pine_D.uasset" 385
"../../../../GitHub/Level-Design-UE-Prototyping/Prototypes 4.21/Content/StarterContent/Textures/T_Wood_Pine_N.uasset" 386
"../../../../GitHub/Level-Design-UE-Prototyping/Prototypes 4.21/Content/StarterContent/Materials/M_Wood_Pine.uasset" 387
"../../../../GitHub/Level-Design-UE-Prototyping/Prototypes 4.21/Content/StarterContent/Textures/T_Wood_Walnut_D.uasset" 388
"../../../../GitHub/Level-Design-UE-Prototyping/Prototypes 4.21/Content/StarterContent/Textures/T_Wood_Walnut_N.uasset" 389
"../../../../GitHub/Level-Design-UE-Prototyping/Prototypes 4.21/Content/StarterContent/Materials/M_Wood_Walnut.uasset" 390
"../../../../GitHub/Level-Design-UE-Prototyping/Prototypes 4.21/Content/StarterContent/Textures/T_Dust_Particle_D.uasset" 391
"../../../../GitHub/Level-Design-UE-Prototyping/Prototypes 4.21/Content/StarterContent/Particles/Materials/M_Dust_Particle.uasset" 392
"../../../../GitHub/Level-Design-UE-Prototyping/Prototypes 4.21/Content/StarterContent/Particles/P_Ambient_Dust.uasset" 393
"../../../../GitHub/Level-Design-UE-Prototyping/Prototypes 4.21/Content/StarterContent/Textures/T_Burst_M.uasset" 394
"../../../../GitHub/Level-Design-UE-Prototyping/Prototypes 4.21/Content/StarterContent/Particles/Materials/M_Burst.uasset" 395
"../../../../GitHub/Level-Design-UE-Prototyping/Prototypes 4.21/Content/StarterContent/Textures/T_Explosion_SubUV.uasset" 396
"../../../../GitHub/Level-Design-UE-Prototyping/Prototypes 4.21/Content/StarterContent/Particles/Materials/M_explosion_subUV.uasset" 397
"../../../../GitHub/Level-Design-UE-Prototyping/Prototypes 4.21/Content/StarterContent/Particles/Materials/m_flare_01.uasset" 398
"../../../Engine/Content/Functions/Engine_MaterialFunctions01/Gradient/RadialGradient.uasset" 399
"../../../../GitHub/Level-Design-UE-Prototyping/Prototypes 4.21/Content/StarterContent/Particles/Materials/M_radial_ramp.uasset" 400
"../../../../GitHub/Level-Design-UE-Prototyping/Prototypes 4.21/Content/StarterContent/Textures/T_Smoke_SubUV.uasset" 401
"../../../../GitHub/Level-Design-UE-Prototyping/Prototypes 4.21/Content/StarterContent/Textures/T_Smoke_Tiled_D.uasset" 402
"../../../../GitHub/Level-Design-UE-Prototyping/Prototypes 4.21/Content/StarterContent/Particles/Materials/M_smoke_subUV.uasset" 403
"../../../../GitHub/Level-Design-UE-Prototyping/Prototypes 4.21/Content/StarterContent/Particles/P_Explosion.uasset" 404
"../../../../GitHub/Level-Design-UE-Prototyping/Prototypes 4.21/Content/StarterContent/Textures/T_Fire_SubUV.uasset" 405
"../../../../GitHub/Level-Design-UE-Prototyping/Prototypes 4.21/Content/StarterContent/Textures/T_Fire_Tiled_D.uasset" 406
"../../../../GitHub/Level-Design-UE-Prototyping/Prototypes 4.21/Content/StarterContent/Particles/Materials/M_Fire_SubUV.uasset" 407
"../../../../GitHub/Level-Design-UE-Prototyping/Prototypes 4.21/Content/StarterContent/Particles/Materials/M_Heat_Distortion.uasset" 408
"../../../../GitHub/Level-Design-UE-Prototyping/Prototypes 4.21/Content/StarterContent/Particles/Materials/M_Radial_Gradient.uasset" 409
"../../../../GitHub/Level-Design-UE-Prototyping/Prototypes 4.21/Content/StarterContent/Particles/P_Fire.uasset" 410
"../../../../GitHub/Level-Design-UE-Prototyping/Prototypes 4.21/Content/StarterContent/Particles/P_Smoke.uasset" 411
"../../../../GitHub/Level-Design-UE-Prototyping/Prototypes 4.21/Content/StarterContent/Textures/T_Spark_Core.uasset" 412
"../../../../GitHub/Level-Design-UE-Prototyping/Prototypes 4.21/Content/StarterContent/Particles/Materials/M_Spark.uasset" 413
"../../../../GitHub/Level-Design-UE-Prototyping/Prototypes 4.21/Content/StarterContent/Particles/P_Sparks.uasset" 414
"../../../../GitHub/Level-Design-UE-Prototyping/Prototypes 4.21/Content/StarterContent/Props/MaterialSphere.uasset" 415
"../../../../GitHub/Level-Design-UE-Prototyping/Prototypes 4.21/Content/StarterContent/Textures/T_Bush_D.uasset" 416
"../../../../GitHub/Level-Design-UE-Prototyping/Prototypes 4.21/Content/StarterContent/Textures/T_Bush_N.uasset" 417
"../../../../GitHub/Level-Design-UE-Prototyping/Prototypes 4.21/Content/StarterContent/Props/Materials/M_Bush.uasset" 418
"../../../../GitHub/Level-Design-UE-Prototyping/Prototypes 4.21/Content/StarterContent/Props/SM_Bush.uasset" 419
"../../../../GitHub/Level-Design-UE-Prototyping/Prototypes 4.21/Content/StarterContent/Textures/T_Chair_M.uasset" 420
"../../../../GitHub/Level-Design-UE-Prototyping/Prototypes 4.21/Content/StarterContent/Textures/T_Chair_N.uasset" 421
"../../../../GitHub/Level-Design-UE-Prototyping/Prototypes 4.21/Content/StarterContent/Props/Materials/M_Chair.uasset" 422
"../../../../GitHub/Level-Design-UE-Prototyping/Prototypes 4.21/Content/StarterContent/Props/SM_Chair.uasset" 423
"../../../../GitHub/Level-Design-UE-Prototyping/Prototypes 4.21/Content/StarterContent/Textures/T_Frame_M.uasset" 424
"../../../../GitHub/Level-Design-UE-Prototyping/Prototypes 4.21/Content/StarterContent/Textures/T_Frame_N.uasset" 425
"../../../../GitHub/Level-Design-UE-Prototyping/Prototypes 4.21/Content/StarterContent/Props/Materials/M_Frame.uasset" 426
"../../../../GitHub/Level-Design-UE-Prototyping/Prototypes 4.21/Content/StarterContent/Props/SM_CornerFrame.uasset" 427
"../../../../GitHub/Level-Design-UE-Prototyping/Prototypes 4.21/Content/StarterContent/Props/SM_Couch.uasset" 428
"../../../../GitHub/Level-Design-UE-Prototyping/Prototypes 4.21/Content/StarterContent/Materials/M_Glass.uasset" 429
"../../../../GitHub/Level-Design-UE-Prototyping/Prototypes 4.21/Content/StarterContent/Textures/T_Door_M.uasset" 430
"../../../../GitHub/Level-Design-UE-Prototyping/Prototypes 4.21/Content/StarterContent/Textures/T_Door_N.uasset" 431
"../../../../GitHub/Level-Design-UE-Prototyping/Prototypes 4.21/Content/StarterContent/Props/Materials/M_Door.uasset" 432
"../../../../GitHub/Level-Design-UE-Prototyping/Prototypes 4.21/Content/StarterContent/Props/SM_Door.uasset" 433
"../../../../GitHub/Level-Design-UE-Prototyping/Prototypes 4.21/Content/StarterContent/Props/SM_DoorFrame.uasset" 434
"../../../../GitHub/Level-Design-UE-Prototyping/Prototypes 4.21/Content/StarterContent/Props/SM_GlassWindow.uasset" 435
"../../../../GitHub/Level-Design-UE-Prototyping/Prototypes 4.21/Content/StarterContent/Textures/T_Lamp_M.uasset" 436
"../../../../GitHub/Level-Design-UE-Prototyping/Prototypes 4.21/Content/StarterContent/Textures/T_Lamp_N.uasset" 437
"../../../../GitHub/Level-Design-UE-Prototyping/Prototypes 4.21/Content/StarterContent/Props/Materials/M_Lamp.uasset" 438
"../../../../GitHub/Level-Design-UE-Prototyping/Prototypes 4.21/Content/StarterContent/Props/SM_Lamp_Wall.uasset" 439
"../../../../GitHub/Level-Design-UE-Prototyping/Prototypes 4.21/Content/StarterContent/Props/Materials/M_MaterialSphere.uasset" 440
"../../../../GitHub/Level-Design-UE-Prototyping/Prototypes 4.21/Content/StarterContent/Props/Materials/M_MaterialSphere_Plain.uasset" 441
"../../../../GitHub/Level-Design-UE-Prototyping/Prototypes 4.21/Content/StarterContent/Props/SM_MatPreviewMesh_02.uasset" 442
"../../../../GitHub/Level-Design-UE-Prototyping/Prototypes 4.21/Content/StarterContent/Props/SM_PillarFrame.uasset" 443
"../../../../GitHub/Level-Design-UE-Prototyping/Prototypes 4.21/Content/StarterContent/Props/SM_PillarFrame300.uasset" 444
"../../../../GitHub/Level-Design-UE-Prototyping/Prototypes 4.21/Content/StarterContent/Textures/T_RockMesh_M.uasset" 445
"../../../../GitHub/Level-Design-UE-Prototyping/Prototypes 4.21/Content/StarterContent/Textures/T_RockMesh_N.uasset" 446
"../../../../GitHub/Level-Design-UE-Prototyping/Prototypes 4.21/Content/StarterContent/Props/Materials/M_Rock.uasset" 447
"../../../../GitHub/Level-Design-UE-Prototyping/Prototypes 4.21/Content/StarterContent/Props/SM_Rock.uasset" 448
"../../../../GitHub/Level-Design-UE-Prototyping/Prototypes 4.21/Content/StarterContent/Textures/T_Shelf_M.uasset" 449
"../../../../GitHub/Level-Design-UE-Prototyping/Prototypes 4.21/Content/StarterContent/Textures/T_Shelf_N.uasset" 450
"../../../../GitHub/Level-Design-UE-Prototyping/Prototypes 4.21/Content/StarterContent/Props/Materials/M_Shelf.uasset" 451
"../../../../GitHub/Level-Design-UE-Prototyping/Prototypes 4.21/Content/StarterContent/Props/SM_Shelf.uasset" 452
"../../../../GitHub/Level-Design-UE-Prototyping/Prototypes 4.21/Content/StarterContent/Materials/M_Basic_Floor.uasset" 453
"../../../../GitHub/Level-Design-UE-Prototyping/Prototypes 4.21/Content/StarterContent/Materials/M_Basic_Wall.uasset" 454
"../../../../GitHub/Level-Design-UE-Prototyping/Prototypes 4.21/Content/StarterContent/Props/SM_Stairs.uasset" 455
"../../../../GitHub/Level-Design-UE-Prototyping/Prototypes 4.21/Content/StarterContent/Textures/T_Statue_M.uasset" 456
"../../../../GitHub/Level-Design-UE-Prototyping/Prototypes 4.21/Content/StarterContent/Textures/T_Statue_N.uasset" 457
"../../../../GitHub/Level-Design-UE-Prototyping/Prototypes 4.21/Content/StarterContent/Props/Materials/M_Statue.uasset" 458
"../../../../GitHub/Level-Design-UE-Prototyping/Prototypes 4.21/Content/StarterContent/Props/Materials/M_StatueGlass.uasset" 459
"../../../../GitHub/Level-Design-UE-Prototyping/Prototypes 4.21/Content/StarterContent/Props/SM_Statue.uasset" 460
"../../../../GitHub/Level-Design-UE-Prototyping/Prototypes 4.21/Content/StarterContent/Textures/T_TableRound_M.uasset" 461
"../../../../GitHub/Level-Design-UE-Prototyping/Prototypes 4.21/Content/StarterContent/Textures/T_TableRound_N.uasset" 462
"../../../../GitHub/Level-Design-UE-Prototyping/Prototypes 4.21/Content/StarterContent/Props/Materials/M_TableRound.uasset" 463
"../../../../GitHub/Level-Design-UE-Prototyping/Prototypes 4.21/Content/StarterContent/Props/SM_TableRound.uasset" 464
"../../../../GitHub/Level-Design-UE-Prototyping/Prototypes 4.21/Content/StarterContent/Props/SM_WindowFrame.uasset" 465
"../../../Engine/Content/ArtTools/RenderToTexture/Meshes/S_1_Unit_Plane.uasset" 466
"../../../Engine/Content/EngineMaterials/DefaultMaterial.uasset" 467
"../../../Engine/Content/BasicShapes/Cone.uasset" 468
"../../../Engine/Content/EditorLandscapeResources/DataLayer.uasset" 469
"../../../Engine/Content/EditorMaterials/GizmoMaterial.uasset" 470
"../../../Engine/Content/EditorMaterials/MAT_Groups_Toggle.uasset" 471
"../../../Engine/Content/EditorMaterials/MAT_Groups_Visibility.uasset" 472
"../../../Engine/Content/EditorMaterials/PreviewShadowIndicator.uasset" 473
"../../../Engine/Content/EditorMaterials/PreviewShadowIndicatorMaterial.uasset" 474
"../../../Engine/Content/EditorMaterials/MatineeGroups/MAT_ColorTrack.uasset" 475
"../../../Engine/Content/EditorMaterials/MatineeGroups/MAT_Groups_Anim.uasset" 476
"../../../Engine/Content/EditorMaterials/MatineeGroups/MAT_Groups_AudioMaster.uasset" 477
"../../../Engine/Content/EditorMaterials/MatineeGroups/MAT_Groups_Director.uasset" 478
"../../../Engine/Content/EditorMaterials/MatineeGroups/MAT_Groups_Event.uasset" 479
"../../../Engine/Content/EditorMaterials/MatineeGroups/MAT_Groups_Fade.uasset" 480
"../../../Engine/Content/EditorMaterials/MatineeGroups/MAT_Groups_Float.uasset" 481
"../../../Engine/Content/EditorMaterials/MatineeGroups/MAT_Groups_Move.uasset" 482
"../../../Engine/Content/EditorMaterials/MatineeGroups/MAT_Groups_Slomo.uasset" 483
"../../../Engine/Content/EditorMaterials/MatineeGroups/MAT_Groups_Sound.uasset" 484
"../../../Engine/Content/EditorMaterials/MatineeGroups/MAT_Groups_Vector.uasset" 485
"../../../Engine/Content/EditorMaterials/ParticleSystems/PSysThumbnail_NoImage.uasset" 486
"../../../Engine/Content/EditorMaterials/ParticleSystems/PSysThumbnail_OOD.uasset" 487
"../../../Engine/Content/EditorMaterials/Camera/CineMat.uasset" 488
"../../../Engine/Content/EditorMaterials/Camera/MI_CineMat_Rig.uasset" 489
"../../../Engine/Content/EditorMeshes/Camera/SM_CraneRig_Arm.uasset" 490
"../../../Engine/Content/EditorMeshes/Camera/SM_CraneRig_Base.uasset" 491
"../../../Engine/Content/EditorMeshes/Camera/SM_CraneRig_Body.uasset" 492
"../../../Engine/Content/EditorMeshes/Camera/SM_CraneRig_Mount.uasset" 493
"../../../Engine/Content/EditorMeshes/Camera/SM_RailRig_Mount.uasset" 494
"../../../Engine/Content/EditorMeshes/Camera/SM_RailRig_Track.uasset" 495
"../../../Engine/Content/EditorResources/BSPVertex.uasset" 496
"../../../Engine/Content/EditorResources/EmptyActor.uasset" 497
"../../../Engine/Content/EditorResources/S_Actor.uasset" 498
"../../../Engine/Content/EditorResources/S_Trigger.uasset" 499
"../../../Engine/Content/EditorResources/AudioIcons/S_AudioComponent.uasset" 500
"../../../Engine/Content/EditorResources/AudioIcons/S_AudioComponent_AutoActivate.uasset" 501
"../../../Engine/Content/EditorResources/LightIcons/S_LightError.uasset" 502
"../../../Engine/Content/EditorResources/SequenceRecorder/Countdown.uasset" 503
"../../../Engine/Content/EditorResources/SequenceRecorder/RecordingIndicator.uasset" 504
"../../../Engine/Content/EditorSounds/Notifications/CompileFailed.uasset" 505
"../../../Engine/Content/EditorSounds/Notifications/CompileFailed_Cue.uasset" 506
"../../../Engine/Content/EditorSounds/Notifications/CompileSuccess.uasset" 507
"../../../Engine/Content/EditorSounds/Notifications/CompileStart_Cue.uasset" 508
"../../../Engine/Content/EditorSounds/Notifications/CompileSuccess_Cue.uasset" 509
"../../../Engine/Content/EngineDamageTypes/DmgTypeBP_Environmental.uasset" 510
"../../../Engine/Content/EngineDebugMaterials/HeatmapGradient.uasset" 511
"../../../Engine/Content/EngineDebugMaterials/BoneWeightMaterial.uasset" 512
"../../../Engine/Content/EngineDebugMaterials/ClothMaterial.uasset" 513
"../../../Engine/Content/EngineDebugMaterials/ClothMaterial_WF.uasset" 514
"../../../Engine/Content/EngineDebugMaterials/DebugEditorMaterial.uasset" 515
"../../../Engine/Content/EngineDebugMaterials/DebugMeshMaterial.uasset" 516
"../../../Engine/Content/EngineDebugMaterials/GeomMaterial.uasset" 517
"../../../Engine/Content/EngineDebugMaterials/M_SimpleTranslucent.uasset" 518
"../../../Engine/Content/EngineFonts/Faces/RobotoBold.uasset" 519
"../../../Engine/Content/EngineFonts/Faces/RobotoBoldItalic.uasset" 520
"../../../Engine/Content/EngineFonts/Faces/RobotoItalic.uasset" 521
"../../../Engine/Content/EngineFonts/Faces/RobotoLight.uasset" 522
"../../../Engine/Content/EngineFonts/Faces/RobotoRegular.uasset" 523
"../../../Engine/Content/EngineFonts/Roboto.uasset" 524
"../../../Engine/Content/EngineFonts/Faces/RobotoTiny.uasset" 525
"../../../Engine/Content/EngineFonts/RobotoTiny.uasset" 526
"../../../Engine/Content/EngineMaterials/BaseFlattenDiffuseMap.uasset" 527
"../../../Engine/Content/EngineMaterials/BaseFlattenEmissiveMap.uasset" 528
"../../../Engine/Content/EngineMaterials/BaseFlattenGrayscaleMap.uasset" 529
"../../../Engine/Content/EngineMaterials/BaseFlattenNormalMap.uasset" 530
"../../../Engine/Content/EngineMaterials/BaseFlattenMaterial.uasset" 531
"../../../Engine/Content/EngineMaterials/DefaultBloomKernel.uasset" 532
"../../../Engine/Content/EngineMaterials/DefaultBokeh.uasset" 533
"../../../Engine/Content/EngineMaterials/DefaultDiffuse.uasset" 534
"../../../Engine/Content/EngineMaterials/DefaultDeferredDecalMaterial.uasset" 535
"../../../Engine/Content/EngineMaterials/DefaultLightFunctionMaterial.uasset" 536
"../../../Engine/Content/EngineMaterials/DefaultPhysicalMaterial.uasset" 537
"../../../Engine/Content/Functions/Engine_MaterialFunctions02/Utility/BreakOutFloat2Components.uasset" 538
"../../../Engine/Content/EngineMaterials/DefaultPostProcessMaterial.uasset" 539
"../../../Engine/Content/EngineFonts/RobotoDistanceField.uasset" 540
"../../../Engine/Content/EngineMaterials/DefaultTextMaterialOpaque.uasset" 541
"../../../Engine/Content/EngineMaterials/DefaultWhiteGrid.uasset" 542
"../../../Engine/Content/EngineMaterials/EditorBrushMaterial.uasset" 543
"../../../Engine/Content/EngineMaterials/Good64x64TilingNoiseHighFreq.uasset" 544
"../../../Engine/Content/EngineMaterials/MiniFont.uasset" 545
"../../../Engine/Content/EngineMaterials/InvalidLightmapSettings.uasset" 546
"../../../Engine/Content/EngineMaterials/M_InvalidLightmapSettings.uasset" 547
"../../../Engine/Content/Functions/Engine_MaterialFunctions02/WorldPositionOffset/CameraOffset.uasset" 548
"../../../Engine/Content/EngineMaterials/PhAT_JointLimitMaterial.uasset" 549
"../../../Engine/Content/EngineMaterials/PreintegratedSkinBRDF.uasset" 550
"../../../Engine/Content/EngineMaterials/RemoveSurfaceMaterial.uasset" 551
"../../../Engine/Content/EngineMaterials/WeightMapPlaceholderTexture.uasset" 552
"../../../Engine/Content/EngineResources/WhiteSquareTexture.uasset" 553
"../../../Engine/Content/EngineMaterials/Widget3DPassThrough.uasset" 554
"../../../Engine/Content/EngineMaterials/Widget3DPassThrough_Masked.uasset" 555
"../../../Engine/Content/EngineMaterials/Widget3DPassThrough_Opaque.uasset" 556
"../../../Engine/Content/EngineMaterials/Widget3DPassThrough_Masked_OneSided.uasset" 557
"../../../Engine/Content/EngineMaterials/Widget3DPassThrough_Opaque_OneSided.uasset" 558
"../../../Engine/Content/EngineMaterials/Widget3DPassThrough_Translucent.uasset" 559
"../../../Engine/Content/EngineMaterials/Widget3DPassThrough_Translucent_OneSided.uasset" 560
"../../../Engine/Content/EngineMeshes/Cylinder.uasset" 561
"../../../Engine/Content/EngineMeshes/Sphere.uasset" 562
"../../../Engine/Content/EngineResources/DefaultTexture.uasset" 563
"../../../Engine/Content/EngineResources/DefaultTextureCube.uasset" 564
"../../../Engine/Content/EngineResources/DefaultVolumeTexture2D.uasset" 565
"../../../Engine/Content/EngineResources/DefaultVolumeTexture.uasset" 566
"../../../Engine/Content/EngineResources/GradientTexture0.uasset" 567
"../../../Engine/Content/EngineSounds/Master.uasset" 568
"../../../Engine/Content/Functions/Engine_MaterialFunctions01/Shading/ConvertFromDiffSpec.uasset" 569
"../../../Engine/Content/Functions/Engine_MaterialFunctions01/Shading/PowerToRoughness.uasset" 570
"../../../Engine/Content/Maps/Templates/Thumbnails/Default.uasset" 571
"../../../Engine/Content/Maps/Templates/Thumbnails/VR-Basic.uasset" 572
"../../../Engine/Content/MobileResources/T_MobileControls_texture.uasset" 573
"../../../Engine/Content/MobileResources/T_MobileMenu2.uasset" 574
"../../../Engine/Content/MobileResources/HUD/AnalogHat.uasset" 575
"../../../Engine/Content/MobileResources/HUD/VirtualJoystick_Background.uasset" 576
"../../../Engine/Content/MobileResources/HUD/VirtualJoystick_Thumb.uasset" 577
"../../../Engine/Content/MobileResources/HUD/DefaultVirtualJoysticks.uasset" 578
"../../../Engine/Content/MobileResources/HUD/LeftVirtualJoystickOnly.uasset" 579
"../../../Engine/Content/MobileResources/HUD/MobileHUDButton1_off.uasset" 580
"../../../Engine/Content/MobileResources/HUD/MobileHUDButton1_on.uasset" 581
"../../../Engine/Content/MobileResources/HUD/MobileHUDButton2_off.uasset" 582
"../../../Engine/Content/MobileResources/HUD/MobileHUDButton2_on.uasset" 583
"../../../Engine/Content/MobileResources/HUD/MobileHUDButton3.uasset" 584
"../../../Engine/Content/MobileResources/HUD/MobileHUDButtonFire.uasset" 585
"../../../Engine/Content/MobileResources/HUD/MobileHUDDirectionPad.uasset" 586
"../../../Engine/Content/MobileResources/HUD/MobileHUDDirectionPad2.uasset" 587
"../../../Engine/Content/MobileResources/HUD/MobileHUDDirectionPad3.uasset" 588
"../../../Engine/Content/MobileResources/HUD/MobileHUDDirectionStick.uasset" 589
"../../../Engine/Content/MobileResources/HUD/T_Castle_ThumbstickInner.uasset" 590
"../../../Engine/Content/MobileResources/HUD/T_Castle_ThumbstickOutter.uasset" 591
"../../../Engine/Content/Tutorial/ContentIntroCurve.uasset" 592
"../../../Engine/Content/VREditor/LaserPointer/VR_LaserPower_01.uasset" 593
"../../../Engine/Content/VREditor/TransformGizmo/TransformGizmoMaterial.uasset" 594
"../../../Engine/Content/VREditor/TransformGizmo/TranslucentTransformGizmoMaterial.uasset" 595
"../../../Engine/Content/VREditor/TransformGizmo/BoundingBoxCorner.uasset" 596
"../../../Engine/Content/VREditor/TransformGizmo/BoundingBoxEdge.uasset" 597
"../../../Engine/Content/VREditor/TransformGizmo/PlaneTranslationHandle.uasset" 598
"../../../Engine/Content/VREditor/TransformGizmo/Main.uasset" 599
"../../../Engine/Content/VREditor/TransformGizmo/Xray.uasset" 600
"../../../Engine/Content/VREditor/TransformGizmo/SM_Sequencer_Key.uasset" 601
"../../../Engine/Content/VREditor/TransformGizmo/SM_Sequencer_Node.uasset" 602
"../../Plugins/2D/Paper2D/Content/PlaceholderTextures/DummySpriteTexture.uasset" 603
"../../Plugins/2D/Paper2D/Content/DummySprite.uasset" 604
"../../Plugins/2D/Paper2D/Content/DefaultPaperTerrainMaterial.uasset" 605
"../../Plugins/2D/Paper2D/Content/DefaultSpriteMaterial.uasset" 606
"../../Plugins/2D/Paper2D/Content/MaskedUnlitSpriteMaterial.uasset" 607
"../../Plugins/2D/Paper2D/Content/OpaqueUnlitSpriteMaterial.uasset" 608
"../../Plugins/Runtime/Oculus/OculusVR/Content/Materials/PokeAHoleMaterial.uasset" 609
"../../Plugins/Runtime/Oculus/OculusVR/Content/Textures/GearVRController_AO.uasset" 610
"../../Plugins/Runtime/Oculus/OculusVR/Content/Textures/GearVRController_Color.uasset" 611
"../../Plugins/Runtime/Oculus/OculusVR/Content/Textures/GearVRController_Normal.uasset" 612
"../../Plugins/Runtime/Oculus/OculusVR/Content/Materials/GearVRControllerMaterial.uasset" 613
"../../Plugins/Runtime/Oculus/OculusVR/Content/Meshes/GearVrController.uasset" 614
"../../Plugins/Runtime/Oculus/OculusVR/Content/Textures/touchController_albedo.uasset" 615
"../../Plugins/Runtime/Oculus/OculusVR/Content/Textures/touchController_controlmap.uasset" 616
"../../Plugins/Runtime/Oculus/OculusVR/Content/Materials/touchController_mat.uasset" 617
"../../Plugins/Runtime/Oculus/OculusVR/Content/Meshes/LeftTouchController.uasset" 618
"../../Plugins/Runtime/Oculus/OculusVR/Content/Meshes/RiftHMD.uasset" 619
"../../Plugins/Runtime/Oculus/OculusVR/Content/Meshes/RightTouchController.uasset" 620
"../../../../GitHub/Level-Design-UE-Prototyping/Prototypes 4.21/Content/ModularWeapons/GameExample/Blueprints/ModularWeaponsExample_PC.uasset" 621
"../../../../GitHub/Level-Design-UE-Prototyping/Prototypes 4.21/Content/ModularWeapons/GameExample/Blueprints/InteractableActor.uasset" 622
"../../../../GitHub/Level-Design-UE-Prototyping/Prototypes 4.21/Content/ModularWeapons/GameExample/Blueprints/ModularWeaponsExampleCharacter.uasset" 623
"../../../../GitHub/Level-Design-UE-Prototyping/Prototypes 4.21/Content/ModularWeapons/GameExample/Textures/T_Crosshair.uasset" 624
"../../../../GitHub/Level-Design-UE-Prototyping/Prototypes 4.21/Content/ModularWeapons/GameExample/Blueprints/ModularWeaponsExampleHUD.uasset" 625
"../../../../GitHub/Level-Design-UE-Prototyping/Prototypes 4.21/Content/ModularWeapons/GameExample/Blueprints/ModularWeaponsExampleGame.uasset" 626
"../../../../GitHub/Level-Design-UE-Prototyping/Prototypes 4.21/Content/ModularWeapons/GameExample/Materials/M_SimpleBase.uasset" 627
"../../../../GitHub/Level-Design-UE-Prototyping/Prototypes 4.21/Content/ModularWeapons/GameExample/Materials/SimpleGrey.uasset" 628
"../../../Engine/Content/MapTemplates/SM_Template_Map_Floor.uasset" 629
"../../../../GitHub/Level-Design-UE-Prototyping/Prototypes 4.21/Content/ModularWeapons/GameExample/Levels/Asset_Overview.umap" 630
"../../../../GitHub/Level-Design-UE-Prototyping/Prototypes 4.21/Content/ModularWeapons/GameExample/Materials/NoFriction.uasset" 631
"../../../../GitHub/Level-Design-UE-Prototyping/Prototypes 4.21/Content/ModularWeapons/GameExample/Blueprints/ModularWeaponPhysicsObject.uasset" 632
"../../../../GitHub/Level-Design-UE-Prototyping/Prototypes 4.21/Content/ModularWeapons/GameExample/Blueprints/RandomSwordSpawner.uasset" 633
"../../../../GitHub/Level-Design-UE-Prototyping/Prototypes 4.21/Content/ModularWeapons/GameExample/Materials/Anvil.uasset" 634
"../../../../GitHub/Level-Design-UE-Prototyping/Prototypes 4.21/Content/ModularWeapons/GameExample/Materials/MI_Button.uasset" 635
"../../../../GitHub/Level-Design-UE-Prototyping/Prototypes 4.21/Content/ModularWeapons/GameExample/Materials/SimpleGrey_Shiny.uasset" 636
"../../../../GitHub/Level-Design-UE-Prototyping/Prototypes 4.21/Content/ModularWeapons/GameExample/Meshes/Button.uasset" 637
"../../../../GitHub/Level-Design-UE-Prototyping/Prototypes 4.21/Content/ModularWeapons/GameExample/Blueprints/ClickerButton.uasset" 638
"../../../../GitHub/Level-Design-UE-Prototyping/Prototypes 4.21/Content/ModularWeapons/GameExample/Materials/MI_Anvil.uasset" 639
"../../../../GitHub/Level-Design-UE-Prototyping/Prototypes 4.21/Content/ModularWeapons/GameExample/Textures/Button1.uasset" 640
"../../../../GitHub/Level-Design-UE-Prototyping/Prototypes 4.21/Content/ModularWeapons/GameExample/Textures/Crafting_Arrow_Left.uasset" 641
"../../../../GitHub/Level-Design-UE-Prototyping/Prototypes 4.21/Content/ModularWeapons/GameExample/Textures/Crafting_Arrow_Left_Hover.uasset" 642
"../../../../GitHub/Level-Design-UE-Prototyping/Prototypes 4.21/Content/ModularWeapons/GameExample/Textures/Crafting_Arrow_Right.uasset" 643
"../../../../GitHub/Level-Design-UE-Prototyping/Prototypes 4.21/Content/ModularWeapons/GameExample/Textures/Crafting_Arrow_Right_Hover.uasset" 644
"../../../../GitHub/Level-Design-UE-Prototyping/Prototypes 4.21/Content/ModularWeapons/GameExample/Textures/Crafting_Interface.uasset" 645
"../../../../GitHub/Level-Design-UE-Prototyping/Prototypes 4.21/Content/ModularWeapons/GameExample/Blueprints/CraftingExampleWidget.uasset" 646
"../../../../GitHub/Level-Design-UE-Prototyping/Prototypes 4.21/Content/ModularWeapons/GameExample/Meshes/Anvil.uasset" 647
"../../../../GitHub/Level-Design-UE-Prototyping/Prototypes 4.21/Content/ModularWeapons/GameExample/Blueprints/CraftingStation.uasset" 648
"../../../../GitHub/Level-Design-UE-Prototyping/Prototypes 4.21/Content/ModularWeapons/GameExample/Blueprints/SwordDestroyVolume.uasset" 649
"../../../../GitHub/Level-Design-UE-Prototyping/Prototypes 4.21/Content/ModularWeapons/GameExample/Materials/SimpleGrey_Rough2.uasset" 650
"../../../../GitHub/Level-Design-UE-Prototyping/Prototypes 4.21/Content/ModularWeapons/GameExample/Materials/NormalFrictionOverride.uasset" 651
"../../../../GitHub/Level-Design-UE-Prototyping/Prototypes 4.21/Content/ModularWeapons/GameExample/Materials/SimpleGrey_Dark.uasset" 652
"../../../../GitHub/Level-Design-UE-Prototyping/Prototypes 4.21/Content/ModularWeapons/GameExample/Meshes/LabelPlate.uasset" 653
"../../../../GitHub/Level-Design-UE-Prototyping/Prototypes 4.21/Content/ModularWeapons/GameExample/Materials/SimpleGrey_Light.uasset" 654
"../../../../GitHub/Level-Design-UE-Prototyping/Prototypes 4.21/Content/ModularWeapons/GameExample/Meshes/Room_Chute.uasset" 655
"../../../../GitHub/Level-Design-UE-Prototyping/Prototypes 4.21/Content/ModularWeapons/GameExample/Materials/SimpleGrey_Rough.uasset" 656
"../../../../GitHub/Level-Design-UE-Prototyping/Prototypes 4.21/Content/ModularWeapons/GameExample/Meshes/Room_End.uasset" 657
"../../../../GitHub/Level-Design-UE-Prototyping/Prototypes 4.21/Content/ModularWeapons/GameExample/Meshes/Room_Wall.uasset" 658
"../../../../GitHub/Level-Design-UE-Prototyping/Prototypes 4.21/Content/ModularWeapons/GameExample/Meshes/Room_Window.uasset" 659
"../../../../GitHub/Level-Design-UE-Prototyping/Prototypes 4.21/Content/ModularWeapons/GameExample/Levels/Demo_Examples.umap" 660
"../../../Engine/Content/EngineSky/C_Sky_Cloud_Color.uasset" 661
"../../../Engine/Content/EngineSky/C_Sky_Horizon_Color.uasset" 662
"../../../Engine/Content/EngineSky/C_Sky_Zenith_Color.uasset" 663
"../../../Engine/Content/EngineSky/T_Sky_Blue.uasset" 664
"../../../Engine/Content/EngineSky/T_Sky_Clouds_M.uasset" 665
"../../../Engine/Content/EngineSky/T_Sky_Stars.uasset" 666
"../../../Engine/Content/EngineSky/M_Sky_Panning_Clouds2.uasset" 667
"../../../Engine/Content/EngineSky/SM_SkySphere.uasset" 668
"../../../Engine/Content/EngineSky/BP_Sky_Sphere.uasset" 669
"../../../../GitHub/Level-Design-UE-Prototyping/Prototypes 4.21/Content/Prototypes/Level-0_BuiltData.uasset" 670
"../../../Engine/Content/BasicShapes/BasicShapeMaterial.uasset" 671
"../../../Engine/Content/EditorMeshes/ColorCalibrator/T_ColorGrid.uasset" 672
"../../../../GitHub/Level-Design-UE-Prototyping/Prototypes 4.21/Content/StarterContent/Materials/M_ColorGrid_LowSpec.uasset" 673
"../../../../GitHub/Level-Design-UE-Prototyping/Prototypes 4.21/Content/StarterContent/Textures/T_Metal_Aluminum_D.uasset" 674
"../../../../GitHub/Level-Design-UE-Prototyping/Prototypes 4.21/Content/StarterContent/Materials/M_Metal_Burnished_Steel.uasset" 675
"../../../Engine/Content/BasicShapes/Plane.uasset" 676
"../../../Engine/Content/BasicShapes/Sphere.uasset" 677
"../../../../GitHub/Level-Design-UE-Prototyping/Prototypes 4.21/Content/Prototypes/LevelSelection.uasset" 678
"../../../../GitHub/Level-Design-UE-Prototyping/Prototypes 4.21/Content/Prototypes/Level-0.umap" 679
"../../../../GitHub/Level-Design-UE-Prototyping/Prototypes 4.21/Content/Prototypes/Level-1/Blueprints/BP_SawWheel.uasset" 680
"../../../../GitHub/Level-Design-UE-Prototyping/Prototypes 4.21/Content/StarterContent/Textures/T_Metal_Steel_N.uasset" 681
"../../../../GitHub/Level-Design-UE-Prototyping/Prototypes 4.21/Content/StarterContent/Materials/M_Metal_Steel.uasset" 682
"../../../../GitHub/Level-Design-UE-Prototyping/Prototypes 4.21/Content/StarterContent/Particles/P_Steam_Lit.uasset" 683
"../../../../GitHub/Level-Design-UE-Prototyping/Prototypes 4.21/Content/Prototypes/Level-1/Blueprints/BP_Trophy.uasset" 684
"../../../../GitHub/Level-Design-UE-Prototyping/Prototypes 4.21/Content/Prototypes/Level-1/Materials/flicker_0-1.uasset" 685
"../../../../GitHub/Level-Design-UE-Prototyping/Prototypes 4.21/Content/Prototypes/Level-1/Materials/flicker_0-5.uasset" 686
"../../../../GitHub/Level-Design-UE-Prototyping/Prototypes 4.21/Content/Prototypes/Level-1/Materials/flicker_0-6.uasset" 687
"../../../../GitHub/Level-Design-UE-Prototyping/Prototypes 4.21/Content/StarterContent/Textures/T_Brick_Clay_New_D.uasset" 688
"../../../../GitHub/Level-Design-UE-Prototyping/Prototypes 4.21/Content/StarterContent/Textures/T_Brick_Clay_New_M.uasset" 689
"../../../../GitHub/Level-Design-UE-Prototyping/Prototypes 4.21/Content/StarterContent/Textures/T_Brick_Clay_New_N.uasset" 690
"../../../../GitHub/Level-Design-UE-Prototyping/Prototypes 4.21/Content/StarterContent/Materials/M_Brick_Clay_New.uasset" 691
"../../../../GitHub/Level-Design-UE-Prototyping/Prototypes 4.21/Content/StarterContent/Textures/T_Ceramic_Tile_M.uasset" 692
"../../../../GitHub/Level-Design-UE-Prototyping/Prototypes 4.21/Content/StarterContent/Textures/T_Ceramic_Tile_N.uasset" 693
"../../../../GitHub/Level-Design-UE-Prototyping/Prototypes 4.21/Content/StarterContent/Materials/M_Ceramic_Tile_Checker.uasset" 694
"../../../../GitHub/Level-Design-UE-Prototyping/Prototypes 4.21/Content/StarterContent/Audio/Starter_Music_Cue.uasset" 695
"../../../../GitHub/Level-Design-UE-Prototyping/Prototypes 4.21/Content/StarterContent/Props/SM_Lamp_Ceiling.uasset" 696
"../../../../GitHub/Level-Design-UE-Prototyping/Prototypes 4.21/Content/Prototypes/Level-1/1-Corridor.umap" 697
"../../../../GitHub/Level-Design-UE-Prototyping/Prototypes 4.21/Content/Prototypes/Level-2/Pawn/Anim/Box_R.uasset" 698
"../../../../GitHub/Level-Design-UE-Prototyping/Prototypes 4.21/Content/Prototypes/Level-2/Pawn/Anim/Death.uasset" 699
"../../../../GitHub/Level-Design-UE-Prototyping/Prototypes 4.21/Content/Prototypes/Level-2/Pawn/Anim/Fight_Idle_L.uasset" 700
"../../../../GitHub/Level-Design-UE-Prototyping/Prototypes 4.21/Content/Prototypes/Level-2/Pawn/Anim/React_L.uasset" 701
"../../../../GitHub/Level-Design-UE-Prototyping/Prototypes 4.21/Content/Prototypes/Level-2/Pawn/Anim/Walk.uasset" 702
"../../../../GitHub/Level-Design-UE-Prototyping/Prototypes 4.21/Content/Prototypes/Level-2/Pawn/AnimBP_Pawn.uasset" 703
"../../../../GitHub/Level-Design-UE-Prototyping/Prototypes 4.21/Content/Prototypes/Level-2/Pawn/Anim/Hook_L.uasset" 704
"../../../../GitHub/Level-Design-UE-Prototyping/Prototypes 4.21/Content/Prototypes/Level-2/Pawn/Anim/Hook_R.uasset" 705
"../../../../GitHub/Level-Design-UE-Prototyping/Prototypes 4.21/Content/Prototypes/Level-2/Pawn/Anim/RoundHouse_Kick_L.uasset" 706
"../../../../GitHub/Level-Design-UE-Prototyping/Prototypes 4.21/Content/Prototypes/Level-2/Pawn/Anim/RoundHouse_Kick_R.uasset" 707
"../../../../GitHub/Level-Design-UE-Prototyping/Prototypes 4.21/Content/FirstPersonBP/Blueprints/ABP_CombatPlayer.uasset" 708
"../../../../GitHub/Level-Design-UE-Prototyping/Prototypes 4.21/Content/Prototypes/Level-2/Pawn/Material/Beta_HighLimbsGeoSG2.uasset" 709
"../../../Engine/Content/Functions/Engine_MaterialFunctions02/SplitComponents.uasset" 710
"../../../Engine/Content/Functions/Engine_MaterialFunctions02/Utility/MakeFloat3.uasset" 711
"../../../Engine/Content/Functions/Engine_MaterialFunctions01/Chromakeying/DespillByAvg.uasset" 712
"../../../Engine/Content/Functions/Engine_MaterialFunctions01/Chromakeying/DespillManual.uasset" 713
"../../../Engine/Content/Functions/Engine_MaterialFunctions01/ImageAdjustment/SCurve.uasset" 714
"../../../Engine/Content/Functions/Engine_MaterialFunctions02/HueShift.uasset" 715
"../../../Engine/Content/Functions/Engine_MaterialFunctions01/ImageAdjustment/ColorCorrection.uasset" 716
"../../../Engine/Content/Functions/Engine_MaterialFunctions02/Utility/VectorLength.uasset" 717
"../../../Engine/Content/Functions/Engine_MaterialFunctions01/Opacity/Chroma_Key_Alpha.uasset" 718
"../../../Engine/Content/Functions/Engine_MaterialFunctions01/Texturing/UVCropping.uasset" 719
"../../../Engine/Content/EngineResources/Black.uasset" 720
"../../../Engine/Content/MaterialTemplates/Chromakeying/MF_Chromakeyer.uasset" 721
"../../../../GitHub/Level-Design-UE-Prototyping/Prototypes 4.21/Content/Prototypes/Level-2/Pawn/Material/Beta_Joints_MAT.uasset" 722
"../../../../GitHub/Level-Design-UE-Prototyping/Prototypes 4.21/Content/Prototypes/Level-2/Pawn/Anim/PA_Box.uasset" 723
"../../../../GitHub/Level-Design-UE-Prototyping/Prototypes 4.21/Content/Prototypes/Level-2/Pawn/Anim/SK_Mesh.uasset" 724
"../../../../GitHub/Level-Design-UE-Prototyping/Prototypes 4.21/Content/Prototypes/Level-2/Sounds/HookL.uasset" 725
"../../../../GitHub/Level-Design-UE-Prototyping/Prototypes 4.21/Content/Prototypes/Level-2/Sounds/HookR.uasset" 726
"../../../../GitHub/Level-Design-UE-Prototyping/Prototypes 4.21/Content/FirstPersonBP/Blueprints/CombatCharacter.uasset" 727
"../../../../GitHub/Level-Design-UE-Prototyping/Prototypes 4.21/Content/Prototypes/Level-2/Blueprints/victory-royale-transparent-2.uasset" 728
"../../../../GitHub/Level-Design-UE-Prototyping/Prototypes 4.21/Content/Prototypes/Level-2/Blueprints/Health.uasset" 729
"../../../../GitHub/Level-Design-UE-Prototyping/Prototypes 4.21/Content/Prototypes/Level-2/Sounds/Death.uasset" 730
"../../../../GitHub/Level-Design-UE-Prototyping/Prototypes 4.21/Content/Prototypes/Level-2/Sounds/Jab.uasset" 731
"../../../../GitHub/Level-Design-UE-Prototyping/Prototypes 4.21/Content/Prototypes/Level-2/Pawn/BP_Pawn.uasset" 732
"../../../../GitHub/Level-Design-UE-Prototyping/Prototypes 4.21/Content/Prototypes/Level-2/2-Room_BuiltData.uasset" 733
"../../../Engine/Content/BasicShapes/Cylinder.uasset" 734
"../../../../GitHub/Level-Design-UE-Prototyping/Prototypes 4.21/Content/Prototypes/Level-2/Sounds/ghost-city.uasset" 735
"../../../../GitHub/Level-Design-UE-Prototyping/Prototypes 4.21/Content/Prototypes/Level-2/2-Room.umap" 736
"../../../Engine/Content/Maps/Entry_BuiltData.uasset" 737
"../../../Engine/Content/Maps/Entry.umap" 738
