Log file open, 04/09/19 22:58:37
LogWindows: Failed to load 'aqProf.dll' (GetLastError=126)
LogWindows: File 'aqProf.dll' does not exist
LogWindows: Failed to load 'VtuneApi.dll' (GetLastError=126)
LogWindows: File 'VtuneApi.dll' does not exist
LogWindows: Failed to load 'VtuneApi32e.dll' (GetLastError=126)
LogWindows: File 'VtuneApi32e.dll' does not exist
LogConsoleResponse: Display: Failed to find resolution value strings in scalability ini. Falling back to default.
LogInit: Display: Running engine for game: Prototypes
LogPakFile: Registered encryption key '00000000000000000000000000000000': 0 pak files mounted, 0 remain pending
LogPlatformFile: Not using cached read wrapper
LogTaskGraph: Started task graph with 5 named threads and 23 total threads with 3 sets of task threads.
LogStats: Stats thread started at 0.276754
LogD3D11RHI: Loaded GFSDK_Aftermath_Lib.x64.dll
LogICUInternationalization: ICU TimeZone Detection - Raw Offset: +1:00, Platform Override: ''
LogPluginManager: Mounting plugin Paper2D
LogPluginManager: Mounting plugin AISupport
LogPluginManager: Mounting plugin LightPropagationVolume
LogPluginManager: Mounting plugin ActorLayerUtilities
LogPluginManager: Mounting plugin CLionSourceCodeAccess
LogPluginManager: Mounting plugin CodeLiteSourceCodeAccess
LogPluginManager: Mounting plugin GitSourceControl
LogPluginManager: Mounting plugin KDevelopSourceCodeAccess
LogPluginManager: Mounting plugin NullSourceCodeAccess
LogPluginManager: Mounting plugin PerforceSourceControl
LogPluginManager: Mounting plugin SubversionSourceControl
LogPluginManager: Mounting plugin UObjectPlugin
LogPluginManager: Mounting plugin VisualStudioCodeSourceCodeAccess
LogPluginManager: Mounting plugin VisualStudioSourceCodeAccess
LogPluginManager: Mounting plugin XCodeSourceCodeAccess
LogPluginManager: Mounting plugin AssetManagerEditor
LogPluginManager: Mounting plugin CryptoKeys
LogPluginManager: Mounting plugin DataValidation
LogPluginManager: Mounting plugin FacialAnimation
LogPluginManager: Mounting plugin GameplayTagsEditor
LogPluginManager: Mounting plugin MacGraphicsSwitching
LogPluginManager: Mounting plugin MeshEditor
LogPluginManager: Mounting plugin MobileLauncherProfileWizard
LogPluginManager: Mounting plugin PluginBrowser
LogPluginManager: Mounting plugin SpeedTreeImporter
LogPluginManager: Mounting plugin DatasmithContent
LogPluginManager: Mounting plugin VariantManagerContent
LogPluginManager: Mounting plugin AlembicImporter
LogPluginManager: Mounting plugin AppleImageUtils
LogPluginManager: Mounting plugin AppleVision
LogPluginManager: Mounting plugin BackChannel
LogPluginManager: Mounting plugin CharacterAI
LogPluginManager: Mounting plugin GeometryCache
LogPluginManager: Mounting plugin HTML5Networking
LogPluginManager: Mounting plugin ProxyLODPlugin
LogPluginManager: Mounting plugin MagicLeap
LogPluginManager: Mounting plugin MagicLeapMedia
LogPluginManager: Mounting plugin AndroidMedia
LogPluginManager: Mounting plugin AvfMedia
LogPluginManager: Mounting plugin ImgMedia
LogPluginManager: Mounting plugin LinearTimecode
LogPluginManager: Mounting plugin MediaCompositing
LogPluginManager: Mounting plugin MediaPlayerEditor
LogPluginManager: Mounting plugin WebMMedia
LogPluginManager: Mounting plugin WmfMedia
LogPluginManager: Mounting plugin TcpMessaging
LogPluginManager: Mounting plugin UdpMessaging
LogPluginManager: Mounting plugin ActorSequence
LogPluginManager: Mounting plugin LevelSequenceEditor
LogPluginManager: Mounting plugin MatineeToLevelSequence
LogPluginManager: Mounting plugin NetcodeUnitTest
LogPluginManager: Mounting plugin NUTUnrealEngine4
LogPluginManager: Mounting plugin OnlineSubsystemGooglePlay
LogPluginManager: Mounting plugin OnlineSubsystemIOS
LogPluginManager: Mounting plugin OnlineSubsystem
LogPluginManager: Mounting plugin OnlineSubsystemNull
LogPluginManager: Mounting plugin OnlineSubsystemUtils
LogPluginManager: Mounting plugin LauncherChunkInstaller
LogPluginManager: Mounting plugin AndroidDeviceProfileSelector
LogPluginManager: Mounting plugin AndroidMoviePlayer
LogPluginManager: Mounting plugin AndroidPermission
LogPluginManager: Mounting plugin AppleMoviePlayer
LogPluginManager: Mounting plugin ArchVisCharacter
LogPluginManager: Mounting plugin AudioCapture
LogPluginManager: Mounting plugin CableComponent
LogPluginManager: Mounting plugin CustomMeshComponent
LogPluginManager: Mounting plugin EditableMesh
LogPluginManager: Mounting plugin ExampleDeviceProfileSelector
LogPluginManager: Mounting plugin Firebase
LogPluginManager: Mounting plugin GoogleCloudMessaging
LogPluginManager: Mounting plugin IOSDeviceProfileSelector
LogPluginManager: Mounting plugin LinuxDeviceProfileSelector
LogPluginManager: Mounting plugin LocationServicesBPLibrary
LogPluginManager: Mounting plugin MobilePatchingUtils
LogPluginManager: Mounting plugin OculusVR
LogPluginManager: Mounting plugin PhysXVehicles
LogPluginManager: Mounting plugin ProceduralMeshComponent
LogPluginManager: Mounting plugin RuntimePhysXCooking
LogPluginManager: Mounting plugin SteamVR
LogPluginManager: Mounting plugin WebMMoviePlayer
LogPluginManager: Mounting plugin WindowsMoviePlayer
LogStreaming: Display: Took  0.099s to configure plugins.
LogInit: Using libcurl 7.55.1-DEV
LogInit:  - built for x86_64-pc-win32
LogInit:  - supports SSL with OpenSSL/1.0.2h
LogInit:  - supports HTTP deflate (compression) using libz 1.2.8
LogInit:  - other features:
LogInit:      CURL_VERSION_SSL
LogInit:      CURL_VERSION_LIBZ
LogInit:      CURL_VERSION_IPV6
LogInit:      CURL_VERSION_ASYNCHDNS
LogInit:      CURL_VERSION_LARGEFILE
LogInit:      CURL_VERSION_IDN
LogInit:  CurlRequestOptions (configurable via config and command line):
LogInit:  - bVerifyPeer = true  - Libcurl will verify peer certificate
LogInit:  - bUseHttpProxy = false  - Libcurl will NOT use HTTP proxy
LogInit:  - bDontReuseConnections = false  - Libcurl will reuse connections
LogInit:  - MaxHostConnections = 16  - Libcurl will limit the number of connections to a host
LogInit:  - LocalHostAddr = Default
LogInit:  - BufferSize = 65536
LogInit: WinSock: version 1.1 (2.2), MaxSocks=32767, MaxUdp=65467
LogInit: Build: ++UE4+Release-4.21-CL-4753647
LogInit: Engine Version: 4.21.2-4753647+++UE4+Release-4.21
LogInit: Compatible Engine Version: 4.21.0-4541578+++UE4+Release-4.21
LogInit: Net CL: 4541578
LogInit: OS: Windows 10 (), CPU: Intel(R) Core(TM) i7-7700HQ CPU @ 2.80GHz, GPU: Intel(R) HD Graphics 630
LogInit: Compiled (64-bit): Jan 19 2019 02:07:31
LogInit: Compiled with Visual C++: 19.13.26129.00
LogInit: Build Configuration: Development
LogInit: Branch Name: ++UE4+Release-4.21
LogInit: Command Line: 
LogInit: Base Directory: D:/Program Files/Epic Games/UE_4.21/Engine/Binaries/Win64/
LogInit: Installed Engine Build: 1
LogDevObjectVersion: Number of dev versions registered: 22
LogDevObjectVersion:   Dev-Blueprints (B0D832E4-1F89-4F0D-ACCF-7EB736FD4AA2): 10
LogDevObjectVersion:   Dev-Build (E1C64328-A22C-4D53-A36C-8E866417BD8C): 0
LogDevObjectVersion:   Dev-Core (375EC13C-06E4-48FB-B500-84F0262A717E): 2
LogDevObjectVersion:   Dev-Editor (E4B068ED-F494-42E9-A231-DA0B2E46BB41): 26
LogDevObjectVersion:   Dev-Framework (CFFC743F-43B0-4480-9391-14DF171D2073): 34
LogDevObjectVersion:   Dev-Mobile (B02B49B5-BB20-44E9-A304-32B752E40360): 2
LogDevObjectVersion:   Dev-Networking (A4E4105C-59A1-49B5-A7C5-40C4547EDFEE): 0
LogDevObjectVersion:   Dev-Online (39C831C9-5AE6-47DC-9A44-9C173E1C8E7C): 0
LogDevObjectVersion:   Dev-Physics (78F01B33-EBEA-4F98-B9B4-84EACCB95AA2): 0
LogDevObjectVersion:   Dev-Platform (6631380F-2D4D-43E0-8009-CF276956A95A): 0
LogDevObjectVersion:   Dev-Rendering (12F88B9F-8875-4AFC-A67C-D90C383ABD29): 27
LogDevObjectVersion:   Dev-Sequencer (7B5AE74C-D270-4C10-A958-57980B212A5A): 9
LogDevObjectVersion:   Dev-VR (D7296918-1DD6-4BDD-9DE2-64A83CC13884): 2
LogDevObjectVersion:   Dev-LoadTimes (C2A15278-BFE7-4AFE-6C17-90FF531DF755): 1
LogDevObjectVersion:   Private-Geometry (6EACA3D4-40EC-4CC1-B786-8BED09428FC5): 3
LogDevObjectVersion:   Dev-AnimPhys (29E575DD-E0A3-4627-9D10-D276232CDCEA): 17
LogDevObjectVersion:   Dev-Anim (AF43A65D-7FD3-4947-9873-3E8ED9C1BB05): 2
LogDevObjectVersion:   Dev-ReflectionCapture (6B266CEC-1EC7-4B8F-A30B-E4D90942FC07): 1
LogDevObjectVersion:   Dev-Automation (0DF73D61-A23F-47EA-B727-89E90C41499A): 1
LogDevObjectVersion:   FortniteMain (601D1886-AC64-4F84-AA16-D3DE0DEAC7D6): 17
LogDevObjectVersion:   Dev-Enterprise (9DFFBCD6-494F-0158-E221-12823C92A888): 4
LogDevObjectVersion:   Dev-Niagara (F2AED0AC-9AFE-416F-8664-AA7FFA26D6FC): 1
LogStreaming: Display: Took  0.004s to delete old logs.
LogInit: Presizing for max 8388607 objects, including 0 objects not considered by GC, pre-allocating 0 bytes for permanent pool.
LogInit: Object subsystem initialized
LogConfig: Setting CVar [[con.DebugEarlyDefault:1]]
LogConfig: Setting CVar [[r.setres:1280x720]]
[2019.04.09-20.58.37:328][  0]LogConfig: Setting CVar [[r.VSync:0]]
[2019.04.09-20.58.37:328][  0]LogConfig: Setting CVar [[r.RHICmdBypass:0]]
[2019.04.09-20.58.37:328][  0]LogConfig: Applying CVar settings from Section [/Script/Engine.RendererSettings] File [C:/Users/simon/Documents/GitHub/Level-Design-UE-Prototyping/Prototypes 4.21/Saved/Config/Windows/Engine.ini]
[2019.04.09-20.58.37:328][  0]LogConfig: Setting CVar [[r.GPUCrashDebugging:0]]
[2019.04.09-20.58.37:328][  0]LogConfig: Setting CVar [[r.MobileHDR:1]]
[2019.04.09-20.58.37:328][  0]LogConfig: Setting CVar [[r.Mobile.DisableVertexFog:1]]
[2019.04.09-20.58.37:328][  0]LogConfig: Setting CVar [[r.Shadow.CSM.MaxMobileCascades:2]]
[2019.04.09-20.58.37:328][  0]LogConfig: Setting CVar [[r.MobileMSAA:1]]
[2019.04.09-20.58.37:328][  0]LogConfig: Setting CVar [[r.Mobile.UseLegacyShadingModel:0]]
[2019.04.09-20.58.37:328][  0]LogConfig: Setting CVar [[r.DiscardUnusedQuality:0]]
[2019.04.09-20.58.37:328][  0]LogConfig: Setting CVar [[r.AllowOcclusionQueries:1]]
[2019.04.09-20.58.37:328][  0]LogConfig: Setting CVar [[r.MinScreenRadiusForLights:0.030000]]
[2019.04.09-20.58.37:328][  0]LogConfig: Setting CVar [[r.MinScreenRadiusForDepthPrepass:0.030000]]
[2019.04.09-20.58.37:328][  0]LogConfig: Setting CVar [[r.MinScreenRadiusForCSMDepth:0.010000]]
[2019.04.09-20.58.37:328][  0]LogConfig: Setting CVar [[r.PrecomputedVisibilityWarning:0]]
[2019.04.09-20.58.37:328][  0]LogConfig: Setting CVar [[r.TextureStreaming:1]]
[2019.04.09-20.58.37:328][  0]LogConfig: Setting CVar [[Compat.UseDXT5NormalMaps:0]]
[2019.04.09-20.58.37:328][  0]LogConfig: Setting CVar [[r.ClearCoatNormal:0]]
[2019.04.09-20.58.37:328][  0]LogConfig: Setting CVar [[r.ReflectionCaptureResolution:128]]
[2019.04.09-20.58.37:329][  0]LogConfig: Setting CVar [[r.ReflectionEnvironmentLightmapMixBasedOnRoughness:1]]
[2019.04.09-20.58.37:329][  0]LogConfig: Setting CVar [[r.ForwardShading:0]]
[2019.04.09-20.58.37:329][  0]LogConfig: Setting CVar [[r.VertexFoggingForOpaque:1]]
[2019.04.09-20.58.37:329][  0]LogConfig: Setting CVar [[r.AllowStaticLighting:1]]
[2019.04.09-20.58.37:329][  0]LogConfig: Setting CVar [[r.NormalMapsForStaticLighting:0]]
[2019.04.09-20.58.37:329][  0]LogConfig: Setting CVar [[r.GenerateMeshDistanceFields:0]]
[2019.04.09-20.58.37:329][  0]LogConfig: Setting CVar [[r.DistanceFieldBuild.EightBit:0]]
[2019.04.09-20.58.37:329][  0]LogConfig: Setting CVar [[r.GenerateLandscapeGIData:0]]
[2019.04.09-20.58.37:329][  0]LogConfig: Setting CVar [[r.DistanceFieldBuild.Compress:0]]
[2019.04.09-20.58.37:329][  0]LogConfig: Setting CVar [[r.TessellationAdaptivePixelsPerTriangle:48.000000]]
[2019.04.09-20.58.37:329][  0]LogConfig: Setting CVar [[r.SeparateTranslucency:1]]
[2019.04.09-20.58.37:329][  0]LogConfig: Setting CVar [[r.TranslucentSortPolicy:0]]
[2019.04.09-20.58.37:329][  0]LogConfig: Setting CVar [[r.CustomDepth:1]]
[2019.04.09-20.58.37:329][  0]LogConfig: Setting CVar [[r.CustomDepthTemporalAAJitter:1]]
[2019.04.09-20.58.37:329][  0]LogConfig: Setting CVar [[r.PostProcessing.PropagateAlpha:0]]
[2019.04.09-20.58.37:329][  0]LogConfig: Setting CVar [[r.DOF.Algorithm:1]]
[2019.04.09-20.58.37:329][  0]LogConfig: Setting CVar [[r.UsePreExposure:0]]
[2019.04.09-20.58.37:329][  0]LogConfig: Setting CVar [[r.DefaultFeature.Bloom:1]]
[2019.04.09-20.58.37:329][  0]LogConfig: Setting CVar [[r.DefaultFeature.AmbientOcclusion:1]]
[2019.04.09-20.58.37:329][  0]LogConfig: Setting CVar [[r.DefaultFeature.AmbientOcclusionStaticFraction:1]]
[2019.04.09-20.58.37:329][  0]LogConfig: Setting CVar [[r.DefaultFeature.AutoExposure:0]]
[2019.04.09-20.58.37:329][  0]LogConfig: Setting CVar [[r.DefaultFeature.AutoExposure.Method:0]]
[2019.04.09-20.58.37:329][  0]LogConfig: Setting CVar [[r.DefaultFeature.MotionBlur:0]]
[2019.04.09-20.58.37:329][  0]LogConfig: Setting CVar [[r.DefaultFeature.LensFlare:0]]
[2019.04.09-20.58.37:329][  0]LogConfig: Setting CVar [[r.TemporalAA.Upsampling:0]]
[2019.04.09-20.58.37:329][  0]LogConfig: Setting CVar [[r.DefaultFeature.AntiAliasing:0]]
[2019.04.09-20.58.37:329][  0]LogConfig: Setting CVar [[r.DefaultBackBufferPixelFormat:4]]
[2019.04.09-20.58.37:329][  0]LogConfig: Setting CVar [[r.Shadow.UnbuiltPreviewInGame:1]]
[2019.04.09-20.58.37:329][  0]LogConfig: Setting CVar [[r.StencilForLODDither:0]]
[2019.04.09-20.58.37:329][  0]LogConfig: Setting CVar [[r.EarlyZPass:3]]
[2019.04.09-20.58.37:329][  0]LogConfig: Setting CVar [[r.EarlyZPassMovable:1]]
[2019.04.09-20.58.37:329][  0]LogConfig: Setting CVar [[r.EarlyZPassOnlyMaterialMasking:0]]
[2019.04.09-20.58.37:329][  0]LogConfig: Setting CVar [[r.DBuffer:1]]
[2019.04.09-20.58.37:329][  0]LogConfig: Setting CVar [[r.ClearSceneMethod:1]]
[2019.04.09-20.58.37:329][  0]LogConfig: Setting CVar [[r.BasePassOutputsVelocity:0]]
[2019.04.09-20.58.37:329][  0]LogConfig: Setting CVar [[r.SelectiveBasePassOutputs:0]]
[2019.04.09-20.58.37:329][  0]LogConfig: Setting CVar [[fx.GPUSimulationTextureSizeX:1024]]
[2019.04.09-20.58.37:329][  0]LogConfig: Setting CVar [[fx.GPUSimulationTextureSizeY:1024]]
[2019.04.09-20.58.37:329][  0]LogConfig: Setting CVar [[r.AllowGlobalClipPlane:0]]
[2019.04.09-20.58.37:329][  0]LogConfig: Setting CVar [[r.GBufferFormat:1]]
[2019.04.09-20.58.37:329][  0]LogConfig: Setting CVar [[r.MorphTarget.Mode:1]]
[2019.04.09-20.58.37:329][  0]LogConfig: Setting CVar [[vr.InstancedStereo:0]]
[2019.04.09-20.58.37:329][  0]LogConfig: Setting CVar [[vr.MultiView:0]]
[2019.04.09-20.58.37:329][  0]LogConfig: Setting CVar [[vr.MobileMultiView:0]]
[2019.04.09-20.58.37:329][  0]LogConfig: Setting CVar [[vr.MobileMultiView.Direct:0]]
[2019.04.09-20.58.37:329][  0]LogConfig: Setting CVar [[vr.MonoscopicFarField:0]]
[2019.04.09-20.58.37:329][  0]LogConfig: Setting CVar [[vr.ODSCapture:0]]
[2019.04.09-20.58.37:329][  0]LogConfig: Setting CVar [[r.WireframeCullThreshold:5.000000]]
[2019.04.09-20.58.37:329][  0]LogConfig: Setting CVar [[r.SupportStationarySkylight:1]]
[2019.04.09-20.58.37:329][  0]LogConfig: Setting CVar [[r.SupportLowQualityLightmaps:1]]
[2019.04.09-20.58.37:329][  0]LogConfig: Setting CVar [[r.SupportPointLightWholeSceneShadows:1]]
[2019.04.09-20.58.37:329][  0]LogConfig: Setting CVar [[r.SupportAtmosphericFog:1]]
[2019.04.09-20.58.37:329][  0]LogConfig: Setting CVar [[r.SkinCache.CompileShaders:0]]
[2019.04.09-20.58.37:329][  0]LogConfig: Setting CVar [[r.Mobile.EnableStaticAndCSMShadowReceivers:1]]
[2019.04.09-20.58.37:329][  0]LogConfig: Setting CVar [[r.Mobile.EnableMovableLightCSMShaderCulling:1]]
[2019.04.09-20.58.37:329][  0]LogConfig: Setting CVar [[r.Mobile.AllowDistanceFieldShadows:1]]
[2019.04.09-20.58.37:329][  0]LogConfig: Setting CVar [[r.Mobile.AllowMovableDirectionalLights:1]]
[2019.04.09-20.58.37:329][  0]LogConfig: Setting CVar [[r.MobileNumDynamicPointLights:4]]
[2019.04.09-20.58.37:329][  0]LogConfig: Setting CVar [[r.MobileDynamicPointLightsUseStaticBranch:1]]
[2019.04.09-20.58.37:329][  0]LogConfig: Setting CVar [[r.SkinCache.SceneMemoryLimitInMB:128.000000]]
[2019.04.09-20.58.37:329][  0]LogConfig: Setting CVar [[r.GPUSkin.Limit2BoneInfluences:0]]
[2019.04.09-20.58.37:329][  0]LogConfig: Setting CVar [[r.SupportDepthOnlyIndexBuffers:1]]
[2019.04.09-20.58.37:329][  0]LogConfig: Setting CVar [[r.SupportReversedIndexBuffers:1]]
[2019.04.09-20.58.37:329][  0]LogConfig: Setting CVar [[r.SupportMaterialLayers:0]]
[2019.04.09-20.58.37:329][  0]LogConfig: Applying CVar settings from Section [/Script/Engine.RendererOverrideSettings] File [C:/Users/simon/Documents/GitHub/Level-Design-UE-Prototyping/Prototypes 4.21/Saved/Config/Windows/Engine.ini]
[2019.04.09-20.58.37:329][  0]LogConfig: Applying CVar settings from Section [/Script/Engine.StreamingSettings] File [C:/Users/simon/Documents/GitHub/Level-Design-UE-Prototyping/Prototypes 4.21/Saved/Config/Windows/Engine.ini]
[2019.04.09-20.58.37:329][  0]LogConfig: Setting CVar [[s.MinBulkDataSizeForAsyncLoading:131072]]
[2019.04.09-20.58.37:329][  0]LogConfig: Setting CVar [[s.AsyncLoadingThreadEnabled:0]]
[2019.04.09-20.58.37:330][  0]LogConfig: Setting CVar [[s.EventDrivenLoaderEnabled:1]]
[2019.04.09-20.58.37:330][  0]LogConfig: Setting CVar [[s.WarnIfTimeLimitExceeded:0]]
[2019.04.09-20.58.37:330][  0]LogConfig: Setting CVar [[s.TimeLimitExceededMultiplier:1.5]]
[2019.04.09-20.58.37:330][  0]LogConfig: Setting CVar [[s.TimeLimitExceededMinTime:0.005]]
[2019.04.09-20.58.37:330][  0]LogConfig: Setting CVar [[s.UseBackgroundLevelStreaming:1]]
[2019.04.09-20.58.37:330][  0]LogConfig: Setting CVar [[s.PriorityAsyncLoadingExtraTime:15.0]]
[2019.04.09-20.58.37:330][  0]LogConfig: Setting CVar [[s.LevelStreamingActorsUpdateTimeLimit:5.0]]
[2019.04.09-20.58.37:330][  0]LogConfig: Setting CVar [[s.PriorityLevelStreamingActorsUpdateExtraTime:5.0]]
[2019.04.09-20.58.37:330][  0]LogConfig: Setting CVar [[s.LevelStreamingComponentsRegistrationGranularity:10]]
[2019.04.09-20.58.37:330][  0]LogConfig: Setting CVar [[s.UnregisterComponentsTimeLimit:1.0]]
[2019.04.09-20.58.37:330][  0]LogConfig: Setting CVar [[s.LevelStreamingComponentsUnregistrationGranularity:5]]
[2019.04.09-20.58.37:330][  0]LogConfig: Applying CVar settings from Section [/Script/Engine.GarbageCollectionSettings] File [C:/Users/simon/Documents/GitHub/Level-Design-UE-Prototyping/Prototypes 4.21/Saved/Config/Windows/Engine.ini]
[2019.04.09-20.58.37:330][  0]LogConfig: Setting CVar [[gc.MaxObjectsNotConsideredByGC:1]]
[2019.04.09-20.58.37:330][  0]LogConfig: Setting CVar [[gc.SizeOfPermanentObjectPool:0]]
[2019.04.09-20.58.37:330][  0]LogConfig: Setting CVar [[gc.FlushStreamingOnGC:0]]
[2019.04.09-20.58.37:330][  0]LogConfig: Setting CVar [[gc.NumRetriesBeforeForcingGC:10]]
[2019.04.09-20.58.37:330][  0]LogConfig: Setting CVar [[gc.AllowParallelGC:1]]
[2019.04.09-20.58.37:330][  0]LogConfig: Setting CVar [[gc.TimeBetweenPurgingPendingKillObjects:61.1]]
[2019.04.09-20.58.37:330][  0]LogConfig: Setting CVar [[gc.MaxObjectsInEditor:8388607]]
[2019.04.09-20.58.37:330][  0]LogConfig: Setting CVar [[gc.IncrementalBeginDestroyEnabled:1]]
[2019.04.09-20.58.37:330][  0]LogConfig: Setting CVar [[gc.CreateGCClusters:1]]
[2019.04.09-20.58.37:330][  0]LogConfig: Setting CVar [[gc.MergeGCClusters:0]]
[2019.04.09-20.58.37:330][  0]LogConfig: Setting CVar [[gc.MinGCClusterSize:5]]
[2019.04.09-20.58.37:330][  0]LogConfig: Setting CVar [[gc.ActorClusteringEnabled:0]]
[2019.04.09-20.58.37:330][  0]LogConfig: Setting CVar [[gc.BlueprintClusteringEnabled:0]]
[2019.04.09-20.58.37:330][  0]LogConfig: Setting CVar [[gc.UseDisregardForGCOnDedicatedServers:0]]
[2019.04.09-20.58.37:330][  0]LogConfig: Applying CVar settings from Section [/Script/Engine.NetworkSettings] File [C:/Users/simon/Documents/GitHub/Level-Design-UE-Prototyping/Prototypes 4.21/Saved/Config/Windows/Engine.ini]
[2019.04.09-20.58.37:330][  0]LogConfig: Applying CVar settings from Section [/Script/UnrealEd.CookerSettings] File [C:/Users/simon/Documents/GitHub/Level-Design-UE-Prototyping/Prototypes 4.21/Saved/Config/Windows/Engine.ini]
[2019.04.09-20.58.37:333][  0]LogConfig: Applying CVar settings from Section [ViewDistanceQuality@3] File [C:/Users/simon/Documents/GitHub/Level-Design-UE-Prototyping/Prototypes 4.21/Saved/Config/Windows/Scalability.ini]
[2019.04.09-20.58.37:333][  0]LogConfig: Setting CVar [[r.SkeletalMeshLODBias:0]]
[2019.04.09-20.58.37:333][  0]LogConfig: Setting CVar [[r.ViewDistanceScale:1.0]]
[2019.04.09-20.58.37:333][  0]LogConfig: Applying CVar settings from Section [AntiAliasingQuality@3] File [C:/Users/simon/Documents/GitHub/Level-Design-UE-Prototyping/Prototypes 4.21/Saved/Config/Windows/Scalability.ini]
[2019.04.09-20.58.37:333][  0]LogConfig: Setting CVar [[r.PostProcessAAQuality:4]]
[2019.04.09-20.58.37:333][  0]LogConfig: Applying CVar settings from Section [ShadowQuality@3] File [C:/Users/simon/Documents/GitHub/Level-Design-UE-Prototyping/Prototypes 4.21/Saved/Config/Windows/Scalability.ini]
[2019.04.09-20.58.37:333][  0]LogConfig: Setting CVar [[r.LightFunctionQuality:1]]
[2019.04.09-20.58.37:333][  0]LogConfig: Setting CVar [[r.ShadowQuality:5]]
[2019.04.09-20.58.37:333][  0]LogConfig: Setting CVar [[r.Shadow.CSM.MaxCascades:10]]
[2019.04.09-20.58.37:333][  0]LogConfig: Setting CVar [[r.Shadow.MaxResolution:2048]]
[2019.04.09-20.58.37:333][  0]LogConfig: Setting CVar [[r.Shadow.MaxCSMResolution:2048]]
[2019.04.09-20.58.37:333][  0]LogConfig: Setting CVar [[r.Shadow.RadiusThreshold:0.01]]
[2019.04.09-20.58.37:333][  0]LogConfig: Setting CVar [[r.Shadow.DistanceScale:1.0]]
[2019.04.09-20.58.37:333][  0]LogConfig: Setting CVar [[r.Shadow.CSM.TransitionScale:1.0]]
[2019.04.09-20.58.37:333][  0]LogConfig: Setting CVar [[r.Shadow.PreShadowResolutionFactor:1.0]]
[2019.04.09-20.58.37:333][  0]LogConfig: Setting CVar [[r.DistanceFieldShadowing:1]]
[2019.04.09-20.58.37:333][  0]LogConfig: Setting CVar [[r.DistanceFieldAO:1]]
[2019.04.09-20.58.37:333][  0]LogConfig: Setting CVar [[r.AOQuality:2]]
[2019.04.09-20.58.37:333][  0]LogConfig: Setting CVar [[r.VolumetricFog:1]]
[2019.04.09-20.58.37:333][  0]LogConfig: Setting CVar [[r.VolumetricFog.GridPixelSize:8]]
[2019.04.09-20.58.37:333][  0]LogConfig: Setting CVar [[r.VolumetricFog.GridSizeZ:128]]
[2019.04.09-20.58.37:333][  0]LogConfig: Setting CVar [[r.VolumetricFog.HistoryMissSupersampleCount:4]]
[2019.04.09-20.58.37:333][  0]LogConfig: Setting CVar [[r.LightMaxDrawDistanceScale:1]]
[2019.04.09-20.58.37:333][  0]LogConfig: Setting CVar [[r.CapsuleShadows:1]]
[2019.04.09-20.58.37:333][  0]LogConfig: Applying CVar settings from Section [PostProcessQuality@3] File [C:/Users/simon/Documents/GitHub/Level-Design-UE-Prototyping/Prototypes 4.21/Saved/Config/Windows/Scalability.ini]
[2019.04.09-20.58.37:333][  0]LogConfig: Setting CVar [[r.MotionBlurQuality:4]]
[2019.04.09-20.58.37:333][  0]LogConfig: Setting CVar [[r.AmbientOcclusionMipLevelFactor:0.4]]
[2019.04.09-20.58.37:333][  0]LogConfig: Setting CVar [[r.AmbientOcclusionMaxQuality:100]]
[2019.04.09-20.58.37:333][  0]LogConfig: Setting CVar [[r.AmbientOcclusionLevels:-1]]
[2019.04.09-20.58.37:333][  0]LogConfig: Setting CVar [[r.AmbientOcclusionRadiusScale:1.0]]
[2019.04.09-20.58.37:333][  0]LogConfig: Setting CVar [[r.DepthOfFieldQuality:2]]
[2019.04.09-20.58.37:333][  0]LogConfig: Setting CVar [[r.RenderTargetPoolMin:400]]
[2019.04.09-20.58.37:333][  0]LogConfig: Setting CVar [[r.LensFlareQuality:2]]
[2019.04.09-20.58.37:333][  0]LogConfig: Setting CVar [[r.SceneColorFringeQuality:1]]
[2019.04.09-20.58.37:333][  0]LogConfig: Setting CVar [[r.EyeAdaptationQuality:2]]
[2019.04.09-20.58.37:333][  0]LogConfig: Setting CVar [[r.BloomQuality:5]]
[2019.04.09-20.58.37:333][  0]LogConfig: Setting CVar [[r.FastBlurThreshold:100]]
[2019.04.09-20.58.37:333][  0]LogConfig: Setting CVar [[r.Upscale.Quality:3]]
[2019.04.09-20.58.37:333][  0]LogConfig: Setting CVar [[r.Tonemapper.GrainQuantization:1]]
[2019.04.09-20.58.37:333][  0]LogConfig: Setting CVar [[r.LightShaftQuality:1]]
[2019.04.09-20.58.37:333][  0]LogConfig: Setting CVar [[r.Filter.SizeScale:1]]
[2019.04.09-20.58.37:333][  0]LogConfig: Setting CVar [[r.Tonemapper.Quality:5]]
[2019.04.09-20.58.37:333][  0]LogConfig: Setting CVar [[r.DOF.Gather.AccumulatorQuality:1        ; higher gathering accumulator quality]]
[2019.04.09-20.58.37:333][  0]LogConfig: Setting CVar [[r.DOF.Gather.PostfilterMethod:1          ; Median3x3 postfilering method]]
[2019.04.09-20.58.37:333][  0]LogConfig: Setting CVar [[r.DOF.Gather.EnableBokehSettings:0       ; no bokeh simulation when gathering]]
[2019.04.09-20.58.37:333][  0]LogConfig: Setting CVar [[r.DOF.Gather.RingCount:4                 ; medium number of samples when gathering]]
[2019.04.09-20.58.37:333][  0]LogConfig: Setting CVar [[r.DOF.Scatter.ForegroundCompositing:1    ; additive foreground scattering]]
[2019.04.09-20.58.37:333][  0]LogConfig: Setting CVar [[r.DOF.Scatter.BackgroundCompositing:2    ; additive background scattering]]
[2019.04.09-20.58.37:333][  0]LogConfig: Setting CVar [[r.DOF.Scatter.EnableBokehSettings:1      ; bokeh simulation when scattering]]
[2019.04.09-20.58.37:333][  0]LogConfig: Setting CVar [[r.DOF.Scatter.MaxSpriteRatio:0.1         ; only a maximum of 10% of scattered bokeh]]
[2019.04.09-20.58.37:333][  0]LogConfig: Setting CVar [[r.DOF.Recombine.Quality:1                ; cheap slight out of focus]]
[2019.04.09-20.58.37:333][  0]LogConfig: Setting CVar [[r.DOF.Recombine.EnableBokehSettings:0    ; no bokeh simulation on slight out of focus]]
[2019.04.09-20.58.37:333][  0]LogConfig: Setting CVar [[r.DOF.TemporalAAQuality:1                ; more stable temporal accumulation]]
[2019.04.09-20.58.37:333][  0]LogConfig: Setting CVar [[r.DOF.Kernel.MaxForegroundRadius:0.025]]
[2019.04.09-20.58.37:333][  0]LogConfig: Setting CVar [[r.DOF.Kernel.MaxBackgroundRadius:0.025]]
[2019.04.09-20.58.37:333][  0]LogConfig: Applying CVar settings from Section [TextureQuality@3] File [C:/Users/simon/Documents/GitHub/Level-Design-UE-Prototyping/Prototypes 4.21/Saved/Config/Windows/Scalability.ini]
[2019.04.09-20.58.37:333][  0]LogConfig: Setting CVar [[r.Streaming.MipBias:0]]
[2019.04.09-20.58.37:333][  0]LogConfig: Setting CVar [[r.Streaming.AmortizeCPUToGPUCopy:0]]
[2019.04.09-20.58.37:333][  0]LogConfig: Setting CVar [[r.Streaming.MaxNumTexturesToStreamPerFrame:0]]
[2019.04.09-20.58.37:333][  0]LogConfig: Setting CVar [[r.Streaming.Boost:1]]
[2019.04.09-20.58.37:333][  0]LogConfig: Setting CVar [[r.MaxAnisotropy:8]]
[2019.04.09-20.58.37:334][  0]LogConfig: Setting CVar [[r.Streaming.LimitPoolSizeToVRAM:0]]
[2019.04.09-20.58.37:334][  0]LogConfig: Setting CVar [[r.Streaming.PoolSize:1000]]
[2019.04.09-20.58.37:334][  0]LogConfig: Setting CVar [[r.Streaming.MaxEffectiveScreenSize:0]]
[2019.04.09-20.58.37:334][  0]LogConfig: Applying CVar settings from Section [EffectsQuality@3] File [C:/Users/simon/Documents/GitHub/Level-Design-UE-Prototyping/Prototypes 4.21/Saved/Config/Windows/Scalability.ini]
[2019.04.09-20.58.37:334][  0]LogConfig: Setting CVar [[r.TranslucencyLightingVolumeDim:64]]
[2019.04.09-20.58.37:334][  0]LogConfig: Setting CVar [[r.RefractionQuality:2]]
[2019.04.09-20.58.37:334][  0]LogConfig: Setting CVar [[r.SSR.Quality:3]]
[2019.04.09-20.58.37:334][  0]LogConfig: Setting CVar [[r.SceneColorFormat:4]]
[2019.04.09-20.58.37:334][  0]LogConfig: Setting CVar [[r.DetailMode:2]]
[2019.04.09-20.58.37:334][  0]LogConfig: Setting CVar [[r.TranslucencyVolumeBlur:1]]
[2019.04.09-20.58.37:334][  0]LogConfig: Setting CVar [[r.MaterialQualityLevel:1 ; High quality]]
[2019.04.09-20.58.37:334][  0]LogConfig: Setting CVar [[r.SSS.Scale:1]]
[2019.04.09-20.58.37:334][  0]LogConfig: Setting CVar [[r.SSS.SampleSet:2]]
[2019.04.09-20.58.37:334][  0]LogConfig: Setting CVar [[r.SSS.Quality:1]]
[2019.04.09-20.58.37:334][  0]LogConfig: Setting CVar [[r.SSS.HalfRes:1]]
[2019.04.09-20.58.37:334][  0]LogConfig: Setting CVar [[r.EmitterSpawnRateScale:1.0]]
[2019.04.09-20.58.37:334][  0]LogConfig: Setting CVar [[r.ParticleLightQuality:2]]
[2019.04.09-20.58.37:334][  0]LogConfig: Applying CVar settings from Section [FoliageQuality@3] File [C:/Users/simon/Documents/GitHub/Level-Design-UE-Prototyping/Prototypes 4.21/Saved/Config/Windows/Scalability.ini]
[2019.04.09-20.58.37:334][  0]LogConfig: Setting CVar [[foliage.DensityScale:1.0]]
[2019.04.09-20.58.37:334][  0]LogConfig: Setting CVar [[grass.DensityScale:1.0]]
[2019.04.09-20.58.37:334][  0]LogInit: Selected Device Profile: [Windows]
[2019.04.09-20.58.37:334][  0]LogInit: Applying CVar settings loaded from the selected device profile: [Windows]
[2019.04.09-20.58.37:342][  0]LogHAL: Display: Platform has ~ 16 GB [17059717120 / 17179869184 / 16], which maps to Larger [LargestMinGB=32, LargerMinGB=12, DefaultMinGB=8, SmallerMinGB=6, SmallestMinGB=0)
[2019.04.09-20.58.37:342][  0]LogConfig: Setting CVar [[r.Vulkan.UseRealUBs:1]]
[2019.04.09-20.58.37:342][  0]LogInit: Going up to parent DeviceProfile []
[2019.04.09-20.58.37:342][  0]LogConfig: Applying CVar settings from Section [ViewDistanceQuality@3] File [C:/Users/simon/Documents/GitHub/Level-Design-UE-Prototyping/Prototypes 4.21/Saved/Config/Windows/Scalability.ini]
[2019.04.09-20.58.37:342][  0]LogConfig: Setting CVar [[r.SkeletalMeshLODBias:0]]
[2019.04.09-20.58.37:342][  0]LogConfig: Setting CVar [[r.ViewDistanceScale:1.0]]
[2019.04.09-20.58.37:342][  0]LogConfig: Applying CVar settings from Section [AntiAliasingQuality@3] File [C:/Users/simon/Documents/GitHub/Level-Design-UE-Prototyping/Prototypes 4.21/Saved/Config/Windows/Scalability.ini]
[2019.04.09-20.58.37:342][  0]LogConfig: Setting CVar [[r.PostProcessAAQuality:4]]
[2019.04.09-20.58.37:342][  0]LogConfig: Applying CVar settings from Section [ShadowQuality@3] File [C:/Users/simon/Documents/GitHub/Level-Design-UE-Prototyping/Prototypes 4.21/Saved/Config/Windows/Scalability.ini]
[2019.04.09-20.58.37:342][  0]LogConfig: Setting CVar [[r.LightFunctionQuality:1]]
[2019.04.09-20.58.37:342][  0]LogConfig: Setting CVar [[r.ShadowQuality:5]]
[2019.04.09-20.58.37:342][  0]LogConfig: Setting CVar [[r.Shadow.CSM.MaxCascades:10]]
[2019.04.09-20.58.37:342][  0]LogConfig: Setting CVar [[r.Shadow.MaxResolution:2048]]
[2019.04.09-20.58.37:342][  0]LogConfig: Setting CVar [[r.Shadow.MaxCSMResolution:2048]]
[2019.04.09-20.58.37:342][  0]LogConfig: Setting CVar [[r.Shadow.RadiusThreshold:0.01]]
[2019.04.09-20.58.37:342][  0]LogConfig: Setting CVar [[r.Shadow.DistanceScale:1.0]]
[2019.04.09-20.58.37:342][  0]LogConfig: Setting CVar [[r.Shadow.CSM.TransitionScale:1.0]]
[2019.04.09-20.58.37:343][  0]LogConfig: Setting CVar [[r.Shadow.PreShadowResolutionFactor:1.0]]
[2019.04.09-20.58.37:343][  0]LogConfig: Setting CVar [[r.DistanceFieldShadowing:1]]
[2019.04.09-20.58.37:343][  0]LogConfig: Setting CVar [[r.DistanceFieldAO:1]]
[2019.04.09-20.58.37:343][  0]LogConfig: Setting CVar [[r.AOQuality:2]]
[2019.04.09-20.58.37:343][  0]LogConfig: Setting CVar [[r.VolumetricFog:1]]
[2019.04.09-20.58.37:343][  0]LogConfig: Setting CVar [[r.VolumetricFog.GridPixelSize:8]]
[2019.04.09-20.58.37:343][  0]LogConfig: Setting CVar [[r.VolumetricFog.GridSizeZ:128]]
[2019.04.09-20.58.37:343][  0]LogConfig: Setting CVar [[r.VolumetricFog.HistoryMissSupersampleCount:4]]
[2019.04.09-20.58.37:343][  0]LogConfig: Setting CVar [[r.LightMaxDrawDistanceScale:1]]
[2019.04.09-20.58.37:343][  0]LogConfig: Setting CVar [[r.CapsuleShadows:1]]
[2019.04.09-20.58.37:343][  0]LogConfig: Applying CVar settings from Section [PostProcessQuality@3] File [C:/Users/simon/Documents/GitHub/Level-Design-UE-Prototyping/Prototypes 4.21/Saved/Config/Windows/Scalability.ini]
[2019.04.09-20.58.37:343][  0]LogConfig: Setting CVar [[r.MotionBlurQuality:4]]
[2019.04.09-20.58.37:343][  0]LogConfig: Setting CVar [[r.AmbientOcclusionMipLevelFactor:0.4]]
[2019.04.09-20.58.37:343][  0]LogConfig: Setting CVar [[r.AmbientOcclusionMaxQuality:100]]
[2019.04.09-20.58.37:343][  0]LogConfig: Setting CVar [[r.AmbientOcclusionLevels:-1]]
[2019.04.09-20.58.37:343][  0]LogConfig: Setting CVar [[r.AmbientOcclusionRadiusScale:1.0]]
[2019.04.09-20.58.37:343][  0]LogConfig: Setting CVar [[r.DepthOfFieldQuality:2]]
[2019.04.09-20.58.37:343][  0]LogConfig: Setting CVar [[r.RenderTargetPoolMin:400]]
[2019.04.09-20.58.37:343][  0]LogConfig: Setting CVar [[r.LensFlareQuality:2]]
[2019.04.09-20.58.37:343][  0]LogConfig: Setting CVar [[r.SceneColorFringeQuality:1]]
[2019.04.09-20.58.37:343][  0]LogConfig: Setting CVar [[r.EyeAdaptationQuality:2]]
[2019.04.09-20.58.37:343][  0]LogConfig: Setting CVar [[r.BloomQuality:5]]
[2019.04.09-20.58.37:343][  0]LogConfig: Setting CVar [[r.FastBlurThreshold:100]]
[2019.04.09-20.58.37:343][  0]LogConfig: Setting CVar [[r.Upscale.Quality:3]]
[2019.04.09-20.58.37:343][  0]LogConfig: Setting CVar [[r.Tonemapper.GrainQuantization:1]]
[2019.04.09-20.58.37:343][  0]LogConfig: Setting CVar [[r.LightShaftQuality:1]]
[2019.04.09-20.58.37:343][  0]LogConfig: Setting CVar [[r.Filter.SizeScale:1]]
[2019.04.09-20.58.37:343][  0]LogConfig: Setting CVar [[r.Tonemapper.Quality:5]]
[2019.04.09-20.58.37:343][  0]LogConfig: Setting CVar [[r.DOF.Gather.AccumulatorQuality:1        ; higher gathering accumulator quality]]
[2019.04.09-20.58.37:343][  0]LogConfig: Setting CVar [[r.DOF.Gather.PostfilterMethod:1          ; Median3x3 postfilering method]]
[2019.04.09-20.58.37:343][  0]LogConfig: Setting CVar [[r.DOF.Gather.EnableBokehSettings:0       ; no bokeh simulation when gathering]]
[2019.04.09-20.58.37:343][  0]LogConfig: Setting CVar [[r.DOF.Gather.RingCount:4                 ; medium number of samples when gathering]]
[2019.04.09-20.58.37:343][  0]LogConfig: Setting CVar [[r.DOF.Scatter.ForegroundCompositing:1    ; additive foreground scattering]]
[2019.04.09-20.58.37:343][  0]LogConfig: Setting CVar [[r.DOF.Scatter.BackgroundCompositing:2    ; additive background scattering]]
[2019.04.09-20.58.37:343][  0]LogConfig: Setting CVar [[r.DOF.Scatter.EnableBokehSettings:1      ; bokeh simulation when scattering]]
[2019.04.09-20.58.37:343][  0]LogConfig: Setting CVar [[r.DOF.Scatter.MaxSpriteRatio:0.1         ; only a maximum of 10% of scattered bokeh]]
[2019.04.09-20.58.37:343][  0]LogConfig: Setting CVar [[r.DOF.Recombine.Quality:1                ; cheap slight out of focus]]
[2019.04.09-20.58.37:343][  0]LogConfig: Setting CVar [[r.DOF.Recombine.EnableBokehSettings:0    ; no bokeh simulation on slight out of focus]]
[2019.04.09-20.58.37:343][  0]LogConfig: Setting CVar [[r.DOF.TemporalAAQuality:1                ; more stable temporal accumulation]]
[2019.04.09-20.58.37:343][  0]LogConfig: Setting CVar [[r.DOF.Kernel.MaxForegroundRadius:0.025]]
[2019.04.09-20.58.37:343][  0]LogConfig: Setting CVar [[r.DOF.Kernel.MaxBackgroundRadius:0.025]]
[2019.04.09-20.58.37:343][  0]LogConfig: Applying CVar settings from Section [TextureQuality@3] File [C:/Users/simon/Documents/GitHub/Level-Design-UE-Prototyping/Prototypes 4.21/Saved/Config/Windows/Scalability.ini]
[2019.04.09-20.58.37:343][  0]LogConfig: Setting CVar [[r.Streaming.MipBias:0]]
[2019.04.09-20.58.37:343][  0]LogConfig: Setting CVar [[r.Streaming.AmortizeCPUToGPUCopy:0]]
[2019.04.09-20.58.37:343][  0]LogConfig: Setting CVar [[r.Streaming.MaxNumTexturesToStreamPerFrame:0]]
[2019.04.09-20.58.37:343][  0]LogConfig: Setting CVar [[r.Streaming.Boost:1]]
[2019.04.09-20.58.37:343][  0]LogConfig: Setting CVar [[r.MaxAnisotropy:8]]
[2019.04.09-20.58.37:343][  0]LogConfig: Setting CVar [[r.Streaming.LimitPoolSizeToVRAM:0]]
[2019.04.09-20.58.37:343][  0]LogConfig: Setting CVar [[r.Streaming.PoolSize:1000]]
[2019.04.09-20.58.37:343][  0]LogConfig: Setting CVar [[r.Streaming.MaxEffectiveScreenSize:0]]
[2019.04.09-20.58.37:343][  0]LogConfig: Applying CVar settings from Section [EffectsQuality@3] File [C:/Users/simon/Documents/GitHub/Level-Design-UE-Prototyping/Prototypes 4.21/Saved/Config/Windows/Scalability.ini]
[2019.04.09-20.58.37:343][  0]LogConfig: Setting CVar [[r.TranslucencyLightingVolumeDim:64]]
[2019.04.09-20.58.37:343][  0]LogConfig: Setting CVar [[r.RefractionQuality:2]]
[2019.04.09-20.58.37:343][  0]LogConfig: Setting CVar [[r.SSR.Quality:3]]
[2019.04.09-20.58.37:343][  0]LogConfig: Setting CVar [[r.SceneColorFormat:4]]
[2019.04.09-20.58.37:343][  0]LogConfig: Setting CVar [[r.DetailMode:2]]
[2019.04.09-20.58.37:343][  0]LogConfig: Setting CVar [[r.TranslucencyVolumeBlur:1]]
[2019.04.09-20.58.37:343][  0]LogConfig: Setting CVar [[r.MaterialQualityLevel:1 ; High quality]]
[2019.04.09-20.58.37:343][  0]LogConfig: Setting CVar [[r.SSS.Scale:1]]
[2019.04.09-20.58.37:343][  0]LogConfig: Setting CVar [[r.SSS.SampleSet:2]]
[2019.04.09-20.58.37:343][  0]LogConfig: Setting CVar [[r.SSS.Quality:1]]
[2019.04.09-20.58.37:343][  0]LogConfig: Setting CVar [[r.SSS.HalfRes:1]]
[2019.04.09-20.58.37:343][  0]LogConfig: Setting CVar [[r.EmitterSpawnRateScale:1.0]]
[2019.04.09-20.58.37:343][  0]LogConfig: Setting CVar [[r.ParticleLightQuality:2]]
[2019.04.09-20.58.37:343][  0]LogConfig: Applying CVar settings from Section [FoliageQuality@3] File [C:/Users/simon/Documents/GitHub/Level-Design-UE-Prototyping/Prototypes 4.21/Saved/Config/Windows/Scalability.ini]
[2019.04.09-20.58.37:343][  0]LogConfig: Setting CVar [[foliage.DensityScale:1.0]]
[2019.04.09-20.58.37:343][  0]LogConfig: Setting CVar [[grass.DensityScale:1.0]]
[2019.04.09-20.58.37:343][  0]LogConfig: Applying CVar settings from Section [Startup] File [../../../Engine/Config/ConsoleVariables.ini]
[2019.04.09-20.58.37:344][  0]LogConfig: Setting CVar [[net.UseAdaptiveNetUpdateFrequency:0]]
[2019.04.09-20.58.37:344][  0]LogConfig: Applying CVar settings from Section [ConsoleVariables] File [C:/Users/simon/Documents/GitHub/Level-Design-UE-Prototyping/Prototypes 4.21/Saved/Config/Windows/Engine.ini]
[2019.04.09-20.58.37:344][  0]LogInit: Computer: MSI
[2019.04.09-20.58.37:344][  0]LogInit: User: simon
[2019.04.09-20.58.37:344][  0]LogInit: CPU Page size=4096, Cores=4
[2019.04.09-20.58.37:344][  0]LogInit: High frequency timer resolution =10.000000 MHz
[2019.04.09-20.58.37:344][  0]LogMemory: Memory total: Physical=15.9GB (16GB approx)
[2019.04.09-20.58.37:344][  0]LogMemory: Platform Memory Stats for Windows
[2019.04.09-20.58.37:344][  0]LogMemory: Process Physical Memory: 104.24 MB used, 104.24 MB peak
[2019.04.09-20.58.37:344][  0]LogMemory: Process Virtual Memory: 93.55 MB used, 93.55 MB peak
[2019.04.09-20.58.37:344][  0]LogMemory: Physical Memory: 8203.75 MB used,  8065.66 MB free, 16269.41 MB total
[2019.04.09-20.58.37:344][  0]LogMemory: Virtual Memory: 4652.41 MB used,  134213072.00 MB free, 134217728.00 MB total
[2019.04.09-20.58.37:668][  0]LogInit: Overriding language with editor language configuration option (en).
[2019.04.09-20.58.37:668][  0]LogInit: Overriding locale with editor locale configuration option (en).
[2019.04.09-20.58.38:069][  0]LogStreaming: Display: Took  0.401s to InitEngineTextLocalization.
[2019.04.09-20.58.38:070][  0]LogInit: Setting process to per monitor DPI aware
[2019.04.09-20.58.38:102][  0]LogSlate: New Slate User Created.  User Index 0, Is Virtual User: 0
[2019.04.09-20.58.38:102][  0]LogSlate: Slate User Registered.  User Index 0, Is Virtual User: 0
[2019.04.09-20.58.38:340][  0]LogHMD: Failed to initialize OpenVR with code 110
[2019.04.09-20.58.38:340][  0]LogD3D11RHI: D3D11 adapters:
[2019.04.09-20.58.38:423][  0]LogD3D11RHI:    0. 'NVIDIA GeForce GTX 1060' (Feature Level 11_0)
[2019.04.09-20.58.38:423][  0]LogD3D11RHI:       6052/0/8134 MB DedicatedVideo/DedicatedSystem/SharedSystem, Outputs:1, VendorId:0x10de
[2019.04.09-20.58.38:435][  0]LogD3D11RHI:    1. 'Intel(R) HD Graphics 630' (Feature Level 11_0)
[2019.04.09-20.58.38:435][  0]LogD3D11RHI:       128/0/8134 MB DedicatedVideo/DedicatedSystem/SharedSystem, Outputs:0, VendorId:0x8086
[2019.04.09-20.58.38:438][  0]LogD3D11RHI:    2. 'Microsoft Basic Render Driver' (Feature Level 11_0)
[2019.04.09-20.58.38:438][  0]LogD3D11RHI:       0/0/8134 MB DedicatedVideo/DedicatedSystem/SharedSystem, Outputs:0, VendorId:0x1414
[2019.04.09-20.58.38:438][  0]LogD3D11RHI: Chosen D3D11 Adapter: 0
[2019.04.09-20.58.38:470][  0]LogD3D11RHI: Creating new Direct3DDevice
[2019.04.09-20.58.38:470][  0]LogD3D11RHI:     GPU DeviceId: 0x1c20 (for the marketing name, search the web for "GPU Device Id")
[2019.04.09-20.58.38:470][  0]LogWindows: EnumDisplayDevices:
[2019.04.09-20.58.38:470][  0]LogWindows:    0. 'Intel(R) HD Graphics 630' (P:1 D:1)
[2019.04.09-20.58.38:470][  0]LogWindows:    1. 'Intel(R) HD Graphics 630' (P:0 D:0)
[2019.04.09-20.58.38:471][  0]LogWindows:    2. 'Intel(R) HD Graphics 630' (P:0 D:0)
[2019.04.09-20.58.38:471][  0]LogWindows:    3. 'NVIDIA GeForce GTX 1060' (P:0 D:0)
[2019.04.09-20.58.38:471][  0]LogWindows:    4. 'NVIDIA GeForce GTX 1060' (P:0 D:0)
[2019.04.09-20.58.38:471][  0]LogWindows:    5. 'NVIDIA GeForce GTX 1060' (P:0 D:0)
[2019.04.09-20.58.38:472][  0]LogWindows:    6. 'NVIDIA GeForce GTX 1060' (P:0 D:0)
[2019.04.09-20.58.38:472][  0]LogWindows: DebugString: PrimaryIsNotTheChoosenAdapter PrimaryIsNotTheChoosenAdapter PrimaryIsNotTheChoosenAdapter FoundDriverCount:4 
[2019.04.09-20.58.38:472][  0]LogD3D11RHI:     Adapter Name: NVIDIA GeForce GTX 1060
[2019.04.09-20.58.38:472][  0]LogD3D11RHI:   Driver Version: 419.67 (internal:25.21.14.1967, unified:419.67)
[2019.04.09-20.58.38:472][  0]LogD3D11RHI:      Driver Date: 3-17-2019
[2019.04.09-20.58.38:472][  0]LogRHI: Texture pool is 4236 MB (70% of 6052 MB)
[2019.04.09-20.58.38:518][  0]LogD3D11RHI: Async texture creation enabled
[2019.04.09-20.58.38:532][  0]LogD3D11RHI: GPU Timing Frequency: 1000.000000 (Debug: 2 1)
[2019.04.09-20.58.38:916][  0]LogTemp: Display: Loaded TP AllDesktopTargetPlatform
[2019.04.09-20.58.38:934][  0]LogTemp: Display: Loaded TP MacClientTargetPlatform
[2019.04.09-20.58.38:950][  0]LogTemp: Display: Loaded TP MacNoEditorTargetPlatform
[2019.04.09-20.58.38:965][  0]LogTemp: Display: Loaded TP MacServerTargetPlatform
[2019.04.09-20.58.38:978][  0]LogTemp: Display: Loaded TP MacTargetPlatform
[2019.04.09-20.58.38:992][  0]LogTemp: Display: Loaded TP WindowsClientTargetPlatform
[2019.04.09-20.58.39:006][  0]LogTemp: Display: Loaded TP WindowsNoEditorTargetPlatform
[2019.04.09-20.58.39:021][  0]LogTemp: Display: Loaded TP WindowsServerTargetPlatform
[2019.04.09-20.58.39:027][  0]LogTemp: Display: Loaded TP WindowsTargetPlatform
[2019.04.09-20.58.39:110][  0]LogTemp: Display: Loaded TP AndroidTargetPlatform
[2019.04.09-20.58.39:110][  0]LogTemp: Display: Loaded TP AndroidTargetPlatform
[2019.04.09-20.58.39:110][  0]LogTemp: Display: Loaded TP AndroidTargetPlatform
[2019.04.09-20.58.39:110][  0]LogTemp: Display: Loaded TP AndroidTargetPlatform
[2019.04.09-20.58.39:110][  0]LogTemp: Display: Loaded TP AndroidTargetPlatform
[2019.04.09-20.58.39:110][  0]LogTemp: Display: Loaded TP AndroidTargetPlatform
[2019.04.09-20.58.39:110][  0]LogTemp: Display: Loaded TP AndroidTargetPlatform
[2019.04.09-20.58.39:110][  0]LogTemp: Display: Loaded TP AndroidTargetPlatform
[2019.04.09-20.58.39:110][  0]LogTemp: Display: Loaded TP AndroidTargetPlatform
[2019.04.09-20.58.39:110][  0]LogTemp: Display: Loaded TP AndroidTargetPlatform
[2019.04.09-20.58.39:110][  0]LogTemp: Display: Loaded TP AndroidTargetPlatform
[2019.04.09-20.58.39:110][  0]LogTemp: Display: Loaded TP AndroidTargetPlatform
[2019.04.09-20.58.39:110][  0]LogTemp: Display: Loaded TP AndroidTargetPlatform
[2019.04.09-20.58.39:110][  0]LogTemp: Display: Loaded TP AndroidTargetPlatform
[2019.04.09-20.58.39:110][  0]LogTemp: Display: Loaded TP AndroidTargetPlatform
[2019.04.09-20.58.39:110][  0]LogTemp: Display: Loaded TP AndroidTargetPlatform
[2019.04.09-20.58.39:110][  0]LogTemp: Display: Loaded TP AndroidTargetPlatform
[2019.04.09-20.58.39:110][  0]LogTemp: Display: Loaded TP AndroidTargetPlatform
[2019.04.09-20.58.39:112][  0]LogTemp: Display: Loaded TP HTML5TargetPlatform
[2019.04.09-20.58.39:180][  0]LogTemp: Display: Loaded TP IOSTargetPlatform
[2019.04.09-20.58.39:180][  0]LogTemp: Display: Loaded TP IOSTargetPlatform
[2019.04.09-20.58.39:205][  0]LogTemp: Display: Loaded TP TVOSTargetPlatform
[2019.04.09-20.58.39:205][  0]LogTemp: Display: Loaded TP TVOSTargetPlatform
[2019.04.09-20.58.39:218][  0]LogTemp: Display: Loaded TP LinuxClientTargetPlatform
[2019.04.09-20.58.39:231][  0]LogTemp: Display: Loaded TP LinuxNoEditorTargetPlatform
[2019.04.09-20.58.39:244][  0]LogTemp: Display: Loaded TP LinuxServerTargetPlatform
[2019.04.09-20.58.39:258][  0]LogTemp: Display: Loaded TP LinuxTargetPlatform
[2019.04.09-20.58.39:307][  0]LogTemp: Display: Loaded TP LuminTargetPlatform
[2019.04.09-20.58.39:307][  0]LogTemp: Display: Loaded TP LuminTargetPlatform
[2019.04.09-20.58.39:307][  0]LogTargetPlatformManager: Display: Building Assets For Windows
[2019.04.09-20.58.39:349][  0]LogShaderCompilers: Guid format shader working directory is -29 characters bigger than the processId version (C:/Users/simon/Documents/GitHub/Level-Design-UE-Prototyping/Prototypes 4.21/Intermediate/Shaders/WorkingDirectory/8828/).
[2019.04.09-20.58.39:349][  0]LogShaderCompilers: Cleaned the shader compiler working directory 'C:/Users/simon/AppData/Local/Temp/UnrealShaderWorkingDir/9439A1AF4E4369405FFA0C8A54F66DD8/'.
[2019.04.09-20.58.39:350][  0]LogXGEController: Cannot use XGE Controller as Incredibuild is not installed on this machine.
[2019.04.09-20.58.39:350][  0]LogShaderCompilers: Cannot use XGE Shader Compiler as Incredibuild is not installed on this machine.
[2019.04.09-20.58.39:350][  0]LogShaderCompilers: Display: Using Local Shader Compiler.
[2019.04.09-20.58.39:915][  0]LogDerivedDataCache: Display: Max Cache Size: 512 MB
[2019.04.09-20.58.39:969][  0]LogDerivedDataCache: Loaded boot cache 0.05s 71MB C:/Users/simon/AppData/Local/UnrealEngine/4.21/DerivedDataCache/Boot.ddc.
[2019.04.09-20.58.39:969][  0]LogDerivedDataCache: Display: Loaded Boot cache: C:/Users/simon/AppData/Local/UnrealEngine/4.21/DerivedDataCache/Boot.ddc
[2019.04.09-20.58.39:969][  0]LogDerivedDataCache: FDerivedDataBackendGraph:  Pak pak cache file C:/Users/simon/Documents/GitHub/Level-Design-UE-Prototyping/Prototypes 4.21/DerivedDataCache/DDC.ddp not found, will not use a pak cache.
[2019.04.09-20.58.39:969][  0]LogDerivedDataCache: Unable to find inner node Pak for hierarchical cache Hierarchy.
[2019.04.09-20.58.39:970][  0]LogDerivedDataCache: FDerivedDataBackendGraph:  CompressedPak pak cache file C:/Users/simon/Documents/GitHub/Level-Design-UE-Prototyping/Prototypes 4.21/DerivedDataCache/Compressed.ddp not found, will not use a pak cache.
[2019.04.09-20.58.39:970][  0]LogDerivedDataCache: Unable to find inner node CompressedPak for hierarchical cache Hierarchy.
[2019.04.09-20.58.39:986][  0]LogDerivedDataCache: Display: Pak cache opened for reading ../../../Engine/DerivedDataCache/Compressed.ddp.
[2019.04.09-20.58.39:986][  0]LogDerivedDataCache: FDerivedDataBackendGraph:  EnterprisePak pak cache file ../../../Enterprise/DerivedDataCache/Compressed.ddp not found, will not use a pak cache.
[2019.04.09-20.58.39:986][  0]LogDerivedDataCache: Unable to find inner node EnterprisePak for hierarchical cache Hierarchy.
[2019.04.09-20.58.39:999][  0]LogDerivedDataCache: Using Local data cache path C:/Users/simon/AppData/Local/UnrealEngine/Common/DerivedDataCache: Writable
[2019.04.09-20.58.39:999][  0]LogDerivedDataCache: Shared data cache path not found in *engine.ini, will not use an Shared cache.
[2019.04.09-20.58.39:999][  0]LogDerivedDataCache: Unable to find inner node Shared for hierarchical cache Hierarchy.
[2019.04.09-20.58.40:024][  0]LogMaterial: Verifying Global Shaders for PCD3D_SM5
[2019.04.09-20.58.40:025][  0]LogSlate: Using FreeType 2.6.0
[2019.04.09-20.58.40:026][  0]LogSlate: SlateFontServices - WITH_FREETYPE: 1, WITH_HARFBUZZ: 1
[2019.04.09-20.58.40:118][  0]LogAssetRegistry: FAssetRegistry took 0.0339 seconds to start up
[2019.04.09-20.58.40:454][  0]LogInit: Selected Device Profile: [Windows]
[2019.04.09-20.58.40:607][  0]LogSimplygon: Simplygon DLL not present - disabling.
[2019.04.09-20.58.40:609][  0]LogMeshReduction: Using SimplygonSwarm for distributed automatic mesh merging
[2019.04.09-20.58.40:609][  0]LogMeshReduction: Using ProxyLODMeshReduction for automatic mesh merging
[2019.04.09-20.58.40:609][  0]LogMeshReduction: Using QuadricMeshReduction for automatic static mesh reduction
[2019.04.09-20.58.40:609][  0]LogMeshReduction: No automatic skeletal mesh reduction module available
[2019.04.09-20.58.40:627][  0]LogNetVersion: Prototypes 1.0.0, NetCL: 4541578, EngineNetVer: 5, GameNetVer: 0 (Checksum: 3306367520)
[2019.04.09-20.58.41:123][  0]LogPackageLocalizationCache: Processed 11 localized package path(s) for 1 prioritized culture(s) in 0.046941 seconds
[2019.04.09-20.58.41:129][  0]LogUObjectArray: 39775 objects as part of root set at end of initial load.
[2019.04.09-20.58.41:129][  0]LogUObjectAllocator: 6914656 out of 0 bytes used by permanent object pool.
[2019.04.09-20.58.41:129][  0]LogUObjectArray: CloseDisregardForGC: 0/0 objects in disregard for GC pool
[2019.04.09-20.58.42:016][  0]LogTcpMessaging: Initializing TcpMessaging bridge
[2019.04.09-20.58.42:030][  0]LogUdpMessaging: Initializing bridge on interface 0.0.0.0:0 to multicast group 230.0.0.1:6666.
[2019.04.09-20.58.42:031][  0]FUdpSocketBuilder: Failed to subscribe UdpMessageMulticastSocket to multicast group 230.0.0.1
[2019.04.09-20.58.42:031][  0]FUdpSocketBuilder: Failed to create and initialize socket UdpMessageMulticastSocket (last error: 0)
[2019.04.09-20.58.42:031][  0]LogUdpMessaging: Warning: StartTransport failed to create multicast socket on 0.0.0.0:0, joined to 230.0.0.1:6666 with TTL 1
[2019.04.09-20.58.42:755][  0]SourceControl: Source control is disabled
[2019.04.09-20.58.42:755][  0]SourceControl: Source control is disabled
[2019.04.09-20.58.42:756][  0]SourceControl: Source control is disabled
[2019.04.09-20.58.42:757][  0]SourceControl: Source control is disabled
[2019.04.09-20.58.42:912][  0]LogAndroidPermission: UAndroidPermissionCallbackProxy::GetInstance
[2019.04.09-20.58.42:993][  0]LogOcInput: OculusInput pre-init called
[2019.04.09-20.58.43:135][  0]LogEngine: Initializing Engine...
[2019.04.09-20.58.43:136][  0]LogHMD: Failed to initialize OpenVR with code 110
[2019.04.09-20.58.43:138][  0]LogStats: UGameplayTagsManager::ConstructGameplayTagTree: ImportINI prefixes -  0.000 s
[2019.04.09-20.58.43:138][  0]LogStats: UGameplayTagsManager::ConstructGameplayTagTree: Construct from data asset -  0.000 s
[2019.04.09-20.58.43:138][  0]LogStats: UGameplayTagsManager::ConstructGameplayTagTree: ImportINI -  0.000 s
[2019.04.09-20.58.43:138][  0]LogStats: UGameplayTagsManager::ConstructGameplayTagTree: GameplayTagTreeChangedEvent.Broadcast -  0.000 s
[2019.04.09-20.58.43:387][  0]LogInit: Initializing FReadOnlyCVARCache
[2019.04.09-20.58.43:398][  0]LogAIModule: Creating AISystem for world Untitled
[2019.04.09-20.58.43:409][  0]LogInit: XAudio2 using 'Speakers (Realtek High Definition Audio)' : 6 channels at 48 kHz using 32 bits per sample (channel mask 0x3f)
[2019.04.09-20.58.43:521][  0]LogInit: FAudioDevice initialized.
[2019.04.09-20.58.43:521][  0]LogNetVersion: Set ProjectVersion to 1.0.0.0. Version Checksum will be recalculated on next use.
[2019.04.09-20.58.43:601][  0]LogDerivedDataCache: Saved boot cache 0.08s 71MB C:/Users/simon/AppData/Local/UnrealEngine/4.21/DerivedDataCache/Boot.ddc.
[2019.04.09-20.58.43:605][  0]LogInit: Texture streaming: Enabled
[2019.04.09-20.58.43:622][  0]LogEngineSessionManager: EngineSessionManager initialized
[2019.04.09-20.58.43:622][  0]LogEngineSessionManager: EngineSessionManager sent abnormal shutdown report. Type=Crashed, SessionId={7A0BC315-4F8A-2B96-ED6A-50AE6D7BC022}
[2019.04.09-20.58.43:634][  0]LogInit: Transaction tracking system initialized
[2019.04.09-20.58.43:650][  0]BlueprintLog: New page: Editor Load
[2019.04.09-20.58.43:707][  0]LocalizationService: Localization service is disabled
[2019.04.09-20.58.44:173][  0]LogFileCache: Scanning file cache for directory 'C:/Users/simon/Documents/GitHub/Level-Design-UE-Prototyping/Prototypes 4.21/Content/' took 0.02s
[2019.04.09-20.58.44:173][  0]LogCook: Display: Max memory allowance for cook 16384mb min free memory 0mb
[2019.04.09-20.58.44:173][  0]LogCook: Display: Mobile HDR setting 1
[2019.04.09-20.58.44:173][  0]LogGameplayTags: Display: UGameplayTagsManager::DoneAddingNativeTags. DelegateIsBound: 0
[2019.04.09-20.58.44:173][  0]LogStats: UGameplayTagsManager::ConstructGameplayTagTree: ImportINI prefixes -  0.000 s
[2019.04.09-20.58.44:173][  0]LogStats: UGameplayTagsManager::ConstructGameplayTagTree: Construct from data asset -  0.000 s
[2019.04.09-20.58.44:173][  0]LogStats: UGameplayTagsManager::ConstructGameplayTagTree: ImportINI -  0.000 s
[2019.04.09-20.58.44:173][  0]LogStats: UGameplayTagsManager::ConstructGameplayTagTree: GameplayTagTreeChangedEvent.Broadcast -  0.000 s
[2019.04.09-20.58.44:283][  0]SourceControl: Source control is disabled
[2019.04.09-20.58.44:283][  0]Cmd: MAP LOAD FILE="C:/Users/simon/Documents/GitHub/Level-Design-UE-Prototyping/Prototypes 4.21/Content/FirstPersonBP/Maps/FirstPersonExampleMap.umap" TEMPLATE=0 SHOWPROGRESS=1 FEATURELEVEL=3
[2019.04.09-20.58.44:284][  0]LightingResults: New page: Lighting Build
[2019.04.09-20.58.44:285][  0]MapCheck: New page: Map Check
[2019.04.09-20.58.44:285][  0]LightingResults: New page: Lighting Build
[2019.04.09-20.58.44:482][  0]LogLinker: Warning: Can't find file '/Game/FirstPersonBP/Maps/FirstPersonExampleMap_BuiltData'
[2019.04.09-20.58.44:482][  0]LogLinker: Warning: Can't find file for asset '/Game/FirstPersonBP/Maps/FirstPersonExampleMap_BuiltData' while loading C:/Users/simon/Documents/GitHub/Level-Design-UE-Prototyping/Prototypes 4.21/Content/FirstPersonBP/Maps/FirstPersonExampleMap.umap.
[2019.04.09-20.58.44:482][  0]LoadErrors: Error: /Game/FirstPersonBP/Maps/FirstPersonExampleMap : Can't find file for asset. /Game/FirstPersonBP/Maps/FirstPersonExampleMap_BuiltData
[2019.04.09-20.58.44:490][  0]LogLinker: Warning: Can't find file '/Game/FirstPersonBP/Maps/FirstPersonExampleMap_BuiltData'
[2019.04.09-20.58.44:490][  0]LogLinker: Warning: Can't find file for asset '/Game/FirstPersonBP/Maps/FirstPersonExampleMap_BuiltData' while loading C:/Users/simon/Documents/GitHub/Level-Design-UE-Prototyping/Prototypes 4.21/Content/FirstPersonBP/Maps/FirstPersonExampleMap.umap.
[2019.04.09-20.58.44:491][  0]LoadErrors: Error: /Game/FirstPersonBP/Maps/FirstPersonExampleMap : Can't find file for asset. /Game/FirstPersonBP/Maps/FirstPersonExampleMap_BuiltData
[2019.04.09-20.58.44:495][  0]LogLinker: Warning: Can't find file '/Game/FirstPersonBP/Maps/FirstPersonExampleMap_BuiltData'
[2019.04.09-20.58.44:495][  0]LogLinker: Warning: Can't find file for asset '/Game/FirstPersonBP/Maps/FirstPersonExampleMap_BuiltData' while loading NULL.
[2019.04.09-20.58.44:495][  0]LogLinker: Warning: Can't find file '/Game/FirstPersonBP/Maps/FirstPersonExampleMap_BuiltData'
[2019.04.09-20.58.44:495][  0]LogLinker: Warning: Can't find file for asset '/Game/FirstPersonBP/Maps/FirstPersonExampleMap_BuiltData' while loading NULL.
[2019.04.09-20.58.44:554][  0]LogLinker: Warning: Can't find file '/Game/FirstPersonBP/Maps/FirstPersonExampleMap_BuiltData'
[2019.04.09-20.58.44:554][  0]LoadErrors: Failed to load /Game/FirstPersonBP/Maps/FirstPersonExampleMap_BuiltData.FirstPersonExampleMap_BuiltData Referenced by PersistentLevel
[2019.04.09-20.58.44:554][  0]LogLinker: Warning: Can't find file for asset '/Game/FirstPersonBP/Maps/FirstPersonExampleMap_BuiltData' while loading NULL.
[2019.04.09-20.58.44:554][  0]LoadErrors: Failed to load /Game/FirstPersonBP/Maps/FirstPersonExampleMap_BuiltData.FirstPersonExampleMap_BuiltData Referenced by PersistentLevel
[2019.04.09-20.58.44:740][  0]LogAIModule: Creating AISystem for world FirstPersonExampleMap
[2019.04.09-20.58.44:753][  0]LogEditorServer: Finished looking for orphan Actors (0.000 secs)
[2019.04.09-20.58.44:781][  0]Cmd: MAP CHECKDEP NOCLEARLOG
[2019.04.09-20.58.44:781][  0]MapCheck: Map check complete: 0 Error(s), 0 Warning(s), took 0.165ms to complete.
[2019.04.09-20.58.44:781][  0]LogFileHelpers: Loading map 'FirstPersonExampleMap' took 0.499
[2019.04.09-20.58.44:892][  0]LogSlate: Updating window title bar state: overlay mode, drag disabled, window buttons hidden, title bar hidden
[2019.04.09-20.58.44:900][  0]LogSlate: Updating window title bar state: overlay mode, drag disabled, window buttons hidden, title bar hidden
[2019.04.09-20.58.44:908][  0]LogSlate: Updating window title bar state: overlay mode, drag disabled, window buttons hidden, title bar hidden
[2019.04.09-20.58.44:917][  0]LogSlate: Updating window title bar state: overlay mode, drag disabled, window buttons hidden, title bar hidden
[2019.04.09-20.58.44:922][  0]LogCollectionManager: Loaded 0 collections in 0.000847 seconds
[2019.04.09-20.58.44:950][  0]LogFileCache: Scanning file cache for directory 'C:/Users/simon/Documents/GitHub/Level-Design-UE-Prototyping/Prototypes 4.21/Saved/Collections/' took 0.01s
[2019.04.09-20.58.44:950][  0]LogFileCache: Scanning file cache for directory 'C:/Users/simon/Documents/GitHub/Level-Design-UE-Prototyping/Prototypes 4.21/Content/Developers/simon/Collections/' took 0.00s
[2019.04.09-20.58.44:950][  0]LogFileCache: Scanning file cache for directory 'C:/Users/simon/Documents/GitHub/Level-Design-UE-Prototyping/Prototypes 4.21/Content/Collections/' took 0.01s
[2019.04.09-20.58.44:950][  0]LogCollectionManager: Rebuilt the GUID cache for 0 collections in 0.000000 seconds
[2019.04.09-20.58.44:958][  0]LogContentBrowser: Native class hierarchy populated in 0.0087 seconds. Added 2651 classes and 620 folders.
[2019.04.09-20.58.44:962][  0]LogContentBrowser: Native class hierarchy updated for 'WidgetCarousel' in 0.0003 seconds. Added 0 classes and 0 folders.
[2019.04.09-20.58.44:964][  0]LogPakFile: Registered encryption key '00000000000000000000000000000000': 0 pak files mounted, 0 remain pending
[2019.04.09-20.58.44:964][  0]LogPakFile: Registered encryption key '00000000000000000000000000000000': 0 pak files mounted, 0 remain pending
[2019.04.09-20.58.44:965][  0]LogPakFile: Registered encryption key '00000000000000000000000000000000': 0 pak files mounted, 0 remain pending
[2019.04.09-20.58.44:965][  0]LogPakFile: Registered encryption key '00000000000000000000000000000000': 0 pak files mounted, 0 remain pending
[2019.04.09-20.58.44:965][  0]LogPakFile: Registered encryption key '00000000000000000000000000000000': 0 pak files mounted, 0 remain pending
[2019.04.09-20.58.44:966][  0]LogPakFile: Registered encryption key '00000000000000000000000000000000': 0 pak files mounted, 0 remain pending
[2019.04.09-20.58.44:966][  0]LogPakFile: Registered encryption key '00000000000000000000000000000000': 0 pak files mounted, 0 remain pending
[2019.04.09-20.58.44:967][  0]LogPakFile: Registered encryption key '00000000000000000000000000000000': 0 pak files mounted, 0 remain pending
[2019.04.09-20.58.44:967][  0]LogPakFile: Registered encryption key '00000000000000000000000000000000': 0 pak files mounted, 0 remain pending
[2019.04.09-20.58.44:967][  0]LogPakFile: Registered encryption key '00000000000000000000000000000000': 0 pak files mounted, 0 remain pending
[2019.04.09-20.58.44:968][  0]LogPakFile: Registered encryption key '00000000000000000000000000000000': 0 pak files mounted, 0 remain pending
[2019.04.09-20.58.44:968][  0]LogPakFile: Registered encryption key '00000000000000000000000000000000': 0 pak files mounted, 0 remain pending
[2019.04.09-20.58.44:969][  0]LogPakFile: Registered encryption key '00000000000000000000000000000000': 0 pak files mounted, 0 remain pending
[2019.04.09-20.58.44:969][  0]LogPakFile: Registered encryption key '00000000000000000000000000000000': 0 pak files mounted, 0 remain pending
[2019.04.09-20.58.44:970][  0]LogPakFile: Registered encryption key '00000000000000000000000000000000': 0 pak files mounted, 0 remain pending
[2019.04.09-20.58.44:970][  0]LogPakFile: Registered encryption key '00000000000000000000000000000000': 0 pak files mounted, 0 remain pending
[2019.04.09-20.58.44:971][  0]LogPakFile: Registered encryption key '00000000000000000000000000000000': 0 pak files mounted, 0 remain pending
[2019.04.09-20.58.44:971][  0]LogPakFile: Registered encryption key '00000000000000000000000000000000': 0 pak files mounted, 0 remain pending
[2019.04.09-20.58.44:971][  0]LogPakFile: Registered encryption key '00000000000000000000000000000000': 0 pak files mounted, 0 remain pending
[2019.04.09-20.58.44:972][  0]LogPakFile: Registered encryption key '00000000000000000000000000000000': 0 pak files mounted, 0 remain pending
[2019.04.09-20.58.44:972][  0]LogPakFile: Registered encryption key '00000000000000000000000000000000': 0 pak files mounted, 0 remain pending
[2019.04.09-20.58.44:972][  0]LogPakFile: Registered encryption key '00000000000000000000000000000000': 0 pak files mounted, 0 remain pending
[2019.04.09-20.58.44:973][  0]LogPakFile: Registered encryption key '00000000000000000000000000000000': 0 pak files mounted, 0 remain pending
[2019.04.09-20.58.44:973][  0]LogPakFile: Registered encryption key '00000000000000000000000000000000': 0 pak files mounted, 0 remain pending
[2019.04.09-20.58.44:974][  0]LogPakFile: Registered encryption key '00000000000000000000000000000000': 0 pak files mounted, 0 remain pending
[2019.04.09-20.58.44:974][  0]LogPakFile: Registered encryption key '00000000000000000000000000000000': 0 pak files mounted, 0 remain pending
[2019.04.09-20.58.45:009][  0]LogContentBrowser: Native class hierarchy updated for 'AddContentDialog' in 0.0003 seconds. Added 0 classes and 0 folders.
[2019.04.09-20.58.45:014][  0]LogContentBrowser: Native class hierarchy updated for 'SceneOutliner' in 0.0004 seconds. Added 1 classes and 2 folders.
[2019.04.09-20.58.45:073][  0]LogContentBrowser: Native class hierarchy updated for 'HierarchicalLODOutliner' in 0.0004 seconds. Added 0 classes and 0 folders.
[2019.04.09-20.58.45:073][  0]LogLoad: (Engine Initialization) Total time: 9.36 seconds
[2019.04.09-20.58.45:073][  0]LogLoad: (Engine Initialization) Total Blueprint compile time: 0.00 seconds
[2019.04.09-20.58.45:144][  0]LogContentStreaming: Texture pool size now 1000 MB
[2019.04.09-20.58.45:146][  0]LogSlate: FSceneViewport::OnFocusLost() reason 2
[2019.04.09-20.58.45:149][  0]LogSlate: Took 0.000205 seconds to synchronously load lazily loaded font '../../../Engine/Content/Slate/Fonts/Roboto-Regular.ttf' (155K)
[2019.04.09-20.58.45:153][  0]LogSlate: Took 0.000363 seconds to synchronously load lazily loaded font '../../../Engine/Content/Slate/Fonts/Roboto-Bold.ttf' (160K)
[2019.04.09-20.58.45:162][  0]LogSlate: Took 0.000213 seconds to synchronously load lazily loaded font '../../../Engine/Content/Editor/Slate/Fonts/FontAwesome.ttf' (139K)
[2019.04.09-20.58.45:355][  2]LogRenderer: Reallocating scene render targets to support 736x360 Format 10 NumSamples 1 (Frame:1).
[2019.04.09-20.58.45:467][  2]LogSlate: Took 0.000133 seconds to synchronously load lazily loaded font '../../../Engine/Content/Slate/Fonts/Roboto-Light.ttf' (167K)
[2019.04.09-20.58.45:500][  3]LogAssetRegistry: Asset discovery search completed in 5.4041 seconds
[2019.04.09-20.58.45:501][  3]LogCollectionManager: Rebuilt the object cache for 0 collections in 0.000000 seconds (found 0 objects)
[2019.04.09-20.58.45:501][  3]LogCollectionManager: Fixed up redirectors for 0 collections in 0.000045 seconds (updated 0 objects)
[2019.04.09-20.58.50:144][130]LogSlate: Window 'Message Log' being destroyed
[2019.04.09-20.58.50:183][130]LogSlate: Window 'Message Log' being destroyed
[2019.04.09-20.58.51:695][179]LogSlate: FSceneViewport::OnFocusLost() reason 0
[2019.04.09-20.58.51:919][182]LogRenderer: Reallocating scene render targets to support 1108x576 Format 10 NumSamples 1 (Frame:176).
[2019.04.09-20.58.54:591][233]LogSlate: Took 0.000185 seconds to synchronously load lazily loaded font '../../../Engine/Content/Slate/Fonts/Roboto-Light.ttf' (167K)
[2019.04.09-20.58.54:607][233]LogAssetEditorManager: Opening Asset editor for PhysicsAsset /Game/Prototypes/Level-2/Pawn/Anim/PA_Box.PA_Box
[2019.04.09-20.58.54:662][233]LogContentBrowser: Native class hierarchy updated for 'PhysicsAssetEditor' in 0.0003 seconds. Added 7 classes and 3 folders.
[2019.04.09-20.58.54:885][233]LogContentBrowser: Native class hierarchy updated for 'SkeletonEditor' in 0.0003 seconds. Added 1 classes and 2 folders.
[2019.04.09-20.58.55:312][233]LogActorComponent: RegisterComponentWithWorld: (/Engine/Transient.World_0:PersistentLevel.AnimationEditorPreviewActor_0.PhysicsAssetEditorSkeletalMeshComponent_0) Already registered. Aborting.
[2019.04.09-20.58.55:324][233]LogContentBrowser: Native class hierarchy updated for 'PinnedCommandList' in 0.0003 seconds. Added 1 classes and 0 folders.
[2019.04.09-20.58.55:789][233]LogSlate: Took 0.008299 seconds to synchronously load lazily loaded font '../../../Engine/Content/Slate/Fonts/Roboto-BoldCondensed.ttf' (158K)
[2019.04.09-20.58.55:868][233]LogContentBrowser: Native class hierarchy updated for 'ClothingSystemEditorInterface' in 0.0003 seconds. Added 1 classes and 0 folders.
[2019.04.09-20.58.55:904][234]LogRenderer: Reallocating scene render targets to support 1144x888 Format 10 NumSamples 1 (Frame:1).
[2019.04.09-20.59.01:587][400]LogSlate: FSceneViewport::OnFocusLost() reason 0
[2019.04.09-20.59.01:798][402]LogAssetEditorManager: Opening Asset editor for AnimSequence /Game/Prototypes/Level-2/Pawn/Anim/Box_L.Box_L
[2019.04.09-20.59.01:985][402]LogActorComponent: RegisterComponentWithWorld: (/Engine/Transient.World_3:PersistentLevel.AnimationEditorPreviewActor_0.DebugSkelMeshComponent_0) Already registered. Aborting.
[2019.04.09-20.59.02:010][402]LogSkeletalMesh: USkeletalMeshComponent::InitArticulated : Bodies already created (/Engine/Transient.World_3:PersistentLevel.AnimationEditorPreviewActor_0.DebugSkelMeshComponent_0) - call TermArticulated first.
[2019.04.09-20.59.02:533][402]LogContentBrowser: Verbose: The majority of assets in the view are of type: AnimSequence
[2019.04.09-20.59.10:758][625]LogAssetEditorManager: Opening Asset editor for AnimSequence /Game/Prototypes/Level-2/Pawn/Anim/Box_R.Box_R
[2019.04.09-20.59.15:022][699]LogAssetEditorManager: Opening Asset editor for AnimSequence /Game/Prototypes/Level-2/Pawn/Anim/Fight_Idle_R.Fight_Idle_R
[2019.04.09-20.59.19:755][782]LogAssetEditorManager: Opening Asset editor for AnimSequence /Game/Prototypes/Level-2/Pawn/Anim/Fight_Idle_L.Fight_Idle_L
[2019.04.09-20.59.27:150][958]LogAssetEditorManager: Opening Asset editor for AnimSequence /Game/Prototypes/Level-2/Pawn/Anim/Hook_R.Hook_R
[2019.04.09-20.59.33:112][ 72]LogAssetEditorManager: Opening Asset editor for AnimSequence /Game/Prototypes/Level-2/Pawn/Anim/RoundHouse_Kick_R.RoundHouse_Kick_R
[2019.04.09-20.59.33:623][ 72]LogD3D11RHI: Timed out while waiting for GPU to catch up. (0.5 s)
[2019.04.09-20.59.33:683][ 72]LogD3D11RHI: Error: D3DDevice failed CreateBuffer VB with ByteWidth=80, BindFlags=0x9 Usage=2, CPUAccess=0x10000, MiscFlags=0x0
[2019.04.09-20.59.33:683][ 72]LogD3D11RHI: Error: Result failed 
 at D:\Build\++UE4\Sync\Engine\Source\Runtime\Windows\D3D11RHI\Private\D3D11VertexBuffer.cpp:83 
 with error DXGI_ERROR_DEVICE_REMOVED DXGI_ERROR_DEVICE_HUNG
[2019.04.09-20.59.33:683][ 72]LogD3D11RHI: [Aftermath] GDynamicRHI=0000020A587DC140, GDX11NVAfterMathEnabled=0, Result=0xFFFFFFFF, bDeviceActive=0
[2019.04.09-20.59.33:683][ 72]LogWindows: Windows GetLastError: La operación se completó correctamente. (0)
[2019.04.09-20.59.35:234][ 72]LogOutputDevice: Warning: 

Script Stack (0 frames):

[2019.04.09-20.59.35:234][ 72]LogWindows: Windows GetLastError: La operación se completó correctamente. (0)
[2019.04.09-20.59.35:423][ 72]LogWindows: Error: === Critical error: ===
[2019.04.09-20.59.35:423][ 72]LogWindows: Error: 
[2019.04.09-20.59.35:423][ 72]LogWindows: Error: Fatal error: [File:D:\Build\++UE4\Sync\Engine\Source\Runtime\RenderCore\Private\RenderingThread.cpp] [Line: 826] 
[2019.04.09-20.59.35:423][ 72]LogWindows: Error: Rendering thread exception:
[2019.04.09-20.59.35:423][ 72]LogWindows: Error: Fatal error: [File:D:\Build\++UE4\Sync\Engine\Source\Runtime\Windows\D3D11RHI\Private\D3D11Util.cpp] [Line: 200] 
[2019.04.09-20.59.35:423][ 72]LogWindows: Error: Unreal Engine is exiting due to D3D device being lost. (Error: 0x887A0006 - 'HUNG')
[2019.04.09-20.59.35:423][ 72]LogWindows: Error: 
[2019.04.09-20.59.35:423][ 72]LogWindows: Error: 
[2019.04.09-20.59.35:423][ 72]LogWindows: Error: [Callstack] 0x00007ffb1c7a9149 KERNELBASE.dll!UnknownFunction []
[2019.04.09-20.59.35:424][ 72]LogWindows: Error: [Callstack] 0x00007ffaba2ccd1a UE4Editor-Core.dll!UnknownFunction []
[2019.04.09-20.59.35:424][ 72]LogWindows: Error: [Callstack] 0x00007ffaba0aa967 UE4Editor-Core.dll!UnknownFunction []
[2019.04.09-20.59.35:424][ 72]LogWindows: Error: [Callstack] 0x00007ffab9fe0df7 UE4Editor-Core.dll!UnknownFunction []
[2019.04.09-20.59.35:424][ 72]LogWindows: Error: [Callstack] 0x00007ffa9520d32a UE4Editor-D3D11RHI.dll!UnknownFunction []
[2019.04.09-20.59.35:424][ 72]LogWindows: Error: [Callstack] 0x00007ffa95210d64 UE4Editor-D3D11RHI.dll!UnknownFunction []
[2019.04.09-20.59.35:424][ 72]LogWindows: Error: [Callstack] 0x00007ffa951f90f3 UE4Editor-D3D11RHI.dll!UnknownFunction []
[2019.04.09-20.59.35:424][ 72]LogWindows: Error: [Callstack] 0x00007ffb086c3742 UE4Editor-RHI.dll!UnknownFunction []
[2019.04.09-20.59.35:424][ 72]LogWindows: Error: [Callstack] 0x00007ffa98706f82 UE4Editor-Renderer.dll!UnknownFunction []
[2019.04.09-20.59.35:424][ 72]LogWindows: Error: [Callstack] 0x00007ffa986dec3d UE4Editor-Renderer.dll!UnknownFunction []
[2019.04.09-20.59.35:424][ 72]LogWindows: Error: [Callstack] 0x00007ffa9860c375 UE4Editor-Renderer.dll!UnknownFunction []
[2019.04.09-20.59.35:424][ 72]LogWindows: Error: [Callstack] 0x00007ffa98b24a62 UE4Editor-Renderer.dll!UnknownFunction []
[2019.04.09-20.59.35:424][ 72]LogWindows: Error: [Callstack] 0x00007ffa98af2172 UE4Editor-Renderer.dll!UnknownFunction []
[2019.04.09-20.59.35:424][ 72]LogWindows: Error: [Callstack] 0x00007ffab9e71798 UE4Editor-Core.dll!UnknownFunction []
[2019.04.09-20.59.35:424][ 72]LogWindows: Error: [Callstack] 0x00007ffab9e71c56 UE4Editor-Core.dll!UnknownFunction []
[2019.04.09-20.59.35:424][ 72]LogWindows: Error: [Callstack] 0x00007ffb0c349af9 UE4Editor-RenderCore.dll!UnknownFunction []
[2019.04.09-20.59.35:424][ 72]LogWindows: Error: [Callstack] 0x00007ffb0c34aa74 UE4Editor-RenderCore.dll!UnknownFunction []
[2019.04.09-20.59.35:424][ 72]LogWindows: Error: [Callstack] 0x00007ffaba2cc500 UE4Editor-Core.dll!UnknownFunction []
[2019.04.09-20.59.35:424][ 72]LogWindows: Error: [Callstack] 0x00007ffaba2bcac1 UE4Editor-Core.dll!UnknownFunction []
[2019.04.09-20.59.35:424][ 72]LogWindows: Error: [Callstack] 0x00007ffb1e9181f4 KERNEL32.DLL!UnknownFunction []
[2019.04.09-20.59.35:424][ 72]LogWindows: Error: [Callstack] 0x00007ffb2046a251 ntdll.dll!UnknownFunction []
[2019.04.09-20.59.35:424][ 72]LogWindows: Error: 
[2019.04.09-20.59.35:424][ 72]LogWindows: Error: 
[2019.04.09-20.59.35:424][ 72]LogWindows: Error: 
[2019.04.09-20.59.35:424][ 72]LogWindows: Error: 
[2019.04.09-20.59.35:439][ 72]LogExit: Executing StaticShutdownAfterError
[2019.04.09-20.59.35:441][ 72]LogWindows: FPlatformMisc::RequestExit(1)
[2019.04.09-20.59.35:443][ 72]Log file closed, 04/09/19 22:59:35
